uv run mypy apps api
apps/data_pipeline/core/registry.py:18: note: By default the bodies of untyped functions are not checked, consider using --check-untyped-defs  [annotation-unchecked]
apps/data_pipeline/core/registry.py:19: note: By default the bodies of untyped functions are not checked, consider using --check-untyped-defs  [annotation-unchecked]
apps/data_pipeline/core/registry.py:20: note: By default the bodies of untyped functions are not checked, consider using --check-untyped-defs  [annotation-unchecked]
apps/data_pipeline/core/registry.py:221: error: Incompatible return value type (got "object", expected "dict[Any, Any]")  [return-value]
apps/finance/management/commands/ephemeral/analyze_historical_discount_rates.py:288: error: Incompatible types in assignment (expression has type "str", variable has type "float")  [assignment]
apps/data_pipeline/cleaners/engine.py:59: error: Argument 1 has incompatible type "str | float | None"; expected "str"  [arg-type]
apps/data_pipeline/cleaners/engine.py:184: error: Library stubs not installed for "dateutil"  [import-untyped]
apps/data_pipeline/cleaners/engine.py:184: note: Hint: "python3 -m pip install types-python-dateutil"
apps/data_pipeline/cleaners/engine.py:184: note: (or run "mypy --install-types" to install all missing stub packages)
apps/data_pipeline/cleaners/engine.py:184: note: See https://mypy.readthedocs.io/en/stable/running_mypy.html#missing-imports
apps/web_interface/examples/django-views-urls.py:199: error: Name "path" is not defined  [name-defined]
apps/web_interface/examples/django-views-urls.py:199: error: Name "views" is not defined  [name-defined]
apps/web_interface/examples/django-views-urls.py:200: error: Name "path" is not defined  [name-defined]
apps/web_interface/examples/django-views-urls.py:200: error: Name "views" is not defined  [name-defined]
apps/web_interface/examples/django-views-urls.py:201: error: Name "path" is not defined  [name-defined]
apps/web_interface/examples/django-views-urls.py:201: error: Name "views" is not defined  [name-defined]
apps/web_interface/examples/django-views-urls.py:202: error: Name "path" is not defined  [name-defined]
apps/web_interface/examples/django-views-urls.py:202: error: Name "views" is not defined  [name-defined]
apps/web_interface/examples/django-views-urls.py:203: error: Name "path" is not defined  [name-defined]
apps/web_interface/examples/django-views-urls.py:203: error: Name "views" is not defined  [name-defined]
apps/web_interface/examples/django-views-urls.py:204: error: Name "path" is not defined  [name-defined]
apps/web_interface/examples/django-views-urls.py:204: error: Name "views" is not defined  [name-defined]
apps/common/models.py:1278: error: Incompatible types in assignment (expression has type "RoomManager", base class "SoftDeleteModel" defined the type as "SoftDeleteManager")  [assignment]
apps/common/models.py:1493: error: "_ST" has no attribute "email"  [attr-defined]
apps/common/models.py:1648: error: "_ST" has no attribute "email"  [attr-defined]
apps/scholarships/models.py:325: error: Incompatible types in assignment (expression has type "SponsoredStudentManager", base class "SoftDeleteModel" defined the type as "SoftDeleteManager")  [assignment]
apps/mobile/models.py:59: error: "_ST" has no attribute "email"  [attr-defined]
apps/language/models.py:205: error: Need type annotation for "to_level"  [var-annotated]
apps/language/models.py:212: error: Need type annotation for "source_class"  [var-annotated]
apps/language/models.py:219: error: Need type annotation for "target_class"  [var-annotated]
apps/language/models.py:230: error: Need type annotation for "result"  [var-annotated]
apps/language/models.py:237: error: Need type annotation for "final_grade"  [var-annotated]
apps/language/models.py:243: error: Need type annotation for "notes"  [var-annotated]
apps/language/models.py:261: error: Need type annotation for "has_level_skip_override"  [var-annotated]
apps/language/models.py:266: error: Need type annotation for "skip_reason"  [var-annotated]
apps/language/models.py:271: error: Need type annotation for "skip_approved_by"  [var-annotated]
apps/language/models.py:329: error: Need type annotation for "student"  [var-annotated]
apps/language/models.py:338: error: Need type annotation for "current_level"  [var-annotated]
apps/language/models.py:343: error: Need type annotation for "target_level"  [var-annotated]
apps/language/models.py:348: error: Need type annotation for "program"  [var-annotated]
apps/language/models.py:353: error: Need type annotation for "levels_skipped"  [var-annotated]
apps/language/models.py:360: error: Need type annotation for "reason_category"  [var-annotated]
apps/language/models.py:366: error: Need type annotation for "detailed_reason"  [var-annotated]
apps/language/models.py:370: error: Need type annotation for "supporting_evidence"  [var-annotated]
apps/language/models.py:377: error: Need type annotation for "status"  [var-annotated]
apps/language/models.py:384: error: Need type annotation for "requested_by"  [var-annotated]
apps/language/models.py:391: error: Need type annotation for "reviewed_by"  [var-annotated]
apps/language/models.py:400: error: Need type annotation for "reviewed_at"  [var-annotated]
apps/language/models.py:406: error: Need type annotation for "review_notes"  [var-annotated]
apps/language/models.py:413: error: Need type annotation for "implemented_by"  [var-annotated]
apps/language/models.py:422: error: Need type annotation for "implemented_at"  [var-annotated]
apps/language/models.py:428: error: Need type annotation for "new_enrollment"  [var-annotated]
apps/finance/models/pricing.py:165: error: "_ST" has no attribute "code"  [attr-defined]
apps/finance/models/discounts.py:33: error: Need type annotation for "rule_name"  [var-annotated]
apps/finance/models/discounts.py:35: error: Need type annotation for "rule_type"  [var-annotated]
apps/finance/models/discounts.py:38: error: Need type annotation for "pattern_text"  [var-annotated]
apps/finance/models/discounts.py:44: error: Need type annotation for "discount_percentage"  [var-annotated]
apps/finance/models/discounts.py:53: error: Need type annotation for "fixed_amount"  [var-annotated]
apps/finance/models/discounts.py:63: error: Need type annotation for "applies_to_cycle"  [var-annotated]
apps/finance/models/discounts.py:93: error: Need type annotation for "is_active"  [var-annotated]
apps/finance/models/discounts.py:95: error: Need type annotation for "effective_date"  [var-annotated]
apps/finance/models/discounts.py:98: error: Need type annotation for "times_applied"  [var-annotated]
apps/finance/models/discounts.py:100: error: Need type annotation for "last_applied_date"  [var-annotated]
apps/finance/models/discounts.py:123: error: Need type annotation for "student"  [var-annotated]
apps/finance/models/discounts.py:129: error: Need type annotation for "invoice"  [var-annotated]
apps/finance/models/discounts.py:138: error: Need type annotation for "payment"  [var-annotated]
apps/finance/models/discounts.py:148: error: Need type annotation for "discount_rule"  [var-annotated]
apps/finance/models/discounts.py:155: error: Need type annotation for "term"  [var-annotated]
apps/finance/models/discounts.py:161: error: Need type annotation for "original_amount"  [var-annotated]
apps/finance/models/discounts.py:168: error: Need type annotation for "discount_amount"  [var-annotated]
apps/finance/models/discounts.py:175: error: Need type annotation for "final_amount"  [var-annotated]
apps/finance/models/discounts.py:183: error: Need type annotation for "applied_date"  [var-annotated]
apps/finance/models/discounts.py:189: error: Need type annotation for "payment_date"  [var-annotated]
apps/finance/models/discounts.py:194: error: Need type annotation for "authority"  [var-annotated]
apps/finance/models/discounts.py:201: error: Need type annotation for "approval_status"  [var-annotated]
apps/finance/models/discounts.py:212: error: Need type annotation for "notes"  [var-annotated]
apps/finance/models/discounts.py:219: error: Need type annotation for "legacy_receipt_ipk"  [var-annotated]
apps/finance/models/administrative.py:35: error: Need type annotation for "cycle_type"  [var-annotated]
apps/finance/models/administrative.py:42: error: Need type annotation for "fee_amount"  [var-annotated]
apps/finance/models/administrative.py:49: error: Need type annotation for "included_document_units"  [var-annotated]
apps/finance/models/administrative.py:52: error: Need type annotation for "quota_validity_days"  [var-annotated]
apps/finance/models/administrative.py:55: error: Need type annotation for "is_active"  [var-annotated]
apps/finance/models/administrative.py:58: error: Need type annotation for "effective_date"  [var-annotated]
apps/finance/models/administrative.py:61: error: Need type annotation for "end_date"  [var-annotated]
apps/finance/models/administrative.py:64: error: Need type annotation for "notes"  [var-annotated]
apps/finance/models/administrative.py:78: error: "AdministrativeFeeConfig" has no attribute "get_cycle_type_display"  [attr-defined]
apps/finance/models/administrative.py:102: error: Need type annotation for "invoice_line_item"  [var-annotated]
apps/finance/models/administrative.py:109: error: Need type annotation for "document_request"  [var-annotated]
apps/finance/models/administrative.py:116: error: Need type annotation for "units_charged"  [var-annotated]
apps/finance/models/administrative.py:117: error: Need type annotation for "unit_price"  [var-annotated]
apps/data_pipeline/management/commands/run_pipeline.py:14: error: Module "apps.data_pipeline.core.pipeline" has no attribute "DataPipeline"  [attr-defined]
apps/data_pipeline/management/commands/run_pipeline.py:15: error: Module "apps.data_pipeline.core.registry" has no attribute "TableRegistry"  [attr-defined]
apps/data_pipeline/management/commands/run_pipeline.py:189: error: "PipelineRun" has no attribute "id"  [attr-defined]
apps/data_pipeline/management/commands/run_pipeline.py:193: error: "PipelineRun" has no attribute "id"  [attr-defined]
apps/curriculum/models.py:152: error: "_ST" has no attribute "short_name"  [attr-defined]
apps/curriculum/models.py:152: error: "_ST" has no attribute "name"  [attr-defined]
apps/curriculum/models.py:297: error: "_ST" has no attribute "division"  [attr-defined]
apps/curriculum/models.py:297: error: "_ST" has no attribute "name"  [attr-defined]
apps/curriculum/models.py:321: error: "Major" has no attribute "courses"  [attr-defined]
apps/curriculum/models.py:322: error: "Major" has no attribute "courses"  [attr-defined]
apps/curriculum/models.py:628: error: "_ST" has no attribute "short_name"  [attr-defined]
apps/curriculum/models.py:645: error: "_ST" has no attribute "name"  [attr-defined]
apps/curriculum/models.py:886: error: "_ST" has no attribute "code"  [attr-defined]
apps/curriculum/models.py:1009: error: "_ST" has no attribute "code"  [attr-defined]
apps/curriculum/models.py:1014: error: "_ST" has no attribute "code"  [attr-defined]
apps/curriculum/models.py:1235: error: "_ST" has no attribute "code"  [attr-defined]
apps/common/audit_decorators.py:256: error: Incompatible return value type (got "_Wrapped[[VarArg(Any), KwArg(Any)], Any, [VarArg(Any), KwArg(Any)], Any]", expected "F")  [return-value]
apps/accounts/models.py:254: error: "_ST" has no attribute "code"  [attr-defined]
apps/accounts/models.py:271: error: "Position" has no attribute "direct_reports"  [attr-defined]
apps/accounts/models.py:298: error: Incompatible types in assignment (expression has type "_ST", variable has type "Position | None")  [assignment]
apps/accounts/models.py:304: error: Incompatible types in assignment (expression has type "_ST", variable has type "Position | None")  [assignment]
apps/accounts/models.py:437: error: "_ST" has no attribute "full_name"  [attr-defined]
apps/accounts/models.py:437: error: "_ST" has no attribute "title"  [attr-defined]
apps/accounts/models.py:468: error: Incompatible return value type (got "_ST", expected "PositionAssignment")  [return-value]
apps/accounts/models.py:631: error: "_ST" has no attribute "person"  [attr-defined]
apps/accounts/models.py:631: error: "_ST" has no attribute "name"  [attr-defined]
apps/accounts/models.py:660: error: "_ST" has no attribute "code"  [attr-defined]
apps/accounts/models.py:706: error: "_ST" has no attribute "code"  [attr-defined]
apps/accounts/models.py:829: error: "_ST" has no attribute "code"  [attr-defined]
apps/accounts/models.py:846: error: "Role" has no attribute "role_permissions"  [attr-defined]
apps/accounts/models.py:854: error: "_ST" has no attribute "get_all_permissions"  [attr-defined]
apps/accounts/models.py:865: error: Incompatible types in assignment (expression has type "_ST", variable has type "Role | None")  [assignment]
apps/accounts/models.py:871: error: Incompatible types in assignment (expression has type "_ST", variable has type "Role | None")  [assignment]
apps/accounts/models.py:937: error: "_ST" has no attribute "code"  [attr-defined]
apps/accounts/models.py:938: error: "_ST" has no attribute "email"  [attr-defined]
apps/accounts/models.py:938: error: "_ST" has no attribute "name"  [attr-defined]
apps/accounts/models.py:944: error: "_ST" has no attribute "is_global_role"  [attr-defined]
apps/accounts/models.py:953: error: "_ST" has no attribute "is_global_role"  [attr-defined]
apps/accounts/models.py:1019: error: "_ST" has no attribute "model"  [attr-defined]
apps/accounts/models.py:1133: error: "_ST" has no attribute "code"  [attr-defined]
apps/accounts/models.py:1155: error: "_ST" has no attribute "app_label"  [attr-defined]
apps/accounts/models.py:1155: error: "_ST" has no attribute "model"  [attr-defined]
apps/academic/models/transfer.py:39: error: Need type annotation for "original_course"  [var-annotated]
apps/academic/models/transfer.py:46: error: Need type annotation for "equivalent_course"  [var-annotated]
apps/academic/models/transfer.py:53: error: Need type annotation for "bidirectional"  [var-annotated]
apps/academic/models/transfer.py:60: error: Need type annotation for "effective_term"  [var-annotated]
apps/academic/models/transfer.py:67: error: Need type annotation for "end_term"  [var-annotated]
apps/academic/models/transfer.py:78: error: Need type annotation for "reason"  [var-annotated]
apps/academic/models/transfer.py:82: error: Need type annotation for "is_active"  [var-annotated]
apps/academic/models/transfer.py:87: error: Need type annotation for "approved_by"  [var-annotated]
apps/academic/models/transfer.py:94: error: Need type annotation for "approval_date"  [var-annotated]
apps/academic/models/transfer.py:119: error: "CourseEquivalency" has no attribute "original_course_id"; maybe "original_course"?  [attr-defined]
apps/academic/models/transfer.py:119: error: "CourseEquivalency" has no attribute "equivalent_course_id"; maybe "equivalent_course"?  [attr-defined]
apps/academic/models/transfer.py:125: error: "CourseEquivalency" has no attribute "effective_term_id"; maybe "effective_term"?  [attr-defined]
apps/academic/models/transfer.py:126: error: "CourseEquivalency" has no attribute "end_term_id"; maybe "end_term"?  [attr-defined]
apps/academic/models/transfer.py:167: error: Need type annotation for "student"  [var-annotated]
apps/academic/models/transfer.py:175: error: Need type annotation for "external_institution"  [var-annotated]
apps/academic/models/transfer.py:180: error: Need type annotation for "external_course_code"  [var-annotated]
apps/academic/models/transfer.py:185: error: Need type annotation for "external_course_name"  [var-annotated]
apps/academic/models/transfer.py:190: error: Need type annotation for "external_credits"  [var-annotated]
apps/academic/models/transfer.py:200: error: Need type annotation for "external_grade"  [var-annotated]
apps/academic/models/transfer.py:208: error: Need type annotation for "equivalent_course"  [var-annotated]
apps/academic/models/transfer.py:217: error: Need type annotation for "awarded_credits"  [var-annotated]
apps/academic/models/transfer.py:229: error: Need type annotation for "credit_type"  [var-annotated]
apps/academic/models/transfer.py:235: error: Need type annotation for "term_taken"  [var-annotated]
apps/academic/models/transfer.py:241: error: Need type annotation for "year_taken"  [var-annotated]
apps/academic/models/transfer.py:249: error: Need type annotation for "approval_status"  [var-annotated]
apps/academic/models/transfer.py:255: error: Need type annotation for "reviewed_by"  [var-annotated]
apps/academic/models/transfer.py:263: error: Need type annotation for "review_date"  [var-annotated]
apps/academic/models/transfer.py:268: error: Need type annotation for "review_notes"  [var-annotated]
apps/academic/models/transfer.py:275: error: Need type annotation for "documentation"  [var-annotated]
apps/academic/models/canonical.py:54: error: Need type annotation for "major"  [var-annotated]
apps/academic/models/canonical.py:61: error: Need type annotation for "sequence_number"  [var-annotated]
apps/academic/models/canonical.py:69: error: Need type annotation for "required_course"  [var-annotated]
apps/academic/models/canonical.py:76: error: Need type annotation for "name"  [var-annotated]
apps/academic/models/canonical.py:81: error: Need type annotation for "description"  [var-annotated]
apps/academic/models/canonical.py:88: error: Need type annotation for "effective_term"  [var-annotated]
apps/academic/models/canonical.py:95: error: Need type annotation for "end_term"  [var-annotated]
apps/academic/models/canonical.py:106: error: Need type annotation for "is_active"  [var-annotated]
apps/academic/models/canonical.py:111: error: Need type annotation for "notes"  [var-annotated]
apps/academic/models/canonical.py:157: error: "CanonicalRequirement" has no attribute "effective_term_id"; maybe "effective_term"?  [attr-defined]
apps/academic/models/canonical.py:158: error: "CanonicalRequirement" has no attribute "end_term_id"; maybe "end_term"?  [attr-defined]
apps/academic/models/canonical.py:166: error: "CanonicalRequirement" has no attribute "major_id"; maybe "major"?  [attr-defined]
apps/academic/models/canonical.py:166: error: "CanonicalRequirement" has no attribute "required_course_id"; maybe "required_course"?  [attr-defined]
apps/academic/models/canonical.py:166: error: "CanonicalRequirement" has no attribute "effective_term_id"; maybe "effective_term"?  [attr-defined]
apps/scholarships/tests/factories.py:47: error: Missing positional arguments "instance", "step", "extra" in call to "evaluate"  [call-arg]
apps/scholarships/tests/factories.py:142: error: "type[ScholarshipType]" has no attribute "ATHLETIC"  [attr-defined]
apps/scholarships/tests/factories.py:216: error: "type[ScholarshipType]" has no attribute "ATHLETIC"  [attr-defined]
apps/moodle/tests/test_models.py:10: error: Module "apps.moodle.models" has no attribute "MoodleHealthCheck"  [attr-defined]
apps/moodle/tests/test_models.py:10: error: Module "apps.moodle.models" has no attribute "MoodleSync"; maybe "MoodleSyncStatus"?  [attr-defined]
apps/finance/models/gl.py:423: error: "JournalEntry" has no attribute "line_items"  [attr-defined]
apps/finance/management/commands/ephemeral/extract_discount_dates.py:76: error: Need type annotation for "term_analysis"  [var-annotated]
apps/finance/management/commands/ephemeral/extract_discount_dates.py:117: error: Unsupported operand types for + ("object" and "int")  [operator]
apps/finance/management/commands/ephemeral/extract_discount_dates.py:123: error: "object" has no attribute "append"  [attr-defined]
apps/finance/management/commands/ephemeral/extract_discount_dates.py:131: error: Unsupported operand types for + ("object" and "int")  [operator]
apps/finance/management/commands/ephemeral/extract_discount_dates.py:141: error: "object" has no attribute "append"  [attr-defined]
apps/finance/management/commands/ephemeral/extract_discount_dates.py:154: error: "object" has no attribute "append"  [attr-defined]
apps/finance/management/commands/ephemeral/extract_discount_dates.py:293: error: "type[datetime]" has no attribute "timedelta"  [attr-defined]
apps/enrollment/models_progression.py:847: error: "CertificateIssuance" has no attribute "get_certificate_type_display"  [attr-defined]
apps/curriculum/tests/factories.py:245: error: "Faker" has no attribute "generate"  [attr-defined]
apps/curriculum/tests/factories.py:248: error: "Faker" has no attribute "generate"  [attr-defined]
apps/curriculum/tests/factories.py:252: error: "Faker" has no attribute "generate"  [attr-defined]
apps/curriculum/management/commands/production/load_courses_from_v0.py:108: error: "type[Course]" has no attribute "CourseLevel"  [attr-defined]
apps/curriculum/management/commands/production/load_courses_from_v0.py:109: error: "type[Course]" has no attribute "CourseLevel"  [attr-defined]
apps/curriculum/management/commands/production/load_courses_from_v0.py:110: error: "type[Course]" has no attribute "CourseLevel"  [attr-defined]
apps/curriculum/management/commands/production/load_courses_from_v0.py:114: error: "type[Course]" has no attribute "CourseLevel"  [attr-defined]
apps/curriculum/factories/__init__.py:138: error: Incompatible types in assignment (expression has type "int", base class "CourseFactory" defined the type as "LazyAttribute")  [assignment]
apps/curriculum/factories/__init__.py:146: error: Incompatible types in assignment (expression has type "int", base class "CourseFactory" defined the type as "LazyAttribute")  [assignment]
apps/common/crud/mixins.py:286: error: "get_context_data" undefined in superclass  [misc]
apps/common/crud/mixins.py:328: error: "render_to_response" undefined in superclass  [misc]
apps/common/crud/mixins.py:420: error: Incompatible types in assignment (expression has type "Cell | MergedCell", variable has type "Cell")  [assignment]
apps/common/crud/mixins.py:453: error: "get_success_url" undefined in superclass  [misc]
apps/common/crud/mixins.py:457: error: "form_valid" undefined in superclass  [misc]
apps/common/crud/mixins.py:467: error: "get_context_data" undefined in superclass  [misc]
apps/common/crud/mixins.py:488: error: "CRUDFormMixin" has no attribute "model"  [attr-defined]
apps/common/crud/mixins.py:517: error: "get_context_data" undefined in superclass  [misc]
apps/common/crud/mixins.py:580: error: "get_success_url" undefined in superclass  [misc]
apps/common/crud/mixins.py:592: error: "get_context_data" undefined in superclass  [misc]
apps/academic/models/fulfillment.py:49: error: Need type annotation for "student"  [var-annotated]
apps/academic/models/fulfillment.py:56: error: Need type annotation for "canonical_requirement"  [var-annotated]
apps/academic/models/fulfillment.py:65: error: Need type annotation for "fulfillment_method"  [var-annotated]
apps/academic/models/fulfillment.py:72: error: Need type annotation for "fulfillment_date"  [var-annotated]
apps/academic/models/fulfillment.py:78: error: Need type annotation for "fulfilling_enrollment"  [var-annotated]
apps/academic/models/fulfillment.py:88: error: Need type annotation for "fulfilling_transfer"  [var-annotated]
apps/academic/models/fulfillment.py:98: error: Need type annotation for "fulfilling_exception"  [var-annotated]
apps/academic/models/fulfillment.py:109: error: Need type annotation for "credits_earned"  [var-annotated]
apps/academic/models/fulfillment.py:116: error: Need type annotation for "grade"  [var-annotated]
apps/academic/models/fulfillment.py:124: error: Need type annotation for "is_active"  [var-annotated]
apps/academic/models/fulfillment.py:130: error: Need type annotation for "notes"  [var-annotated]
apps/academic/models/fulfillment.py:137: error: Need type annotation for "completion_status"  [var-annotated]
apps/academic/models/fulfillment.py:151: error: Need type annotation for "last_updated"  [var-annotated]
apps/academic/models/fulfillment.py:173: error: "StudentDegreeProgress" has no attribute "get_fulfillment_method_display"  [attr-defined]
apps/academic/models/fulfillment.py:182: error: "StudentDegreeProgress" has no attribute "fulfilling_enrollment_id"; maybe "fulfilling_enrollment"?  [attr-defined]
apps/academic/models/fulfillment.py:183: error: "StudentDegreeProgress" has no attribute "fulfilling_transfer_id"; maybe "fulfilling_transfer"?  [attr-defined]
apps/academic/models/fulfillment.py:184: error: "StudentDegreeProgress" has no attribute "fulfilling_exception_id"; maybe "fulfilling_exception"?  [attr-defined]
apps/academic/models/fulfillment.py:189: error: "StudentDegreeProgress" has no attribute "fulfilling_enrollment_id"; maybe "fulfilling_enrollment"?  [attr-defined]
apps/academic/models/fulfillment.py:195: error: "StudentDegreeProgress" has no attribute "fulfilling_transfer_id"; maybe "fulfilling_transfer"?  [attr-defined]
apps/academic/models/fulfillment.py:204: error: "StudentDegreeProgress" has no attribute "fulfilling_exception_id"; maybe "fulfilling_exception"?  [attr-defined]
apps/academic/models/fulfillment.py:215: error: "StudentDegreeProgress" has no attribute "fulfilling_enrollment_id"; maybe "fulfilling_enrollment"?  [attr-defined]
apps/academic/models/fulfillment.py:220: error: "StudentDegreeProgress" has no attribute "fulfilling_transfer_id"; maybe "fulfilling_transfer"?  [attr-defined]
apps/academic/models/fulfillment.py:225: error: "StudentDegreeProgress" has no attribute "fulfilling_exception_id"; maybe "fulfilling_exception"?  [attr-defined]
apps/academic/models/exceptions.py:68: error: Need type annotation for "student"  [var-annotated]
apps/academic/models/exceptions.py:74: error: Need type annotation for "canonical_requirement"  [var-annotated]
apps/academic/models/exceptions.py:83: error: Need type annotation for "exception_type"  [var-annotated]
apps/academic/models/exceptions.py:91: error: Need type annotation for "fulfilling_course"  [var-annotated]
apps/academic/models/exceptions.py:100: error: Need type annotation for "fulfilling_transfer_credit"  [var-annotated]
apps/academic/models/exceptions.py:109: error: Need type annotation for "is_waived"  [var-annotated]
apps/academic/models/exceptions.py:116: error: Need type annotation for "reason"  [var-annotated]
apps/academic/models/exceptions.py:120: error: Need type annotation for "supporting_documentation"  [var-annotated]
apps/academic/models/exceptions.py:127: error: Need type annotation for "effective_term"  [var-annotated]
apps/academic/models/exceptions.py:134: error: Need type annotation for "expiration_term"  [var-annotated]
apps/academic/models/exceptions.py:145: error: Need type annotation for "approval_status"  [var-annotated]
apps/academic/models/exceptions.py:152: error: Need type annotation for "requested_by"  [var-annotated]
apps/academic/models/exceptions.py:159: error: Need type annotation for "approved_by"  [var-annotated]
apps/academic/models/exceptions.py:167: error: Need type annotation for "approval_date"  [var-annotated]
apps/academic/models/exceptions.py:172: error: Need type annotation for "rejection_reason"  [var-annotated]
apps/academic/models/exceptions.py:179: error: Need type annotation for "notes"  [var-annotated]
apps/academic/models/exceptions.py:260: error: "StudentRequirementException" has no attribute "effective_term_id"; maybe "effective_term"?  [attr-defined]
apps/academic/models/exceptions.py:261: error: "StudentRequirementException" has no attribute "expiration_term_id"; maybe "expiration_term"?  [attr-defined]
apps/academic/models/exceptions.py:303: error: Need type annotation for "student"  [var-annotated]
apps/academic/models/exceptions.py:309: error: Need type annotation for "original_course"  [var-annotated]
apps/academic/models/exceptions.py:316: error: Need type annotation for "substitute_course"  [var-annotated]
apps/academic/models/exceptions.py:325: error: Need type annotation for "reason"  [var-annotated]
apps/academic/models/exceptions.py:331: error: Need type annotation for "detailed_reason"  [var-annotated]
apps/academic/models/exceptions.py:337: error: Need type annotation for "effective_term"  [var-annotated]
apps/academic/models/exceptions.py:344: error: Need type annotation for "expiration_term"  [var-annotated]
apps/academic/models/exceptions.py:355: error: Need type annotation for "approval_status"  [var-annotated]
apps/academic/models/exceptions.py:361: error: Need type annotation for "requested_by"  [var-annotated]
apps/academic/models/exceptions.py:368: error: Need type annotation for "request_date"  [var-annotated]
apps/academic/models/exceptions.py:372: error: Need type annotation for "approved_by"  [var-annotated]
apps/academic/models/exceptions.py:380: error: Need type annotation for "approval_date"  [var-annotated]
apps/academic/models/exceptions.py:385: error: Need type annotation for "rejection_reason"  [var-annotated]
apps/academic/models/exceptions.py:392: error: Need type annotation for "supporting_documentation"  [var-annotated]
apps/academic/models/exceptions.py:397: error: Need type annotation for "academic_advisor_notes"  [var-annotated]
apps/academic/models/exceptions.py:460: error: "StudentCourseOverride" has no attribute "effective_term_id"; maybe "effective_term"?  [attr-defined]
apps/academic/models/exceptions.py:461: error: "StudentCourseOverride" has no attribute "expiration_term_id"; maybe "expiration_term"?  [attr-defined]
apps/web_interface/utils.py:506: error: "str" not callable  [operator]
apps/web_interface/utils.py:511: error: "WebSocketTestMixin" has no attribute "user"  [attr-defined]
apps/moodle/tests/test_services.py:11: error: Module "apps.moodle.services" has no attribute "MoodleIntegrationService"  [attr-defined]
apps/common/admin_audit.py:192: error: "StudentActivityLog" has no attribute "get_activity_type_display"  [attr-defined]
apps/common/admin_audit.py:245: error: "StudentActivityLog" has no attribute "get_visibility_display"  [attr-defined]
apps/common/admin_audit.py:360: error: Item "AbstractBaseUser" of "AbstractBaseUser | AnonymousUser" has no attribute "is_superuser"  [union-attr]
apps/accounts/admin.py:65: error: "Department" has no attribute "roles"  [attr-defined]
apps/accounts/admin.py:70: error: "Department" has no attribute "user_roles"  [attr-defined]
apps/accounts/admin.py:162: error: "Role" has no attribute "user_assignments"  [attr-defined]
apps/accounts/admin.py:239: error: "_ST" has no attribute "role_type"  [attr-defined]
apps/accounts/admin.py:254: error: "_ST" has no attribute "get_role_type_display"  [attr-defined]
apps/accounts/admin.py:318: error: "Permission" has no attribute "role_assignments"  [attr-defined]
apps/accounts/admin.py:452: error: Access to generic instance variables via class is ambiguous  [misc]
apps/accounts/tests/tests.py:15: error: Module "apps.accounts.services" has no attribute "RoleService"  [attr-defined]
apps/moodle/admin.py:38: error: "Callable[[MoodleSyncStatusAdmin, Any], Any]" has no attribute "short_description"  [attr-defined]
apps/moodle/admin.py:120: error: "Callable[[MoodleEnrollmentMappingAdmin, Any], Any]" has no attribute "short_description"  [attr-defined]
apps/moodle/admin.py:170: error: "Callable[[MoodleAPILogAdmin, Any], Any]" has no attribute "short_description"  [attr-defined]
apps/moodle/admin.py:178: error: "Callable[[MoodleAPILogAdmin, Any], Any]" has no attribute "short_description"  [attr-defined]
apps/moodle/admin.py:179: error: "Callable[[MoodleAPILogAdmin, Any], Any]" has no attribute "admin_order_field"  [attr-defined]
apps/moodle/admin.py:199: error: Access to generic instance variables via class is ambiguous  [misc]
apps/common/admin.py:348: error: "Callable[[SystemAuditLogAdmin, Any], Any]" has no attribute "short_description"  [attr-defined]
apps/common/admin.py:356: error: "Callable[[SystemAuditLogAdmin, Any], Any]" has no attribute "short_description"  [attr-defined]
apps/academic/services/canonical.py:200: error: "CanonicalRequirement" has no attribute "id"  [attr-defined]
apps/academic/services/canonical.py:215: error: "CanonicalRequirement" has no attribute "id"  [attr-defined]
apps/academic/services/exceptions.py:83: error: "StudentRequirementException" has no attribute "student_id"; maybe "student"?  [attr-defined]
apps/academic/services/exceptions.py:84: error: "StudentRequirementException" has no attribute "canonical_requirement_id"; maybe "canonical_requirement"?  [attr-defined]
apps/academic/services/exceptions.py:171: error: "StudentRequirementException" has no attribute "student_id"; maybe "student"?  [attr-defined]
apps/academic/services/exceptions.py:172: error: "StudentRequirementException" has no attribute "canonical_requirement_id"; maybe "canonical_requirement"?  [attr-defined]
apps/academic/services/exceptions.py:358: error: "StudentCourseOverride" has no attribute "student_id"; maybe "student"?  [attr-defined]
apps/academic/services/exceptions.py:442: error: "StudentCourseOverride" has no attribute "student_id"; maybe "student"?  [attr-defined]
apps/finance/management/commands/production/refresh_legacy_tables.py:240: error: Argument 1 to "LegacyStudent" has incompatible type "**dict[str | Any, str | Any]"; expected "int"  [arg-type]
apps/finance/management/commands/production/refresh_legacy_tables.py:240: error: Argument 1 to "LegacyStudent" has incompatible type "**dict[str | Any, str | Any]"; expected "datetime"  [arg-type]
apps/finance/management/commands/production/refresh_legacy_tables.py:303: error: Argument 1 to "LegacyReceiptHeader" has incompatible type "**dict[str | Any, str | Any]"; expected "int"  [arg-type]
apps/finance/management/commands/production/refresh_legacy_tables.py:303: error: Argument 1 to "LegacyReceiptHeader" has incompatible type "**dict[str | Any, str | Any]"; expected "float"  [arg-type]
apps/finance/management/commands/production/refresh_legacy_tables.py:303: error: Argument 1 to "LegacyReceiptHeader" has incompatible type "**dict[str | Any, str | Any]"; expected "datetime"  [arg-type]
apps/data_pipeline/management/commands/validate_configs.py:12: error: Module "apps.data_pipeline.core.registry" has no attribute "TableRegistry"  [attr-defined]
apps/scheduling/models_templates.py:155: error: "ClassPartTemplateSet" has no attribute "templates"  [attr-defined]
apps/scheduling/models.py:147: error: "CombinedCourseTemplate" has no attribute "combined_class_instances"  [attr-defined]
apps/scheduling/models.py:294: error: "_ST" has no attribute "name"  [attr-defined]
apps/scheduling/models.py:319: error: "_ST" has no attribute "course_count"  [attr-defined]
apps/scheduling/models.py:355: error: "_ST" has no attribute "status"  [attr-defined]
apps/scheduling/models.py:372: error: "_ST" has no attribute "name"  [attr-defined]
apps/scheduling/models.py:433: error: "CombinedClassGroup" has no attribute "member_class_headers"  [attr-defined]
apps/scheduling/models.py:602: error: "_ST" has no attribute "code"  [attr-defined]
apps/scheduling/models.py:607: error: "_ST" has no attribute "title"  [attr-defined]
apps/scheduling/models.py:638: error: "_ST" has no attribute "course_codes"  [attr-defined]
apps/scheduling/models.py:639: error: "_ST" has no attribute "code"  [attr-defined]
apps/scheduling/models.py:667: error: Argument 1 to "validate_language_class_creation" has incompatible type "_ST"; expected "Course"  [arg-type]
apps/scheduling/models.py:692: error: "_ST" has no attribute "term_id"  [attr-defined]
apps/scheduling/models.py:692: error: "ClassHeader" has no attribute "term_id"  [attr-defined]
apps/scheduling/models.py:693: error: "_ST" has no attribute "section_id"  [attr-defined]
apps/scheduling/models.py:694: error: "_ST" has no attribute "time_of_day"  [attr-defined]
apps/scheduling/models.py:767: error: "ClassHeader" has no attribute "class_sessions"  [attr-defined]
apps/scheduling/models.py:775: error: "ClassHeader" has no attribute "class_sessions"  [attr-defined]
apps/scheduling/models.py:783: error: "ClassHeader" has no attribute "class_sessions"  [attr-defined]
apps/scheduling/models.py:936: error: "_ST" has no attribute "class_type"  [attr-defined]
apps/scheduling/models.py:943: error: "_ST" has no attribute "class_sessions"  [attr-defined]
apps/scheduling/models.py:948: error: "ClassSession" has no attribute "class_parts"  [attr-defined]
apps/scheduling/models.py:987: error: "ClassSession" has no attribute "class_parts"  [attr-defined]
apps/scheduling/models.py:1155: error: "ClassPart" has no attribute "get_class_part_type_display"  [attr-defined]
apps/scheduling/models.py:1161: error: "ClassPart" has no attribute "get_class_part_type_display"  [attr-defined]
apps/scheduling/models.py:1162: error: "_ST" has no attribute "class_header"  [attr-defined]
apps/scheduling/models.py:1167: error: "_ST" has no attribute "class_header"  [attr-defined]
apps/scheduling/models.py:1338: error: "ReadingClass" has no attribute "get_tier_display"  [attr-defined]
apps/scheduling/models.py:1492: error: "TestPeriodReset" has no attribute "get_test_type_display"  [attr-defined]
apps/scheduling/models.py:1564: error: "_ST" has no attribute "start_date"  [attr-defined]
apps/scheduling/models.py:1564: error: "_ST" has no attribute "end_date"  [attr-defined]
apps/scheduling/models.py:1759: error: "_ST" has no attribute "person"  [attr-defined]
apps/scheduling/models.py:1759: error: "TeacherLeaveRequest" has no attribute "get_leave_type_display"  [attr-defined]
apps/scheduling/validators.py:71: error: "ClassPartTemplateSet" has no attribute "templates"  [attr-defined]
apps/scheduling/validators.py:90: error: "_ST" has no attribute "code"  [attr-defined]
apps/scheduling/validators.py:91: error: "_ST" has no attribute "code"  [attr-defined]
apps/scheduling/validators.py:96: error: "ClassHeader" has no attribute "class_sessions"  [attr-defined]
apps/scheduling/validators.py:98: error: "_ST" has no attribute "code"  [attr-defined]
apps/scheduling/validators.py:111: error: "_ST" has no attribute "code"  [attr-defined]
apps/enrollment/models.py:367: error: "ProgramEnrollment" has no attribute "get_enrollment_type_display"  [attr-defined]
apps/enrollment/models.py:450: error: "ProgramEnrollment" has no attribute "start_term_id"; maybe "start_term"?  [attr-defined]
apps/enrollment/models.py:451: error: "ProgramEnrollment" has no attribute "end_term_id"; maybe "end_term"?  [attr-defined]
apps/enrollment/models.py:452: error: "_ST" has no attribute "start_date"  [attr-defined]
apps/enrollment/models.py:568: error: "_ST" has no attribute "code"  [attr-defined]
apps/enrollment/models.py:890: error: "ClassHeaderEnrollment" has no attribute "class_header_id"; maybe "class_header"?  [attr-defined]
apps/enrollment/models.py:890: error: "ClassHeaderEnrollment" has no attribute "get_status_display"  [attr-defined]
apps/enrollment/models.py:1039: error: "ClassPartEnrollment" has no attribute "class_part_id"; maybe "class_part"?  [attr-defined]
apps/enrollment/models.py:1131: error: "_ST" has no attribute "student"  [attr-defined]
apps/enrollment/models.py:1141: error: "_ST" has no attribute "class_header"  [attr-defined]
apps/enrollment/models.py:1584: error: "_ST" has no attribute "code"  [attr-defined]
apps/enrollment/models.py:1751: error: "StudentCycleStatus" has no attribute "get_cycle_type_display"  [attr-defined]
apps/enrollment/services.py:71: error: Incompatible return value type (got "AbstractBaseUser", expected "User")  [return-value]
apps/enrollment/services.py:75: error: "Manager[AbstractBaseUser]" has no attribute "create_user"  [attr-defined]
apps/enrollment/services.py:1746: error: Redundant cast to "ClassHeaderEnrollment"  [redundant-cast]
apps/enrollment/services.py:2329: error: "StudentProfile" has no attribute "program_enrollments"  [attr-defined]
apps/common/api_auth.py:102: error: "AbstractBaseUser" has no attribute "is_staff"  [attr-defined]
apps/common/api_auth.py:102: error: "AbstractBaseUser" has no attribute "is_superuser"  [attr-defined]
apps/web_interface/views/schedule_views.py:148: error: "Term" has no attribute "id"  [attr-defined]
apps/web_interface/views/schedule_views.py:217: error: "Course" has no attribute "credit_hours"  [attr-defined]
apps/web_interface/views/schedule_views.py:377: error: "ClassHeader" has no attribute "get_current_enrollment_count"  [attr-defined]
apps/web_interface/views/schedule_views.py:384: error: "ClassHeader" has no attribute "is_active"  [attr-defined]
apps/web_interface/views/schedule_views.py:388: error: "ClassHeader" has no attribute "classsession_set"  [attr-defined]
apps/web_interface/views/grade_views.py:134: error: "_ST" has no attribute "class_header"  [attr-defined]
apps/web_interface/views/grade_views.py:176: error: "_ST" has no attribute "class_header"  [attr-defined]
apps/web_interface/views/grade_views.py:178: error: "GradingScale" has no attribute "grade_conversions"  [attr-defined]
apps/web_interface/views/grade_views.py:197: error: "_ST" has no attribute "class_header"  [attr-defined]
apps/web_interface/views/grade_views.py:199: error: "GradingScale" has no attribute "grade_conversions"  [attr-defined]
apps/scholarships/services/unified_scholarship_service.py:138: error: "_ST" has no attribute "is_active"  [attr-defined]
apps/scholarships/services/unified_scholarship_service.py:141: error: Argument 1 to "_is_mou_active_during_term" of "UnifiedScholarshipService" has incompatible type "_ST"; expected "Sponsor"  [arg-type]
apps/scholarships/services/unified_scholarship_service.py:147: error: "_ST" has no attribute "default_discount_percentage"  [attr-defined]
apps/scholarships/services/unified_scholarship_service.py:150: error: "_ST" has no attribute "name"  [attr-defined]
apps/scholarships/services/unified_scholarship_service.py:151: error: "_ST" has no attribute "payment_mode"  [attr-defined]
apps/scholarships/services/unified_scholarship_service.py:152: error: "_ST" has no attribute "code"  [attr-defined]
apps/scholarships/services/unified_scholarship_service.py:154: error: "SponsoredStudent" has no attribute "id"  [attr-defined]
apps/scholarships/services/unified_scholarship_service.py:155: error: "_ST" has no attribute "name"  [attr-defined]
apps/scholarships/services/unified_scholarship_service.py:155: error: "_ST" has no attribute "code"  [attr-defined]
apps/scholarships/services/unified_scholarship_service.py:190: error: "Scholarship" has no attribute "id"  [attr-defined]
apps/scheduling/views.py:40: error: "get_context_data" undefined in superclass  [misc]
apps/scheduling/views.py:53: error: "SchedulingBaseMixin" has no attribute "request"  [attr-defined]
apps/scheduling/views.py:60: error: Module "django.utils.timezone" does not explicitly export attribute "timedelta"  [attr-defined]
apps/scheduling/views.py:87: error: Module "django.utils.timezone" does not explicitly export attribute "timedelta"  [attr-defined]
apps/scheduling/views.py:97: error: "list[Any]" has no attribute "order_by"  [attr-defined]
apps/scheduling/views.py:107: error: Module "django.utils.timezone" does not explicitly export attribute "timedelta"  [attr-defined]
apps/scheduling/views.py:108: error: Module "django.utils.timezone" does not explicitly export attribute "timedelta"  [attr-defined]
apps/scheduling/views.py:115: error: Module "django.utils.timezone" does not explicitly export attribute "timedelta"  [attr-defined]
apps/scheduling/views.py:116: error: Module "django.utils.timezone" does not explicitly export attribute "timedelta"  [attr-defined]
apps/scheduling/views.py:264: error: Incompatible return value type (got "list[Any]", expected "QuerySet[ClassHeader, ClassHeader]")  [return-value]
apps/scheduling/tests/factories.py:53: error: Module has no attribute "factory"; maybe "Factory"?  [attr-defined]
apps/scheduling/tests/factories.py:61: error: Module has no attribute "datetime"  [attr-defined]
apps/scheduling/tests/factories.py:62: error: Module has no attribute "factory"; maybe "Factory"?  [attr-defined]
apps/scheduling/tests/factories.py:70: error: Module has no attribute "factory"; maybe "Factory"?  [attr-defined]
apps/scheduling/tests/factories.py:94: error: Module has no attribute "factory"; maybe "Factory"?  [attr-defined]
apps/scheduling/template_services/template_service.py:73: error: "_ST" has no attribute "code"  [attr-defined]
apps/scheduling/template_services/template_service.py:105: error: "ClassHeader" has no attribute "class_sessions"  [attr-defined]
apps/scheduling/template_services/template_service.py:236: error: "_ST" has no attribute "code"  [attr-defined]
apps/scheduling/template_services/template_service.py:238: error: "_ST" has no attribute "code"  [attr-defined]
apps/scheduling/template_services/template_service.py:242: error: "_ST" has no attribute "code"  [attr-defined]
apps/people/views_audit_example.py:17: error: Module "apps.people.models" has no attribute "Student"  [attr-defined]
apps/people/tasks.py:18: error: Module "apps.people.utils" has no attribute "PhotoReminder"  [attr-defined]
apps/people/tests/tests.py:48: error: Module "apps.people.models" has no attribute "TeacherLeaveRequest"  [attr-defined]
apps/people/tests/test_models.py:6: error: Module "apps.common.constants" has no attribute "Gender"  [attr-defined]
apps/people/tests/test_models.py:7: error: Module "apps.people.constants" has no attribute "CambodianProvinces"  [attr-defined]
apps/people/management/commands/transitional/import_student_photos.py:20: error: Module "apps.people.utils" has no attribute "PhotoProcessor"  [attr-defined]
apps/people/management/commands/transitional/import_student_photos.py:258: error: Module has no attribute "UnidentifiedImageError"  [attr-defined]
apps/language/services.py:452: error: "ClassPartTemplateSet" has no attribute "templates"  [attr-defined]
apps/language/services.py:568: error: "_ST" has no attribute "code"  [attr-defined]
apps/language/services.py:622: error: "_ST" has no attribute "code"  [attr-defined]
apps/language/services.py:818: error: "LanguageLevelSkipRequest" has no attribute "id"  [attr-defined]
apps/language/services.py:883: error: "LanguageLevelSkipRequest" has no attribute "id"  [attr-defined]
apps/language/services.py:888: error: "ClassHeader" has no attribute "id"  [attr-defined]
apps/finance/services/automatic_discount_service.py:547: error: Name "time_of_day_filter" already defined on line 544  [no-redef]
apps/finance/models/core.py:265: error: "Invoice" has no attribute "line_items"  [attr-defined]
apps/enrollment/progression_builder.py:528: error: "ClassHeaderEnrollment" has no attribute "student_id"; maybe "student"?  [attr-defined]
apps/enrollment/admin.py:907: error: Incompatible types in assignment (expression has type "list[str | list[str] | tuple[str, ...]]", base class "BaseModelAdmin" defined the type as "list[str] | tuple[str, ...]")  [assignment]
apps/enrollment/admin.py:933: error: "Callable[[ProgramPeriodInline, Any], Any]" has no attribute "short_description"  [attr-defined]
apps/enrollment/admin.py:939: error: "Callable[[ProgramPeriodInline, Any], Any]" has no attribute "short_description"  [attr-defined]
apps/enrollment/admin.py:948: error: "Callable[[ProgramPeriodInline, Any], Any]" has no attribute "short_description"  [attr-defined]
apps/enrollment/admin.py:956: error: "Callable[[ProgramPeriodInline, Any], Any]" has no attribute "short_description"  [attr-defined]
apps/enrollment/management/commands/import_academiccoursetakers_enhanced.py:1056: error: "_ST" has no attribute "credits"  [attr-defined]
apps/enrollment/management/commands/import_academiccoursetakers_enhanced.py:1063: error: "_ST" has no attribute "start_date"  [attr-defined]
apps/enrollment/management/commands/import_academiccoursetakers_enhanced.py:1065: error: "_ST" has no attribute "start_date"  [attr-defined]
apps/enrollment/management/commands/import_academiccoursetakers_enhanced.py:1068: error: "_ST" has no attribute "start_date"  [attr-defined]
apps/enrollment/management/commands/import_academiccoursetakers_enhanced.py:1138: error: "Course" has no attribute "id"  [attr-defined]
apps/enrollment/management/commands/import_academiccoursetakers_enhanced.py:1155: error: "_ST" has no attribute "term"  [attr-defined]
apps/enrollment/management/commands/transitional/load_program_enrollments.py:308: error: Argument 3 to "record_rejection" of "BaseMigrationCommand" has incompatible type "dict[str, str]"; expected "str"  [arg-type]
apps/enrollment/management/commands/transitional/load_program_enrollments.py:424: error: Incompatible types in assignment (expression has type "ProgramEnrollment", variable has type "bool")  [assignment]
apps/enrollment/management/commands/transitional/load_program_enrollments.py:443: error: Argument 3 to "record_rejection" of "BaseMigrationCommand" has incompatible type "dict[str, str]"; expected "str"  [arg-type]
apps/enrollment/management/commands/transitional/load_program_enrollments.py:450: error: Need type annotation for "term_programs"  [var-annotated]
apps/enrollment/management/commands/transitional/load_program_enrollments.py:456: error: "object" has no attribute "append"  [attr-defined]
apps/enrollment/management/commands/transitional/load_program_enrollments.py:457: error: "object" has no attribute "add"  [attr-defined]
apps/enrollment/management/commands/transitional/load_program_enrollments.py:463: error: Unsupported operand types for + ("object" and "float")  [operator]
apps/enrollment/management/commands/transitional/load_program_enrollments.py:464: error: Unsupported operand types for + ("object" and "float")  [operator]
apps/enrollment/management/commands/transitional/load_program_enrollments.py:470: error: No overload variant of "list" matches argument type "object"  [call-overload]
apps/enrollment/management/commands/transitional/load_program_enrollments.py:470: note: Possible overload variants:
apps/enrollment/management/commands/transitional/load_program_enrollments.py:470: note:     def [_T] list(self) -> list[_T]
apps/enrollment/management/commands/transitional/load_program_enrollments.py:470: note:     def [_T] list(self, Iterable[_T], /) -> list[_T]
apps/enrollment/management/commands/transitional/load_program_enrollments.py:479: error: Need type annotation for "program_groups"  [var-annotated]
apps/enrollment/management/commands/transitional/load_program_enrollments.py:501: error: "object" has no attribute "append"  [attr-defined]
apps/enrollment/management/commands/transitional/load_program_enrollments.py:502: error: "object" has no attribute "extend"  [attr-defined]
apps/enrollment/management/commands/transitional/load_program_enrollments.py:505: error: Unsupported target for indexed assignment ("object")  [index]
apps/enrollment/management/commands/transitional/load_program_enrollments.py:516: error: No overload variant of "sorted" matches argument type "object"  [call-overload]
apps/enrollment/management/commands/transitional/load_program_enrollments.py:516: note: Possible overload variants:
apps/enrollment/management/commands/transitional/load_program_enrollments.py:516: note:     def [SupportsRichComparisonT: SupportsDunderLT[Any] | SupportsDunderGT[Any]] sorted(Iterable[SupportsRichComparisonT], /, *, key: None = ..., reverse: bool = ...) -> list[SupportsRichComparisonT]
apps/enrollment/management/commands/transitional/load_program_enrollments.py:516: note:     def [_T] sorted(Iterable[_T], /, *, key: Callable[[_T], SupportsDunderLT[Any] | SupportsDunderGT[Any]], reverse: bool = ...) -> list[_T]
apps/enrollment/management/commands/transitional/load_program_enrollments.py:546: error: Argument 3 to "record_rejection" of "BaseMigrationCommand" has incompatible type "dict[str, Any]"; expected "str"  [arg-type]
apps/enrollment/management/commands/transitional/load_program_enrollments.py:558: error: Argument 3 to "record_rejection" of "BaseMigrationCommand" has incompatible type "dict[str, Any]"; expected "str"  [arg-type]
apps/enrollment/management/commands/transitional/load_program_enrollments.py:660: error: Incompatible types in assignment (expression has type "float", variable has type "int")  [assignment]
apps/enrollment/management/commands/transitional/load_program_enrollments.py:769: error: Need type annotation for "signature_majors"  [var-annotated]
apps/enrollment/management/commands/transitional/load_program_enrollments.py:855: error: Need type annotation for "signature_majors"  [var-annotated]
apps/enrollment/management/commands/transitional/load_program_enrollments.py:897: error: Need type annotation for "signature_majors"  [var-annotated]
apps/enrollment/management/commands/transitional/load_program_enrollments.py:1016: error: Argument 3 to "record_rejection" of "BaseMigrationCommand" has incompatible type "dict[str, str]"; expected "str"  [arg-type]
apps/enrollment/management/commands/transitional/import_academiccoursetakers_enhanced.py:1050: error: "_ST" has no attribute "credits"  [attr-defined]
apps/enrollment/management/commands/transitional/import_academiccoursetakers_enhanced.py:1057: error: "_ST" has no attribute "start_date"  [attr-defined]
apps/enrollment/management/commands/transitional/import_academiccoursetakers_enhanced.py:1059: error: "_ST" has no attribute "start_date"  [attr-defined]
apps/enrollment/management/commands/transitional/import_academiccoursetakers_enhanced.py:1062: error: "_ST" has no attribute "start_date"  [attr-defined]
apps/enrollment/management/commands/transitional/import_academiccoursetakers_enhanced.py:1132: error: "Course" has no attribute "id"  [attr-defined]
apps/enrollment/management/commands/transitional/import_academiccoursetakers_enhanced.py:1149: error: "_ST" has no attribute "term"  [attr-defined]
apps/enrollment/management/commands/transitional/import_academiccoursetakers.py:598: error: Invalid index type "str" for "dict[tuple[str, str, str], ClassHeader]"; expected type "tuple[str, str, str]"  [index]
apps/enrollment/management/commands/transitional/import_academiccoursetakers.py:627: error: Invalid index type "str" for "dict[tuple[str, str, str], ClassHeader]"; expected type "tuple[str, str, str]"  [index]
apps/enrollment/management/commands/transitional/import_academiccoursetakers.py:732: error: "_ST" has no attribute "credits"  [attr-defined]
apps/enrollment/management/commands/transitional/import_academiccoursetakers.py:741: error: "_ST" has no attribute "start_date"  [attr-defined]
apps/enrollment/management/commands/transitional/import_academiccoursetakers.py:742: error: "_ST" has no attribute "start_date"  [attr-defined]
apps/enrollment/management/commands/transitional/import_academiccoursetakers.py:744: error: "_ST" has no attribute "start_date"  [attr-defined]
apps/enrollment/management/commands/transitional/create_program_transitions.py:161: error: "_ST" has no attribute "course"  [attr-defined]
apps/enrollment/management/commands/transitional/create_program_transitions.py:341: error: "StudentProfile" has no attribute "academic_journey"  [attr-defined]
apps/enrollment/management/commands/production/update_academic_progressions.py:53: error: "StudentProfile" has no attribute "academic_journey"  [attr-defined]
apps/enrollment/management/commands/production/import_legacy_enrollments.py:341: error: "_ST" has no attribute "start_date"  [attr-defined]
apps/common/audit_utils.py:426: error: Dict entry 2 has incompatible type "str": "str"; expected "str": "int"  [dict-item]
apps/common/management/commands/transitional/verify_audit_migration.py:293: error: "StudentAuditLog" has no attribute "id"  [attr-defined]
apps/common/management/commands/transitional/verify_audit_migration.py:303: error: "StudentAuditLog" has no attribute "id"  [attr-defined]
apps/common/management/commands/transitional/verify_audit_migration.py:308: error: "StudentAuditLog" has no attribute "student_id"; maybe "student"?  [attr-defined]
apps/common/examples/audit_integration_examples.py:18: error: Module "apps.people.models" has no attribute "Student"  [attr-defined]
apps/common/examples/audit_integration_examples.py:112: error: Module "apps.enrollment.models" has no attribute "Course"  [attr-defined]
apps/common/examples/audit_integration_examples.py:112: error: Module "apps.enrollment.models" has no attribute "Enrollment"  [attr-defined]
apps/common/examples/audit_integration_examples.py:231: error: Module "apps.enrollment.models" has no attribute "Course"  [attr-defined]
apps/common/examples/audit_integration_examples.py:231: error: Module "apps.enrollment.models" has no attribute "Enrollment"  [attr-defined]
apps/common/examples/audit_integration_examples.py:232: error: Module "apps.grading.models" has no attribute "Grade"  [attr-defined]
apps/attendance/models.py:133: error: "_ST" has no attribute "name"  [attr-defined]
apps/attendance/models.py:327: error: Incompatible return value type (got "_ST", expected "TeacherProfile")  [return-value]
apps/attendance/models.py:343: error: "AttendanceSession" has no attribute "attendance_records"; maybe "attendance_code"?  [attr-defined]
apps/attendance/models.py:606: error: "_ST" has no attribute "session_date"  [attr-defined]
apps/attendance/models.py:624: error: "_ST" has no attribute "session_date"  [attr-defined]
apps/attendance/models.py:625: error: "_ST" has no attribute "start_time"  [attr-defined]
apps/academic_records/models.py:447: error: "_ST" has no attribute "name"  [attr-defined]
apps/academic_records/models.py:447: error: "DocumentRequest" has no attribute "get_request_status_display"  [attr-defined]
apps/academic_records/models.py:627: error: "_ST" has no attribute "document_type"  [attr-defined]
apps/academic_records/models.py:638: error: "_ST" has no attribute "document_type"  [attr-defined]
apps/academic_records/models.py:779: error: "_ST" has no attribute "name"  [attr-defined]
apps/academic_records/models.py:784: error: "_ST" has no attribute "free_allowance_per_term"  [attr-defined]
apps/academic_records/models.py:786: error: "_ST" has no attribute "free_allowance_per_term"  [attr-defined]
apps/academic_records/models.py:791: error: "_ST" has no attribute "free_allowance_per_year"  [attr-defined]
apps/academic_records/models.py:793: error: "_ST" has no attribute "free_allowance_per_year"  [attr-defined]
apps/academic_records/models.py:798: error: "_ST" has no attribute "free_allowance_lifetime"  [attr-defined]
apps/academic_records/models.py:800: error: "_ST" has no attribute "free_allowance_lifetime"  [attr-defined]
apps/academic/services/fulfillment.py:56: error: "_ST" has no attribute "course"  [attr-defined]
apps/academic/services/fulfillment.py:57: error: "_ST" has no attribute "term"  [attr-defined]
apps/academic/services/fulfillment.py:68: error: "_ST" has no attribute "course"  [attr-defined]
apps/academic/services/fulfillment.py:70: error: "_ST" has no attribute "term"  [attr-defined]
apps/academic/services/fulfillment.py:199: error: "_ST" has no attribute "course"  [attr-defined]
apps/academic/services/fulfillment.py:201: error: "_ST" has no attribute "term"  [attr-defined]
apps/academic/services/fulfillment.py:317: error: "CanonicalRequirement" has no attribute "id"  [attr-defined]
apps/academic/services/fulfillment.py:318: error: "CanonicalRequirement" has no attribute "id"  [attr-defined]
apps/academic/services/degree_audit.py:84: error: "StudentRequirementException" has no attribute "id"  [attr-defined]
apps/academic/services/degree_audit.py:86: error: "StudentRequirementException" has no attribute "get_exception_type_display"  [attr-defined]
apps/academic/services/degree_audit.py:175: error: Module "apps.grading.models" has no attribute "StudentGPA"  [attr-defined]
apps/academic/management/commands/transitional/populate_student_requirements.py:32: error: Module "apps.academic.models" has no attribute "StudentRequirementFulfillment"  [attr-defined]
apps/academic/management/commands/transitional/populate_student_requirements.py:34: error: Module "apps.enrollment.models" has no attribute "ClassEnrollment"; maybe "ClassPartEnrollment" or "ClassHeaderEnrollment"?  [attr-defined]
apps/academic/management/commands/transitional/populate_student_requirements.py:206: error: "StudentProfile" has no attribute "active_declarations"  [attr-defined]
apps/academic/management/commands/transitional/populate_student_requirements.py:215: error: Incompatible types in assignment (expression has type "str", target has type "int")  [assignment]
apps/academic/management/commands/transitional/populate_student_requirements.py:230: error: Incompatible types in assignment (expression has type "str", target has type "int")  [assignment]
apps/academic/management/commands/transitional/populate_student_requirements.py:243: error: Incompatible types in assignment (expression has type "str", target has type "int")  [assignment]
apps/academic/management/commands/transitional/populate_student_requirements.py:306: error: Incompatible types in assignment (expression has type "str", target has type "int")  [assignment]
apps/academic/management/commands/transitional/populate_student_requirements.py:314: error: "StudentProfile" has no attribute "all_enrollments"  [attr-defined]
apps/academic/management/commands/transitional/populate_course_fulfillments.py:16: error: Module "apps.academic.models" has no attribute "StudentRequirementFulfillment"  [attr-defined]
apps/scholarships/management/commands/transitional/import_scholarships_from_receipts.py:157: error: Need type annotation for "categories" (hint: "categories: dict[<type>, <type>] = ...")  [var-annotated]
apps/scheduling/signals.py:44: error: "_ST" has no attribute "name"  [attr-defined]
apps/scheduling/signals.py:47: error: "ClassHeader" has no attribute "id"  [attr-defined]
apps/scheduling/signals.py:48: error: "_ST" has no attribute "code"  [attr-defined]
apps/scheduling/signals.py:49: error: "CombinedClassInstance" has no attribute "id"  [attr-defined]
apps/scheduling/signals.py:50: error: "_ST" has no attribute "name"  [attr-defined]
apps/scheduling/signals.py:59: error: "_ST" has no attribute "code"  [attr-defined]
apps/scheduling/signals.py:61: error: "ClassHeader" has no attribute "id"  [attr-defined]
apps/scheduling/signals.py:62: error: "_ST" has no attribute "code"  [attr-defined]
apps/scheduling/signals.py:73: error: "ClassHeader" has no attribute "id"  [attr-defined]
apps/scheduling/signals.py:74: error: "_ST" has no attribute "code"  [attr-defined]
apps/scheduling/signals.py:105: error: "_ST" has no attribute "name"  [attr-defined]
apps/scheduling/signals.py:108: error: "CombinedClassInstance" has no attribute "id"  [attr-defined]
apps/scheduling/signals.py:109: error: "_ST" has no attribute "name"  [attr-defined]
apps/scheduling/signals.py:120: error: "_ST" has no attribute "name"  [attr-defined]
apps/scheduling/signals.py:123: error: "CombinedClassInstance" has no attribute "id"  [attr-defined]
apps/scheduling/signals.py:124: error: "_ST" has no attribute "name"  [attr-defined]
apps/scheduling/signals.py:147: error: "ClassHeader" has no attribute "id"  [attr-defined]
apps/scheduling/signals.py:148: error: "_ST" has no attribute "code"  [attr-defined]
apps/scheduling/signals.py:160: error: "ClassHeader" has no attribute "id"  [attr-defined]
apps/scheduling/signals.py:161: error: "_ST" has no attribute "code"  [attr-defined]
apps/scheduling/signals.py:174: error: "ClassSession" has no attribute "class_parts"  [attr-defined]
apps/scheduling/signals.py:185: error: "ClassSession" has no attribute "id"  [attr-defined]
apps/scheduling/signals.py:186: error: "_ST" has no attribute "id"  [attr-defined]
apps/scheduling/signals.py:187: error: "_ST" has no attribute "course"  [attr-defined]
apps/scheduling/signals.py:197: error: "ClassSession" has no attribute "id"  [attr-defined]
apps/scheduling/signals.py:198: error: "_ST" has no attribute "id"  [attr-defined]
apps/scheduling/signals.py:210: error: "_ST" has no attribute "class_sessions"  [attr-defined]
apps/scheduling/signals.py:212: error: "_ST" has no attribute "is_ieap_class"  [attr-defined]
apps/scheduling/signals.py:215: error: "_ST" has no attribute "is_ieap_class"  [attr-defined]
apps/scheduling/signals.py:224: error: "ClassSession" has no attribute "id"  [attr-defined]
apps/scheduling/signals.py:225: error: "_ST" has no attribute "id"  [attr-defined]
apps/mobile/middleware.py:47: error: "HttpRequest" has no attribute "mobile_auth"  [attr-defined]
apps/mobile/middleware.py:48: error: "HttpRequest" has no attribute "student"  [attr-defined]
apps/mobile/middleware.py:49: error: "HttpRequest" has no attribute "verified_email"  [attr-defined]
apps/level_testing/models.py:113: error: Need type annotation for "access_code"  [var-annotated]
apps/level_testing/models.py:122: error: Need type annotation for "payment_amount"  [var-annotated]
apps/level_testing/models.py:125: error: Need type annotation for "payment_method"  [var-annotated]
apps/level_testing/models.py:128: error: Need type annotation for "payment_received_at"  [var-annotated]
apps/level_testing/models.py:129: error: Need type annotation for "cashier"  [var-annotated]
apps/level_testing/models.py:138: error: Need type annotation for "qr_code_url"  [var-annotated]
apps/level_testing/models.py:144: error: Need type annotation for "student_name"  [var-annotated]
apps/level_testing/models.py:145: error: Need type annotation for "student_phone"  [var-annotated]
apps/level_testing/models.py:150: error: Need type annotation for "is_used"  [var-annotated]
apps/level_testing/models.py:153: error: Need type annotation for "used_at"  [var-annotated]
apps/level_testing/models.py:156: error: Need type annotation for "application"  [var-annotated]
apps/level_testing/models.py:167: error: Need type annotation for "telegram_id"  [var-annotated]
apps/level_testing/models.py:170: error: Need type annotation for "telegram_username"  [var-annotated]
apps/level_testing/models.py:173: error: Need type annotation for "telegram_verified"  [var-annotated]
apps/level_testing/models.py:176: error: Need type annotation for "telegram_verification_code"  [var-annotated]
apps/level_testing/models.py:182: error: Need type annotation for "telegram_verified_at"  [var-annotated]
apps/level_testing/models.py:187: error: Need type annotation for "expires_at"  [var-annotated]
apps/level_testing/models.py:385: error: Need type annotation for "access_token_link"  [var-annotated]
apps/level_testing/models.py:921: error: "TestSession" has no attribute "test_attempts"  [attr-defined]
apps/level_testing/models.py:1028: error: "PlacementTest" has no attribute "get_program_display"  [attr-defined]
apps/level_testing/models.py:1143: error: "_ST" has no attribute "full_name_eng"  [attr-defined]
apps/level_testing/models.py:1157: error: "_ST" has no attribute "passing_score"  [attr-defined]
apps/level_testing/models.py:1164: error: "_ST" has no attribute "max_score"  [attr-defined]
apps/level_testing/models.py:1179: error: "_ST" has no attribute "max_score"  [attr-defined]
apps/level_testing/models.py:1183: error: "_ST" has no attribute "max_score"  [attr-defined]
apps/level_testing/models.py:1403: error: "_ST" has no attribute "full_name_eng"  [attr-defined]
apps/grading/signals.py:45: error: "ClassPartGrade" has no attribute "id"  [attr-defined]
apps/grading/signals.py:51: error: "_ST" has no attribute "class_session"  [attr-defined]
apps/grading/signals.py:59: error: "_ST" has no attribute "class_session"  [attr-defined]
apps/grading/signals.py:68: error: "ClassPartGrade" has no attribute "id"  [attr-defined]
apps/grading/signals.py:90: error: "_ST" has no attribute "class_session"  [attr-defined]
apps/grading/signals.py:97: error: "_ST" has no attribute "class_session"  [attr-defined]
apps/grading/signals.py:123: error: "ClassPartGrade" has no attribute "_previous_numeric_score"  [attr-defined]
apps/grading/signals.py:124: error: "ClassPartGrade" has no attribute "_previous_letter_grade"  [attr-defined]
apps/grading/signals.py:125: error: "ClassPartGrade" has no attribute "_previous_status"  [attr-defined]
apps/grading/signals.py:157: error: "ClassSessionGrade" has no attribute "id"  [attr-defined]
apps/grading/signals.py:234: error: "_ST" has no attribute "student"  [attr-defined]
apps/grading/signals.py:235: error: "_ST" has no attribute "class_header"  [attr-defined]
apps/grading/signals.py:301: error: "ClassPartGrade" has no attribute "id"  [attr-defined]
apps/grading/signals.py:333: error: "ClassSessionGrade" has no attribute "id"  [attr-defined]
apps/grading/gpa.py:644: error: Name "standing_counts" already defined on line 638  [no-redef]
apps/grading/admin.py:462: error: Module has no attribute "ACTION_CHECKBOX_NAME"  [attr-defined]
apps/finance/management/commands/ephemeral/migrate_discount_dates.py:526: error: Need type annotation for "methods"  [var-annotated]
apps/finance/management/commands/ephemeral/migrate_discount_dates.py:533: error: Incompatible types in assignment (expression has type "float", variable has type "int")  [assignment]
apps/enrollment/services_audit_example.py:120: error: Argument 2 to "_check_prerequisites" of "EnrollmentService" has incompatible type "_ST"; expected "Course"  [arg-type]
apps/enrollment/services_audit_example.py:123: error: "ClassHeader" has no attribute "class_header_enrollments"  [attr-defined]
apps/enrollment/services_audit_example.py:142: error: "_ST" has no attribute "code"  [attr-defined]
apps/enrollment/services_audit_example.py:144: error: "_ST" has no attribute "code"  [attr-defined]
apps/enrollment/services_audit_example.py:159: error: "_ST" has no attribute "code"  [attr-defined]
apps/enrollment/services_audit_example.py:171: error: "StudentProfile" has no attribute "id"  [attr-defined]
apps/enrollment/services_audit_example.py:174: error: "_ST" has no attribute "code"  [attr-defined]
apps/enrollment/services_audit_example.py:174: error: "_ST" has no attribute "title"  [attr-defined]
apps/enrollment/services_audit_example.py:179: error: "ClassHeader" has no attribute "primary_teacher"; maybe "get_primary_teacher"?  [attr-defined]
apps/enrollment/services_audit_example.py:182: error: "_ST" has no attribute "code"  [attr-defined]
apps/enrollment/services_audit_example.py:183: error: "_ST" has no attribute "name"  [attr-defined]
apps/enrollment/services_audit_example.py:194: error: "_ST" has no attribute "code"  [attr-defined]
apps/enrollment/services_audit_example.py:197: error: "_ST" has no attribute "code"  [attr-defined]
apps/enrollment/services_audit_example.py:388: error: "Course" has no attribute "required_prerequisites"  [attr-defined]
apps/enrollment/services_audit_example.py:397: error: "Course" has no attribute "required_prerequisites"  [attr-defined]
apps/enrollment/services_audit_example.py:425: error: "type[Grade]" has no attribute "objects"  [attr-defined]
apps/enrollment/services_audit_example.py:544: error: "type[Grade]" has no attribute "objects"  [attr-defined]
apps/enrollment/services_audit_example.py:544: error: "type[GradeType]" has no attribute "FINAL"  [attr-defined]
apps/enrollment/services_audit_example.py:546: error: "type[Grade]" has no attribute "DoesNotExist"  [attr-defined]
apps/enrollment/services_audit_example.py:553: error: "type[GradeType]" has no attribute "FINAL"  [attr-defined]
apps/enrollment/services_audit_example.py:629: error: "Grade" has no attribute "grade"  [attr-defined]
apps/enrollment/tests/factories.py:55: error: Module has no attribute "factory"; maybe "Factory"?  [attr-defined]
apps/enrollment/tests/factories.py:99: error: Module has no attribute "factory"; maybe "Factory"?  [attr-defined]
apps/enrollment/tests/factories.py:107: error: Module has no attribute "factory"; maybe "Factory"?  [attr-defined]
apps/enrollment/tests/factories.py:113: error: Module has no attribute "factory"; maybe "Factory"?  [attr-defined]
apps/enrollment/tests/factories.py:121: error: Module has no attribute "factory"; maybe "Factory"?  [attr-defined]
apps/enrollment/tests/factories.py:137: error: Module has no attribute "factory"; maybe "Factory"?  [attr-defined]
apps/enrollment/management/commands/transitional/populate_academic_progression_from_csv.py:329: error: Too many arguments for "record_success" of "BaseMigrationCommand"  [call-arg]
apps/enrollment/management/commands/transitional/populate_academic_progression_from_csv.py:421: error: "StudentProfile" has no attribute "id"  [attr-defined]
apps/enrollment/management/commands/transitional/populate_academic_progression.py:225: error: Too many arguments for "record_success" of "BaseMigrationCommand"  [call-arg]
apps/attendance/tests/factories.py:157: error: "Faker" has no attribute "generate"  [attr-defined]
apps/attendance/tests/factories.py:168: error: "Faker" has no attribute "generate"  [attr-defined]
apps/accounts/tests/unit/test_auth_comprehensive.py:37: error: Module "apps.accounts.tests.factories" has no attribute "PositionAssignmentFactory"  [attr-defined]
apps/accounts/tests/unit/test_auth_comprehensive.py:37: error: Module "apps.accounts.tests.factories" has no attribute "PositionFactory"  [attr-defined]
apps/accounts/tests/unit/test_auth_comprehensive.py:46: error: Module "apps.people.tests.factories" has no attribute "TeacherProfileFactory"  [attr-defined]
apps/academic_records/views/transcript_views.py:332: error: "object" has no attribute "name"  [attr-defined]
apps/academic_records/views/transcript_views.py:354: error: "object" has no attribute "name"  [attr-defined]
apps/academic/management/commands/transitional/reconcile_equivalency_fulfillments.py:207: error: "object" has no attribute "extend"  [attr-defined]
apps/academic/management/commands/transitional/reconcile_equivalency_fulfillments.py:226: error: Unsupported operand types for + ("object" and "int")  [operator]
apps/academic/management/commands/transitional/reconcile_equivalency_fulfillments.py:229: error: Unsupported operand types for + ("object" and "int")  [operator]
apps/academic/management/commands/transitional/reconcile_equivalency_fulfillments.py:230: error: "object" has no attribute "append"  [attr-defined]
apps/academic/management/commands/transitional/reconcile_equivalency_fulfillments.py:232: error: "ClassHeaderEnrollment" has no attribute "student_id"; maybe "student"?  [attr-defined]
apps/academic/management/commands/transitional/reconcile_equivalency_fulfillments.py:233: error: "_ST" has no attribute "course"  [attr-defined]
apps/academic/management/commands/transitional/reconcile_equivalency_fulfillments.py:234: error: "_ST" has no attribute "term"  [attr-defined]
apps/academic/management/commands/transitional/reconcile_equivalency_fulfillments.py:240: error: Unsupported operand types for + ("object" and "int")  [operator]
apps/academic/management/commands/transitional/reconcile_equivalency_fulfillments.py:243: error: Unsupported operand types for + ("object" and "int")  [operator]
apps/academic/management/commands/transitional/reconcile_equivalency_fulfillments.py:244: error: "object" has no attribute "append"  [attr-defined]
apps/academic/management/commands/transitional/reconcile_equivalency_fulfillments.py:246: error: "ClassHeaderEnrollment" has no attribute "student_id"; maybe "student"?  [attr-defined]
apps/academic/management/commands/transitional/reconcile_equivalency_fulfillments.py:247: error: "_ST" has no attribute "course"  [attr-defined]
apps/academic/management/commands/transitional/reconcile_equivalency_fulfillments.py:253: error: "ClassHeaderEnrollment" has no attribute "id"  [attr-defined]
apps/academic/management/commands/transitional/reconcile_equivalency_fulfillments.py:263: error: "ClassHeaderEnrollment" has no attribute "class_session_grades"  [attr-defined]
apps/academic/management/commands/transitional/reconcile_equivalency_fulfillments.py:280: error: "_ST" has no attribute "course"  [attr-defined]
apps/academic/management/commands/transitional/reconcile_equivalency_fulfillments.py:282: error: "_ST" has no attribute "term"  [attr-defined]
apps/academic/management/commands/transitional/reconcile_equivalency_fulfillments.py:288: error: "_ST" has no attribute "course"  [attr-defined]
apps/scholarships/services/ngo_transfer_service.py:91: error: "_ST" has no attribute "payment_mode"  [attr-defined]
apps/scholarships/services/ngo_transfer_service.py:102: error: "_ST" has no attribute "student_id"  [attr-defined]
apps/scholarships/services/ngo_transfer_service.py:103: error: "_ST" has no attribute "code"  [attr-defined]
apps/scholarships/services/ngo_transfer_service.py:109: error: "SponsoredStudent" has no attribute "id"  [attr-defined]
apps/scholarships/services/ngo_transfer_service.py:110: error: "_ST" has no attribute "student_id"  [attr-defined]
apps/scholarships/services/ngo_transfer_service.py:111: error: "_ST" has no attribute "code"  [attr-defined]
apps/scholarships/services/ngo_transfer_service.py:120: error: "_ST" has no attribute "student_id"  [attr-defined]
apps/scholarships/services/ngo_transfer_service.py:135: error: "_ST" has no attribute "payment_mode"  [attr-defined]
apps/scholarships/services/ngo_transfer_service.py:137: error: "_ST" has no attribute "code"  [attr-defined]
apps/scholarships/services/ngo_transfer_service.py:209: error: "_ST" has no attribute "id"  [attr-defined]
apps/scholarships/services/ngo_transfer_service.py:213: error: "_ST" has no attribute "code"  [attr-defined]
apps/scholarships/services/ngo_transfer_service.py:233: error: "_ST" has no attribute "student_id"  [attr-defined]
apps/scholarships/services/ngo_transfer_service.py:234: error: "_ST" has no attribute "person"  [attr-defined]
apps/scholarships/services/ngo_transfer_service.py:237: error: "_ST" has no attribute "name"  [attr-defined]
apps/scholarships/services/ngo_transfer_service.py:237: error: "_ST" has no attribute "code"  [attr-defined]
apps/scholarships/services/ngo_transfer_service.py:239: error: "_ST" has no attribute "payment_mode"  [attr-defined]
apps/scholarships/services/ngo_transfer_service.py:259: error: "_ST" has no attribute "student_id"  [attr-defined]
apps/scholarships/services/ngo_transfer_service.py:260: error: "_ST" has no attribute "name"  [attr-defined]
apps/scholarships/services/ngo_transfer_service.py:262: error: "_ST" has no attribute "code"  [attr-defined]
apps/scholarships/services/ngo_transfer_service.py:263: error: "_ST" has no attribute "student_id"  [attr-defined]
apps/scholarships/services/ngo_transfer_service.py:313: error: "_ST" has no attribute "student_id"  [attr-defined]
apps/scholarships/services/ngo_transfer_service.py:317: error: "SponsoredStudent" has no attribute "id"  [attr-defined]
apps/scholarships/services/ngo_transfer_service.py:318: error: "_ST" has no attribute "student_id"  [attr-defined]
apps/people/services.py:349: error: "Person" has no attribute "id"  [attr-defined]
apps/people/services.py:964: error: "Person" has no attribute "id"  [attr-defined]
apps/people/services.py:975: error: "Person" has no attribute "id"  [attr-defined]
apps/people/services.py:979: error: "Person" has no attribute "id"  [attr-defined]
apps/people/services.py:1038: error: "Person" has no attribute "student_profile"; maybe "get_student_profile" or "has_student_role"?  [attr-defined]
apps/people/services.py:1040: error: "Person" has no attribute "student_profile"; maybe "get_student_profile" or "has_student_role"?  [attr-defined]
apps/level_testing/fee_service.py:396: error: Unsupported operand types for * ("Decimal" and "float")  [operator]
apps/finance/tests/factories.py:53: error: Module has no attribute "factory"; maybe "Factory"?  [attr-defined]
apps/finance/tests/factories.py:57: error: Module has no attribute "factory"; maybe "Factory"?  [attr-defined]
apps/finance/tests/factories.py:61: error: Module has no attribute "factory"; maybe "Factory"?  [attr-defined]
apps/finance/tests/factories.py:67: error: Module has no attribute "factory"; maybe "Factory"?  [attr-defined]
apps/finance/tests/factories.py:68: error: Module has no attribute "factory"; maybe "Factory"?  [attr-defined]
apps/finance/tests/factories.py:86: error: Module has no attribute "factory"; maybe "Factory"?  [attr-defined]
apps/finance/tests/factories.py:90: error: Module has no attribute "factory"; maybe "Factory"?  [attr-defined]
apps/finance/tests/factories.py:94: error: Module has no attribute "factory"; maybe "Factory"?  [attr-defined]
apps/finance/tests/factories.py:100: error: Module has no attribute "factory"; maybe "Factory"?  [attr-defined]
apps/finance/tests/factories.py:101: error: Module has no attribute "factory"; maybe "Factory"?  [attr-defined]
apps/finance/tests/factories.py:133: error: Module has no attribute "factory"; maybe "Factory"?  [attr-defined]
apps/finance/tests/factories.py:137: error: Module has no attribute "factory"; maybe "Factory"?  [attr-defined]
apps/finance/tests/factories.py:141: error: Module has no attribute "factory"; maybe "Factory"?  [attr-defined]
apps/finance/tests/factories.py:147: error: Module has no attribute "factory"; maybe "Factory"?  [attr-defined]
apps/finance/tests/factories.py:148: error: Module has no attribute "factory"; maybe "Factory"?  [attr-defined]
apps/finance/tests/factories.py:167: error: Module has no attribute "factory"; maybe "Factory"?  [attr-defined]
apps/finance/tests/factories.py:168: error: Module has no attribute "factory"; maybe "Factory"?  [attr-defined]
apps/finance/tests/factories.py:173: error: Module has no attribute "factory"; maybe "Factory"?  [attr-defined]
apps/finance/tests/factories.py:219: error: Module has no attribute "factory"; maybe "Factory"?  [attr-defined]
apps/finance/tests/factories.py:225: error: Module has no attribute "factory"; maybe "Factory"?  [attr-defined]
apps/finance/tests/factories.py:226: error: Module has no attribute "factory"; maybe "Factory"?  [attr-defined]
apps/finance/tests/factories.py:262: error: Module has no attribute "factory"; maybe "Factory"?  [attr-defined]
apps/finance/tests/factories.py:278: error: Module has no attribute "factory"; maybe "Factory"?  [attr-defined]
apps/finance/tests/factories.py:294: error: Module has no attribute "factory"; maybe "Factory"?  [attr-defined]
apps/finance/tests/factories.py:295: error: Module has no attribute "factory"; maybe "Factory"?  [attr-defined]
apps/finance/tests/factories.py:296: error: Module has no attribute "factory"; maybe "Factory"?  [attr-defined]
apps/finance/tests/factories.py:297: error: Module has no attribute "factory"; maybe "Factory"?  [attr-defined]
apps/finance/tests/factories.py:298: error: Module has no attribute "factory"; maybe "Factory"?  [attr-defined]
apps/finance/tests/factories.py:299: error: Module has no attribute "factory"; maybe "Factory"?  [attr-defined]
apps/finance/tests/factories.py:300: error: Module has no attribute "factory"; maybe "Factory"?  [attr-defined]
apps/finance/tests/factories.py:301: error: Module has no attribute "factory"; maybe "Factory"?  [attr-defined]
apps/finance/tests/factories.py:302: error: Module has no attribute "factory"; maybe "Factory"?  [attr-defined]
apps/finance/tests/factories.py:303: error: Module has no attribute "factory"; maybe "Factory"?  [attr-defined]
apps/finance/tests/factories.py:304: error: Module has no attribute "factory"; maybe "Factory"?  [attr-defined]
apps/finance/tests/factories.py:305: error: Module has no attribute "factory"; maybe "Factory"?  [attr-defined]
apps/finance/tests/factories.py:318: error: Module has no attribute "factory"; maybe "Factory"?  [attr-defined]
apps/finance/tests/factories.py:328: error: Module has no attribute "factory"; maybe "Factory"?  [attr-defined]
apps/finance/tests/factories.py:332: error: Module has no attribute "factory"; maybe "Factory"?  [attr-defined]
apps/finance/tests/factories.py:338: error: Module has no attribute "factory"; maybe "Factory"?  [attr-defined]
apps/finance/tests/factories.py:339: error: Module has no attribute "factory"; maybe "Factory"?  [attr-defined]
apps/finance/tests/factories.py:364: error: Module has no attribute "factory"; maybe "Factory"?  [attr-defined]
apps/finance/tests/factories.py:371: error: Module has no attribute "factory"; maybe "Factory"?  [attr-defined]
apps/finance/tests/factories.py:374: error: Module has no attribute "factory"; maybe "Factory"?  [attr-defined]
apps/finance/tests/factories.py:388: error: Module has no attribute "factory"; maybe "Factory"?  [attr-defined]
apps/finance/tests/factories.py:419: error: Module has no attribute "factory"; maybe "Factory"?  [attr-defined]
apps/finance/tests/factories.py:429: error: Module has no attribute "factory"; maybe "Factory"?  [attr-defined]
apps/finance/tests/factories.py:439: error: Module has no attribute "factory"; maybe "Factory"?  [attr-defined]
apps/finance/tests/factories.py:447: error: Module has no attribute "factory"; maybe "Factory"?  [attr-defined]
apps/finance/tests/factories.py:462: error: Module has no attribute "factory"; maybe "Factory"?  [attr-defined]
apps/finance/tests/factories.py:463: error: Module has no attribute "factory"; maybe "Factory"?  [attr-defined]
apps/finance/tests/factories.py:464: error: Module has no attribute "factory"; maybe "Factory"?  [attr-defined]
apps/finance/tests/factories.py:465: error: Module has no attribute "factory"; maybe "Factory"?  [attr-defined]
apps/finance/tests/factories.py:475: error: Module has no attribute "factory"; maybe "Factory"?  [attr-defined]
apps/finance/tests/factories.py:499: error: Module has no attribute "factory"; maybe "Factory"?  [attr-defined]
apps/finance/tests/factories.py:500: error: Module has no attribute "factory"; maybe "Factory"?  [attr-defined]
apps/finance/tests/factories.py:520: error: Module has no attribute "factory"; maybe "Factory"?  [attr-defined]
apps/finance/tests/factories.py:524: error: Module "django.utils.timezone" does not explicitly export attribute "datetime"  [attr-defined]
apps/finance/tests/factories.py:544: error: Module has no attribute "factory"; maybe "Factory"?  [attr-defined]
apps/finance/tests/factories.py:550: error: Module has no attribute "factory"; maybe "Factory"?  [attr-defined]
apps/finance/tests/factories.py:551: error: Module has no attribute "factory"; maybe "Factory"?  [attr-defined]
apps/finance/tests/factories.py:552: error: Module has no attribute "factory"; maybe "Factory"?  [attr-defined]
apps/finance/tests/factories.py:553: error: Module has no attribute "factory"; maybe "Factory"?  [attr-defined]
apps/finance/tests/factories.py:554: error: Module has no attribute "factory"; maybe "Factory"?  [attr-defined]
apps/finance/tests/factories.py:555: error: Module has no attribute "factory"; maybe "Factory"?  [attr-defined]
apps/finance/tests/factories.py:594: error: Module has no attribute "factory"; maybe "Factory"?  [attr-defined]
apps/finance/tests/factories.py:606: error: Module has no attribute "factory"; maybe "Factory"?  [attr-defined]
apps/finance/tests/factories.py:619: error: Module has no attribute "factory"; maybe "Factory"?  [attr-defined]
apps/finance/tests/factories.py:620: error: Module has no attribute "factory"; maybe "Factory"?  [attr-defined]
apps/finance/tests/factories.py:621: error: Module has no attribute "factory"; maybe "Factory"?  [attr-defined]
apps/finance/services/separated_pricing_service.py:193: error: "ClassHeader" has no attribute "reading_class"  [attr-defined]
apps/finance/services/separated_pricing_service.py:371: error: "ClassHeader" has no attribute "class_header_enrollments"  [attr-defined]
apps/finance/services/separated_pricing_service.py:381: error: Argument 1 to "get_pricing_date" of "SeparatedPricingService" has incompatible type "Term | _ST"; expected "Term | None"  [arg-type]
apps/finance/services/separated_pricing_service.py:383: error: "_ST" has no attribute "cycle"  [attr-defined]
apps/finance/services/separated_pricing_service.py:388: error: "_ST" has no attribute "cycle"  [attr-defined]
apps/finance/services/separated_pricing_service.py:438: error: "ClassHeader" has no attribute "id"  [attr-defined]
apps/finance/services/reconciliation_service.py:192: error: "Payment" has no attribute "id"  [attr-defined]
apps/finance/services/reconciliation_service.py:526: error: Incompatible return value type (got "QuerySet[Any, dict[str, Any]]", expected "dict[str, int]")  [return-value]
apps/finance/services/receipt_service.py:103: error: "_ST" has no attribute "student"  [attr-defined]
apps/finance/services/receipt_service.py:132: error: "Payment" has no attribute "get_payment_method_display"  [attr-defined]
apps/finance/services/receipt_service.py:188: error: "_ST" has no attribute "student"  [attr-defined]
apps/finance/services/receipt_service.py:229: error: "Payment" has no attribute "get_payment_method_display"  [attr-defined]
apps/finance/services/price_determination_engine.py:162: error: Argument 1 to "_is_senior_project" of "PriceDeterminationEngine" has incompatible type "_ST"; expected "Course"  [arg-type]
apps/finance/services/price_determination_engine.py:170: error: Argument 1 to "_has_fixed_pricing" of "PriceDeterminationEngine" has incompatible type "_ST"; expected "Course"  [arg-type]
apps/finance/services/price_determination_engine.py:254: error: "_ST" has no attribute "cycle"  [attr-defined]
apps/finance/services/price_determination_engine.py:282: error: "_ST" has no attribute "code"  [attr-defined]
apps/finance/services/price_determination_engine.py:283: error: "_ST" has no attribute "title"  [attr-defined]
apps/finance/services/price_determination_engine.py:316: error: "_ST" has no attribute "code"  [attr-defined]
apps/finance/services/price_determination_engine.py:322: error: "_ST" has no attribute "code"  [attr-defined]
apps/finance/services/price_determination_engine.py:334: error: "_ST" has no attribute "code"  [attr-defined]
apps/finance/services/price_determination_engine.py:338: error: "_ST" has no attribute "code"  [attr-defined]
apps/finance/services/price_determination_engine.py:339: error: "_ST" has no attribute "title"  [attr-defined]
apps/finance/services/price_determination_engine.py:385: error: "_ST" has no attribute "code"  [attr-defined]
apps/finance/services/price_determination_engine.py:397: error: "_ST" has no attribute "code"  [attr-defined]
apps/finance/services/price_determination_engine.py:401: error: "_ST" has no attribute "code"  [attr-defined]
apps/finance/services/price_determination_engine.py:402: error: "_ST" has no attribute "title"  [attr-defined]
apps/finance/services/price_determination_engine.py:431: error: "_ST" has no attribute "cycle"  [attr-defined]
apps/finance/services/price_determination_engine.py:440: error: "_ST" has no attribute "cycle"  [attr-defined]
apps/finance/services/price_determination_engine.py:458: error: "_ST" has no attribute "code"  [attr-defined]
apps/finance/services/price_determination_engine.py:462: error: "_ST" has no attribute "code"  [attr-defined]
apps/finance/services/price_determination_engine.py:463: error: "_ST" has no attribute "title"  [attr-defined]
apps/finance/services/price_determination_engine.py:500: error: "_ST" has no attribute "code"  [attr-defined]
apps/finance/services/price_determination_engine.py:504: error: "_ST" has no attribute "code"  [attr-defined]
apps/finance/services/price_determination_engine.py:505: error: "_ST" has no attribute "title"  [attr-defined]
apps/finance/management/commands/transitional/smart_batch_processor_refactored.py:514: error: "OptimizedBatchProcessor" has no attribute "options"  [attr-defined]
apps/finance/management/commands/transitional/smart_batch_processor_refactored.py:537: error: "OptimizedBatchProcessor" has no attribute "options"  [attr-defined]
apps/finance/management/commands/transitional/smart_batch_processor_refactored.py:550: error: "OptimizedBatchProcessor" has no attribute "options"  [attr-defined]
apps/finance/management/commands/transitional/smart_batch_processor.py:545: error: "LegacyReceiptMapping" has no attribute "id"  [attr-defined]
apps/finance/management/commands/transitional/smart_batch_processor.py:701: error: "Invoice" has no attribute "id"  [attr-defined]
apps/finance/management/commands/transitional/smart_batch_processor.py:702: error: "Payment" has no attribute "id"  [attr-defined]
apps/finance/management/commands/transitional/reconstruct_ar_from_legacy.py:39: error: Return type "dict[str, str]" of "get_rejection_categories" incompatible with return type "list[str]" in supertype "apps.common.management.base_migration.BaseMigrationCommand"  [override]
apps/finance/management/commands/transitional/reconstruct_ar_from_legacy.py:347: error: "Invoice" has no attribute "id"  [attr-defined]
apps/finance/management/commands/transitional/reconstruct_ar_from_legacy.py:348: error: "Payment" has no attribute "id"  [attr-defined]
apps/finance/management/commands/transitional/reconstruct_ar_from_legacy.py:594: error: "Manager[AbstractBaseUser]" has no attribute "create_user"  [attr-defined]
apps/finance/management/commands/transitional/reconstruct_ar_from_legacy.py:985: error: "_ST" has no attribute "student"  [attr-defined]
apps/finance/management/commands/transitional/import_language_pricing.py:56: error: Return type "dict[str, str]" of "get_rejection_categories" incompatible with return type "list[str]" in supertype "apps.common.management.base_migration.BaseMigrationCommand"  [override]
apps/attendance/tests/test_api.py:420: note: By default the bodies of untyped functions are not checked, consider using --check-untyped-defs  [annotation-unchecked]
apps/finance/services/administrative.py:56: error: "StudentCycleStatus" has no attribute "get_cycle_type_display"  [attr-defined]
apps/finance/services/administrative.py:64: error: "StudentProfile" has no attribute "id"  [attr-defined]
apps/finance/services/administrative.py:77: error: "StudentCycleStatus" has no attribute "get_cycle_type_display"  [attr-defined]
apps/finance/services/administrative.py:174: error: "_ST" has no attribute "cycle_type"  [attr-defined]
apps/finance/services/administrative.py:212: error: "StudentProfile" has no attribute "id"  [attr-defined]
apps/academic_records/services.py:1138: error: "_ST" has no attribute "cycle_type"  [attr-defined]
apps/academic_records/services.py:1184: error: "_ST" has no attribute "get_cycle_type_display"  [attr-defined]
apps/level_testing/views.py:74: error: "ApplicationWizardMixin" has no attribute "request"  [attr-defined]
apps/level_testing/views.py:86: error: "ApplicationWizardMixin" has no attribute "request"  [attr-defined]
apps/level_testing/views.py:87: error: "ApplicationWizardMixin" has no attribute "request"  [attr-defined]
apps/level_testing/views.py:103: error: "ApplicationWizardMixin" has no attribute "request"  [attr-defined]
apps/level_testing/views.py:104: error: "ApplicationWizardMixin" has no attribute "request"  [attr-defined]
apps/level_testing/views.py:108: error: "ApplicationWizardMixin" has no attribute "request"  [attr-defined]
apps/level_testing/views.py:112: error: "ApplicationWizardMixin" has no attribute "request"  [attr-defined]
apps/level_testing/views.py:113: error: "ApplicationWizardMixin" has no attribute "request"  [attr-defined]
apps/finance/tests/critical_path_factories.py:153: error: "type[Currency]" has no attribute "EUR"  [attr-defined]
apps/finance/tests/critical_path_factories.py:282: error: "Faker" has no attribute "generate"  [attr-defined]
apps/finance/tests/critical_path_factories.py:289: error: "Faker" has no attribute "generate"  [attr-defined]
apps/finance/tests/critical_path_factories.py:384: error: "type[TransactionType]" has no attribute "CASH_DRAWER_OPEN"  [attr-defined]
apps/finance/tests/critical_path_factories.py:398: error: "type[TransactionType]" has no attribute "CASH_DRAWER_CLOSE"  [attr-defined]
apps/finance/tests/critical_path_factories.py:415: error: "type[TransactionType]" has no attribute "INVOICE_MODIFIED"  [attr-defined]
apps/finance/tests/critical_path_factories.py:449: error: "TermFactory" has no attribute "term_id"  [attr-defined]
apps/finance/tests/critical_path_factories.py:466: error: Keywords must be strings  [misc]
apps/finance/tests/critical_path_factories.py:469: error: Unsupported operand types for < ("int" and "LazyAttribute")  [operator]
apps/finance/tests/critical_path_factories.py:509: error: Keywords must be strings  [misc]
apps/finance/tests/critical_path_factories.py:537: error: "object" has no attribute "append"  [attr-defined]
apps/finance/tests/critical_path_factories.py:545: error: Incompatible types in assignment (expression has type "Faker", variable has type "CriticalPathInvoiceFactory")  [assignment]
apps/finance/tests/critical_path_factories.py:549: error: "object" has no attribute "append"  [attr-defined]
apps/finance/tests/critical_path_factories.py:556: error: "Faker" has no attribute "invoice"  [attr-defined]
apps/finance/tests/critical_path_factories.py:558: error: "Faker" has no attribute "amount"  [attr-defined]
apps/finance/tests/critical_path_factories.py:560: error: "object" has no attribute "append"  [attr-defined]
apps/finance/tests/critical_path_factories.py:715: error: Unsupported operand types for < ("int" and "LazyAttribute")  [operator]
apps/finance/services/scholarship_reconciliation_service.py:113: error: "_ST" has no attribute "student"  [attr-defined]
apps/finance/services/scholarship_reconciliation_service.py:114: error: "_ST" has no attribute "term"  [attr-defined]
apps/finance/services/scholarship_reconciliation_service.py:161: error: "Scholarship" has no attribute "id"  [attr-defined]
apps/finance/services/scholarship_reconciliation_service.py:203: error: "StudentProfile" has no attribute "id"  [attr-defined]
apps/finance/services/scholarship_reconciliation_service.py:203: error: "Term" has no attribute "id"  [attr-defined]
apps/finance/services/scholarship_reconciliation_service.py:219: error: "Term" has no attribute "cycle"  [attr-defined]
apps/finance/services/scholarship_reconciliation_service.py:220: error: "Term" has no attribute "cycle"  [attr-defined]
apps/finance/services/scholarship_reconciliation_service.py:261: error: Incompatible return value type (got "QuerySet[Any, Any]", expected "list[ClassHeaderEnrollment]")  [return-value]
apps/finance/services/enhanced_reconciliation_service.py:57: error: "_ST" has no attribute "student"  [attr-defined]
apps/finance/services/enhanced_reconciliation_service.py:58: error: "_ST" has no attribute "term"  [attr-defined]
apps/finance/services/enhanced_reconciliation_service.py:103: error: "StudentProfile" has no attribute "user"  [attr-defined]
apps/finance/services/enhanced_reconciliation_service.py:118: error: "StudentProfile" has no attribute "user"  [attr-defined]
apps/finance/services/enhanced_reconciliation_service.py:262: error: "_ST" has no attribute "course"  [attr-defined]
apps/finance/management/commands/ephemeral/run_sis_integration_test.py:238: error: "_ST" has no attribute "course"  [attr-defined]
apps/finance/management/commands/ephemeral/run_sis_integration_test.py:246: error: "_ST" has no attribute "course"  [attr-defined]
apps/finance/management/commands/ephemeral/run_sis_integration_test.py:252: error: "_ST" has no attribute "course"  [attr-defined]
apps/finance/management/commands/ephemeral/run_sis_integration_test.py:255: error: "_ST" has no attribute "course"  [attr-defined]
apps/finance/management/commands/ephemeral/run_sis_integration_test.py:261: error: "_ST" has no attribute "course"  [attr-defined]
apps/finance/management/commands/ephemeral/run_sis_integration_test.py:384: error: Need type annotation for "parsed_details" (hint: "parsed_details: dict[<type>, <type>] = ...")  [var-annotated]
apps/web_interface/forms/student_forms.py:19: error: Dict entry 2 has incompatible type "str": "Select"; expected "str": "NumberInput"  [dict-item]
apps/web_interface/forms/student_forms.py:20: error: Dict entry 3 has incompatible type "str": "Select"; expected "str": "NumberInput"  [dict-item]
apps/web_interface/forms/student_forms.py:21: error: Dict entry 4 has incompatible type "str": "CheckboxInput"; expected "str": "NumberInput"  [dict-item]
apps/web_interface/forms/student_forms.py:22: error: Dict entry 5 has incompatible type "str": "CheckboxInput"; expected "str": "NumberInput"  [dict-item]
apps/finance/services/invoice_service.py:235: error: "type[TransactionType]" has no attribute "INVOICE_SENT"  [attr-defined]
apps/finance/services/invoice_service.py:319: error: "type[SeparatedPricingService]" has no attribute "get_course_price"  [attr-defined]
apps/finance/services/invoice_service.py:350: error: "type[TransactionType]" has no attribute "INVOICE_MODIFIED"  [attr-defined]
apps/finance/services/invoice_service.py:412: error: "Invoice" has no attribute "id"  [attr-defined]
apps/finance/services/invoice_service.py:428: error: "Invoice" has no attribute "id"  [attr-defined]
apps/finance/services/cashier_service.py:74: error: "type[TransactionType]" has no attribute "CASH_DRAWER_OPEN"  [attr-defined]
apps/finance/services/cashier_service.py:124: error: "type[TransactionType]" has no attribute "CASH_DRAWER_CLOSE"  [attr-defined]
apps/finance/services/payment_service.py:91: error: "Invoice" has no attribute "id"  [attr-defined]
apps/finance/services/payment_service.py:212: error: "_ST" has no attribute "id"  [attr-defined]
apps/finance/services/payment_service.py:255: error: "_ST" has no attribute "student"  [attr-defined]
apps/finance/services/payment_service.py:259: error: Argument "invoice" to "record_transaction" of "FinancialTransactionService" has incompatible type "_ST"; expected "Invoice | None"  [arg-type]
apps/finance/services/payment_service.py:329: error: Incompatible types in assignment (expression has type "QuerySet[Any, Any]", variable has type "list[Any] | None")  [assignment]
apps/finance/services/payment_service.py:343: error: Incompatible types in assignment (expression has type "QuerySet[Any, Any]", variable has type "list[Any] | None")  [assignment]
apps/finance/services/comprehensive_reconciliation_service.py:36: error: Invalid type alias: expression is not a valid type  [valid-type]
apps/finance/services/comprehensive_reconciliation_service.py:145: error: "TypeAliasType" has no attribute "objects"  [attr-defined]
apps/finance/services/comprehensive_reconciliation_service.py:146: error: "TypeAliasType" has no attribute "DoesNotExist"  [attr-defined]
apps/finance/services/comprehensive_reconciliation_service.py:147: error: "TypeAliasType" has no attribute "objects"  [attr-defined]
apps/finance/management/commands/transitional/reconstruct_ar_integrated.py:170: error: Variable "apps.finance.management.commands.transitional.reconstruct_ar_integrated.User" is not valid as a type  [valid-type]
apps/finance/management/commands/transitional/reconstruct_ar_integrated.py:170: note: See https://mypy.readthedocs.io/en/stable/common_issues.html#variables-vs-type-aliases
apps/finance/management/commands/transitional/reconstruct_ar_integrated.py:296: error: "object" has no attribute "append"  [attr-defined]
apps/finance/management/commands/transitional/reconstruct_ar_integrated.py:306: error: "object" has no attribute "append"  [attr-defined]
apps/finance/management/commands/transitional/reconstruct_ar_integrated.py:313: error: "object" has no attribute "append"  [attr-defined]
apps/finance/management/commands/transitional/reconstruct_ar_integrated.py:336: error: Incompatible types in assignment (expression has type "list[Any]", variable has type "QuerySet[Any, Any]")  [assignment]
apps/finance/management/commands/transitional/reconstruct_ar_integrated.py:341: error: Incompatible types in assignment (expression has type "list[Never]", variable has type "QuerySet[Any, Any]")  [assignment]
apps/finance/management/commands/transitional/reconstruct_ar_integrated.py:346: error: "type[SeparatedPricingService]" has no attribute "calculate_total_cost"  [attr-defined]
apps/finance/management/commands/transitional/reconstruct_ar_integrated.py:361: error: "object" has no attribute "append"  [attr-defined]
apps/finance/management/commands/transitional/reconstruct_ar_integrated.py:379: error: "object" has no attribute "append"  [attr-defined]
apps/finance/management/commands/transitional/reconstruct_ar_integrated.py:401: error: "Invoice" has no attribute "id"  [attr-defined]
apps/finance/management/commands/transitional/reconstruct_ar_integrated.py:414: error: "object" has no attribute "append"  [attr-defined]
apps/finance/management/commands/transitional/reconstruct_ar_integrated.py:416: error: "Invoice" has no attribute "id"  [attr-defined]
apps/finance/management/commands/transitional/reconstruct_ar_integrated.py:457: error: "Invoice" has no attribute "id"  [attr-defined]
apps/finance/management/commands/transitional/reconstruct_ar_integrated.py:458: error: "Payment" has no attribute "id"  [attr-defined]
apps/enrollment/tests/integration/test_enrollment_workflows.py:28: error: Module "apps.academic.models" has no attribute "GradeRecord"  [attr-defined]
apps/enrollment/tests/integration/test_enrollment_workflows.py:30: error: Module "apps.accounts.tests.factories" has no attribute "UserFactory"; maybe "UserRoleFactory"?  [attr-defined]
apps/enrollment/tests/integration/test_enrollment_workflows.py:31: error: Module "apps.curriculum.tests.factories" has no attribute "CoursePrerequisiteFactory"  [attr-defined]
apps/enrollment/tests/integration/test_enrollment_workflows.py:31: error: Module "apps.curriculum.tests.factories" has no attribute "CycleFactory"  [attr-defined]
apps/enrollment/tests/integration/test_enrollment_workflows.py:31: error: Module "apps.curriculum.tests.factories" has no attribute "MajorFactory"  [attr-defined]
apps/enrollment/tests/integration/test_enrollment_workflows.py:41: error: Module "apps.enrollment.services" has no attribute "WaitlistService"  [attr-defined]
apps/enrollment/tests/integration/test_enrollment_workflows.py:49: error: Module "apps.enrollment.tests.factories" has no attribute "ProgramEnrollmentFactory"  [attr-defined]
apps/enrollment/tests/integration/test_enrollment_workflows.py:57: error: Module "apps.grading.models" has no attribute "Grade"  [attr-defined]
apps/enrollment/tests/integration/test_enrollment_workflows.py:58: error: Module "apps.grading.tests.factories" has no attribute "GradeFactory"; maybe "GradingScaleFactory"?  [attr-defined]
apps/enrollment/tests/integration/test_enrollment_workflows.py:60: error: Module "apps.scheduling.tests.factories" has no attribute "ClassSessionFactory"  [attr-defined]
apps/enrollment/tests/integration/test_enrollment_workflows.py:60: error: Module "apps.scheduling.tests.factories" has no attribute "TermFactory"  [attr-defined]
api/v1/grading.py:105: error: Argument "numeric_score" to "create_or_update_grade" of "ClassPartGradeService" has incompatible type "float"; expected "Decimal | None"  [arg-type]
api/v1/grading.py:113: error: "ClassPartGrade" has no attribute "id"  [attr-defined]
api/v1/grading.py:114: error: "ClassHeaderEnrollment" has no attribute "id"  [attr-defined]
api/v1/grading.py:115: error: "ClassPart" has no attribute "id"  [attr-defined]
api/v1/grading.py:116: error: "_ST" has no attribute "person"  [attr-defined]
api/v1/grading.py:150: error: "_ST" has no attribute "teacher"  [attr-defined]
api/v1/grading.py:156: error: Unexpected keyword argument "grade" for "create_or_update_grade" of "ClassPartGradeService"  [call-arg]
apps/grading/services.py:215: note: "create_or_update_grade" of "ClassPartGradeService" defined here
api/v1/grading.py:156: error: Unexpected keyword argument "updated_by" for "create_or_update_grade" of "ClassPartGradeService"  [call-arg]
api/v1/grading.py:158: error: Argument "numeric_score" to "create_or_update_grade" of "ClassPartGradeService" has incompatible type "float"; expected "Decimal | None"  [arg-type]
api/v1/grading.py:166: error: "ClassPartGrade" has no attribute "id"  [attr-defined]
api/v1/grading.py:167: error: "_ST" has no attribute "id"  [attr-defined]
api/v1/grading.py:168: error: "_ST" has no attribute "id"  [attr-defined]
api/v1/grading.py:169: error: "_ST" has no attribute "student"  [attr-defined]
api/v1/attendance.py:187: error: "AttendanceSession" has no attribute "id"  [attr-defined]
api/v1/attendance.py:188: error: "_ST" has no attribute "id"  [attr-defined]
api/v1/finance/administrative_api.py:198: error: "AdministrativeFeeConfig" has no attribute "id"  [attr-defined]
api/v1/finance/administrative_api.py:200: error: "AdministrativeFeeConfig" has no attribute "get_cycle_type_display"  [attr-defined]
api/v1/finance/administrative_api.py:297: error: "DocumentExcessFee" has no attribute "id"  [attr-defined]
api/v1/academic_records/document_api.py:203: error: "DocumentTypeConfig" has no attribute "id"  [attr-defined]
api/v1/academic_records/document_api.py:282: error: "DocumentTypeConfig" has no attribute "id"  [attr-defined]
apps/scholarships/services/ngo_portal_service.py:97: error: "_ST" has no attribute "student_id"  [attr-defined]
apps/scholarships/services/ngo_portal_service.py:98: error: "_ST" has no attribute "person"  [attr-defined]
apps/scholarships/services/ngo_portal_service.py:101: error: Argument 1 to "_get_student_gpa" of "NGOPortalService" has incompatible type "_ST"; expected "StudentProfile"  [arg-type]
apps/scholarships/services/ngo_portal_service.py:102: error: Argument 1 to "_get_attendance_rate" of "NGOPortalService" has incompatible type "_ST"; expected "StudentProfile"  [arg-type]
apps/scholarships/services/ngo_portal_service.py:120: error: "Sponsor" has no attribute "id"  [attr-defined]
apps/scholarships/services/ngo_portal_service.py:130: error: "Sponsor" has no attribute "id"  [attr-defined]
apps/scholarships/services/ngo_portal_service.py:230: error: Argument 1 to "_get_term_tuition" of "NGOPortalService" has incompatible type "_ST"; expected "StudentProfile"  [arg-type]
apps/scholarships/services/ngo_portal_service.py:233: error: Argument 1 to "calculate_scholarship_discount" of "UnifiedScholarshipService" has incompatible type "_ST"; expected "StudentProfile"  [arg-type]
apps/scholarships/services/ngo_portal_service.py:238: error: "_ST" has no attribute "student_id"  [attr-defined]
apps/scholarships/services/ngo_portal_service.py:239: error: "_ST" has no attribute "person"  [attr-defined]
apps/scholarships/services/ngo_portal_service.py:247: error: Unsupported operand types for + ("Decimal" and "str")  [operator]
apps/scholarships/services/ngo_portal_service.py:247: note: Right operand is of type "Decimal | str | bool | None"
apps/scholarships/services/ngo_portal_service.py:250: error: "type[InvoiceService]" has no attribute "create_sponsor_invoice"  [attr-defined]
apps/scholarships/services/ngo_portal_service.py:301: error: "object" has no attribute "append"  [attr-defined]
apps/scholarships/services/ngo_portal_service.py:307: error: Unsupported operand types for + ("object" and "int")  [operator]
apps/scholarships/services/ngo_portal_service.py:319: error: Unsupported operand types for + ("object" and "int")  [operator]
apps/scholarships/services/ngo_portal_service.py:320: error: "object" has no attribute "append"  [attr-defined]
apps/scholarships/services/ngo_portal_service.py:320: error: "SponsoredStudent" has no attribute "id"  [attr-defined]
apps/scholarships/services/ngo_portal_service.py:323: error: "object" has no attribute "append"  [attr-defined]
apps/scholarships/services/ngo_portal_service.py:329: error: Unsupported operand types for + ("object" and "int")  [operator]
apps/scholarships/services/ngo_portal_service.py:331: error: "object" has no attribute "append"  [attr-defined]
apps/scholarships/services/ngo_portal_service.py:337: error: Unsupported operand types for + ("object" and "int")  [operator]
apps/scholarships/services/ngo_portal_service.py:408: error: Module "django.utils.timezone" does not explicitly export attribute "timedelta"  [attr-defined]
apps/scholarships/services/ngo_portal_service.py:412: error: Module "django.utils.timezone" does not explicitly export attribute "timedelta"  [attr-defined]
apps/scholarships/services/ngo_portal_service.py:419: error: Module "django.utils.timezone" does not explicitly export attribute "timedelta"  [attr-defined]
apps/level_testing/finance_integration.py:47: error: Module "apps.finance.services" has no attribute "ExternalTransactionService"; maybe "FinancialTransactionService"?  [attr-defined]
apps/finance/signals.py:69: error: "type" has no attribute "objects"  [attr-defined]
apps/finance/signals.py:70: error: "ClassHeaderEnrollment" has no attribute "_original_status"  [attr-defined]
apps/finance/signals.py:71: error: "type" has no attribute "DoesNotExist"  [attr-defined]
apps/finance/signals.py:72: error: "ClassHeaderEnrollment" has no attribute "_original_status"  [attr-defined]
apps/finance/signals.py:74: error: "ClassHeaderEnrollment" has no attribute "_original_status"  [attr-defined]
apps/finance/signals.py:117: error: "ClassHeaderEnrollment" has no attribute "id"  [attr-defined]
apps/finance/signals.py:123: error: "ClassHeaderEnrollment" has no attribute "id"  [attr-defined]
apps/finance/signals.py:127: error: "ClassHeaderEnrollment" has no attribute "id"  [attr-defined]
apps/finance/signals.py:223: error: "Payment" has no attribute "invoice_id"; maybe "invoice"?  [attr-defined]
apps/finance/signals.py:302: error: "InvoiceLineItem" has no attribute "invoice_id"; maybe "invoice"?  [attr-defined]
apps/finance/signals.py:343: error: "InvoiceLineItem" has no attribute "id"  [attr-defined]
apps/finance/signals.py:351: error: Variable "apps.finance.signals.User" is not valid as a type  [valid-type]
apps/finance/signals.py:351: note: See https://mypy.readthedocs.io/en/stable/common_issues.html#variables-vs-type-aliases
apps/finance/signals.py:374: error: User? has no attribute "email"  [attr-defined]
apps/finance/signals.py:396: error: "InvoiceLineItem" has no attribute "invoice_id"; maybe "invoice"?  [attr-defined]
apps/finance/signals.py:439: error: "InvoiceLineItem" has no attribute "id"  [attr-defined]
apps/finance/signals.py:460: error: "Payment" has no attribute "invoice_id"; maybe "invoice"?  [attr-defined]
apps/finance/signals.py:494: error: "Payment" has no attribute "id"  [attr-defined]
apps/finance/views/finance_dashboard.py:302: error: Incompatible return value type (got "QuerySet[Any, Any]", expected "list[Payment]")  [return-value]
apps/finance/views/finance_dashboard.py:306: error: Incompatible return value type (got "QuerySet[Any, Any]", expected "list[Invoice]")  [return-value]
apps/finance/views/finance_dashboard.py:334: error: "FinancialReportService" has no attribute "get_revenue_by_type"  [attr-defined]
apps/finance/views/finance_dashboard.py:335: error: "FinancialReportService" has no attribute "get_revenue_by_program"  [attr-defined]
apps/finance/views/finance_dashboard.py:336: error: "FinancialReportService" has no attribute "get_revenue_by_payment_method"  [attr-defined]
apps/finance/views/finance_dashboard.py:337: error: "FinancialReportService" has no attribute "get_daily_revenue"  [attr-defined]
apps/finance/views/finance_dashboard.py:338: error: "FinancialReportService" has no attribute "get_top_revenue_courses"  [attr-defined]
apps/finance/views/cashier.py:197: error: "Payment" has no attribute "id"  [attr-defined]
apps/finance/views/cashier.py:207: error: "Payment" has no attribute "id"  [attr-defined]
apps/finance/views/cashier.py:377: error: "Payment" has no attribute "id"  [attr-defined]
apps/finance/tests/test_decimal_helpers.py:11: error: Module "apps.finance.services" has no attribute "FINANCIAL_PRECISION"  [attr-defined]
apps/finance/tests/test_decimal_helpers.py:11: error: Module "apps.finance.services" has no attribute "normalize_decimal"  [attr-defined]
apps/finance/tests/test_decimal_helpers.py:11: error: Module "apps.finance.services" has no attribute "safe_decimal_add"  [attr-defined]
apps/finance/tests/test_decimal_helpers.py:11: error: Module "apps.finance.services" has no attribute "safe_decimal_multiply"  [attr-defined]
api/tests/test_api_contracts.py:31: error: Module "apps.academic.models" has no attribute "Term"  [attr-defined]
api/tests/test_api_contracts.py:33: error: Module "apps.curriculum.models" has no attribute "Program"  [attr-defined]
apps/scholarships/finance_integration.py:25: error: Module "apps.scholarships.services" has no attribute "ScholarshipCalculationService"  [attr-defined]
apps/scholarships/finance_integration.py:166: error: "_ST" has no attribute "student_id"  [attr-defined]
apps/scholarships/finance_integration.py:167: error: "_ST" has no attribute "person"  [attr-defined]
apps/scholarships/finance_integration.py:168: error: "_ST" has no attribute "person"  [attr-defined]
apps/scholarships/finance_integration.py:171: error: "_ST" has no attribute "id"  [attr-defined]
apps/scholarships/tests/test_services.py:13: error: Module "apps.scholarships.services" has no attribute "ScholarshipCalculationService"  [attr-defined]
apps/scholarships/tests/test_services.py:13: error: Module "apps.scholarships.services" has no attribute "ScholarshipEligibilityService"  [attr-defined]
apps/scholarships/tests/test_services.py:13: error: Module "apps.scholarships.services" has no attribute "ScholarshipReportingService"; maybe "ScholarshipImportService"?  [attr-defined]
Found 965 errors in 132 files (checked 807 source files)
