to-be-verified/scratchpad/transaction_django_view.py:4: error: Need type annotation for "urlpatterns" (hint: "urlpatterns: list[<type>] = ...")  [var-annotated]
to-be-verified/scratchpad/document_system_design.py:332: error: Incompatible return value type (got "DocumentTypeConfig | bool", expected "bool")  [return-value]
to-be-verified/scratchpad/document_system_design.py:390: error: Incompatible return value type (got "ManualDocumentProcessor", expected "DocumentProcessor")  [return-value]
to-be-verified/scratchpad/document_system_design.py:392: error: Incompatible return value type (got "AutoDocumentProcessor", expected "DocumentProcessor")  [return-value]
to-be-verified/scratchpad/document_system_design.py:393: error: Incompatible return value type (got "StandardDocumentProcessor", expected "DocumentProcessor")  [return-value]
migrations_backup_20250824_080948/finance/0025_move_discount_rule_to_discounts.py:23: error: Need type annotation for "operations" (hint: "operations: list[<type>] = ...")  [var-annotated]
migrations_backup_20250824_080948/finance/0019_merge_20250729_1858.py:12: error: Need type annotation for "operations" (hint: "operations: list[<type>] = ...")  [var-annotated]
migrations_backup_20250824_080948/finance/0013_auto_20250728_1348.py:11: error: Need type annotation for "operations" (hint: "operations: list[<type>] = ...")  [var-annotated]
migrations_backup_20250824_080948/finance/0006_merge_20250724_2002.py:12: error: Need type annotation for "operations" (hint: "operations: list[<type>] = ...")  [var-annotated]
migrations_backup_20250824_080948/enrollment/0009_merge_20250731_2004.py:12: error: Need type annotation for "operations" (hint: "operations: list[<type>] = ...")  [var-annotated]
migrations_backup_20250824_080948/curriculum/0008_move_discount_rule_to_discounts.py:11: error: Need type annotation for "operations" (hint: "operations: list[<type>] = ...")  [var-annotated]
contrib/sites/migrations/0001_initial.py:8: error: Need type annotation for "dependencies" (hint: "dependencies: list[<type>] = ...")  [var-annotated]
apps/people/utils/name_parser.py:52: error: Unused "type: ignore" comment  [unused-ignore]
run_receipt_pipeline.py:40: error: Unsupported target for indexed assignment ("object")  [index]
run_receipt_pipeline.py:60: error: "object" has no attribute "values"  [attr-defined]
run_receipt_pipeline.py:60: error: Argument 1 to "len" has incompatible type "object"; expected "Sized"  [arg-type]
run_receipt_pipeline.py:140: error: Incompatible types in assignment (expression has type "str", target has type "int")  [assignment]
run_receipt_pipeline.py:196: error: Unsupported left operand type for - ("object")  [operator]
users/managers.py:26: error: Unused "type: ignore" comment  [unused-ignore]
users/managers.py:31: error: Unused "type: ignore" comment  [unused-ignore]
users/models.py:19: error: Unused "type: ignore" comment  [unused-ignore]
users/models.py:20: error: Unused "type: ignore" comment  [unused-ignore]
users/models.py:23: error: Unused "type: ignore" comment  [unused-ignore]
users/models.py:26: error: Need type annotation for "REQUIRED_FIELDS" (hint: "REQUIRED_FIELDS: list[<type>] = ...")  [var-annotated]
to-be-verified/scratchpad/test_student_name_parsing.py:25: note: By default the bodies of untyped functions are not checked, consider using --check-untyped-defs  [annotation-unchecked]
to-be-verified/scratchpad/test_student_name_parsing.py:26: note: By default the bodies of untyped functions are not checked, consider using --check-untyped-defs  [annotation-unchecked]
to-be-verified/scratchpad/test_student_name_parsing.py:27: note: By default the bodies of untyped functions are not checked, consider using --check-untyped-defs  [annotation-unchecked]
to-be-verified/scratchpad/test_student_name_parsing.py:28: note: By default the bodies of untyped functions are not checked, consider using --check-untyped-defs  [annotation-unchecked]
scripts/utilities/file_criticality_assessor.py:240: error: "Collection[str]" has no attribute "append"  [attr-defined]
scripts/utilities/file_criticality_assessor.py:244: error: Value of type "Collection[str]" is not indexable  [index]
scripts/utilities/file_criticality_assessor.py:247: error: Value of type "Collection[str]" is not indexable  [index]
scripts/utilities/file_criticality_assessor.py:248: error: Value of type "Collection[str]" is not indexable  [index]
scripts/utilities/file_criticality_assessor.py:248: error: Unsupported target for indexed assignment ("Collection[str]")  [index]
scripts/utilities/file_criticality_assessor.py:297: error: Unsupported operand types for + ("object" and "int")  [operator]
scripts/utilities/file_criticality_assessor.py:298: error: Unsupported operand types for + ("object" and "int")  [operator]
scripts/utilities/file_criticality_assessor.py:300: error: "object" has no attribute "append"  [attr-defined]
scripts/translation-tools/translate_po_v2.py:9: error: Library stubs not installed for "polib"  [import-untyped]
scripts/translation-tools/translate_po_batch.py:11: error: Library stubs not installed for "polib"  [import-untyped]
scripts/translation-tools/translate_po.py:9: error: Library stubs not installed for "polib"  [import-untyped]
scripts/translation-tools/translate_po.py:9: note: Hint: "python3 -m pip install types-polib"
scripts/maintenance/safe-integrity-fix.py:184: note: By default the bodies of untyped functions are not checked, consider using --check-untyped-defs  [annotation-unchecked]
scripts/legacy_imports/import_legacy_moodle_data.py:195: error: Function "builtins.any" is not valid as a type  [valid-type]
scripts/legacy_imports/import_legacy_moodle_data.py:195: note: Perhaps you meant "typing.Any" instead of "any"?
scripts/legacy_imports/import_legacy_moodle_data.py:225: error: Function "builtins.any" is not valid as a type  [valid-type]
scripts/legacy_imports/import_legacy_moodle_data.py:225: note: Perhaps you meant "typing.Any" instead of "any"?
scripts/legacy_imports/import_legacy_moodle_data.py:235: error: Function "builtins.any" is not valid as a type  [valid-type]
scripts/legacy_imports/import_legacy_moodle_data.py:235: note: Perhaps you meant "typing.Any" instead of "any"?
scripts/development/quick_term_lookup.py:53: note: By default the bodies of untyped functions are not checked, consider using --check-untyped-defs  [annotation-unchecked]
apps/web_interface/examples/django-views-urls.py:204: error: Name "path" is not defined  [name-defined]
apps/web_interface/examples/django-views-urls.py:204: error: Name "views" is not defined  [name-defined]
apps/web_interface/examples/django-views-urls.py:205: error: Name "path" is not defined  [name-defined]
apps/web_interface/examples/django-views-urls.py:205: error: Name "views" is not defined  [name-defined]
apps/web_interface/examples/django-views-urls.py:206: error: Name "path" is not defined  [name-defined]
apps/web_interface/examples/django-views-urls.py:206: error: Name "views" is not defined  [name-defined]
apps/web_interface/examples/django-views-urls.py:207: error: Name "path" is not defined  [name-defined]
apps/web_interface/examples/django-views-urls.py:207: error: Name "views" is not defined  [name-defined]
apps/web_interface/examples/django-views-urls.py:208: error: Name "path" is not defined  [name-defined]
apps/web_interface/examples/django-views-urls.py:208: error: Name "views" is not defined  [name-defined]
apps/web_interface/examples/django-views-urls.py:209: error: Name "path" is not defined  [name-defined]
apps/web_interface/examples/django-views-urls.py:209: error: Name "views" is not defined  [name-defined]
apps/common/models.py:1188: error: Unused "type: ignore" comment  [unused-ignore]
apps/common/models.py:1515: error: Incompatible default for argument "notification_type" (default has type "tuple[str, Any]", argument has type "str")  [assignment]
apps/common/models.py:1516: error: Incompatible default for argument "priority" (default has type "tuple[str, Any]", argument has type "str")  [assignment]
apps/common/models.py:1649: error: Unused "type: ignore" comment  [unused-ignore]
apps/academic_records/migrations/0001_initial.py:13: error: Need type annotation for "dependencies" (hint: "dependencies: list[<type>] = ...")  [var-annotated]
users/forms.py:11: error: Unused "type: ignore" comment  [unused-ignore]
users/forms.py:21: error: Unused "type: ignore" comment  [unused-ignore]
to-be-verified/scratchpad/test_journey_logic.py:59: note: By default the bodies of untyped functions are not checked, consider using --check-untyped-defs  [annotation-unchecked]
scripts/utilities/report_command_quality.py:342: note: By default the bodies of untyped functions are not checked, consider using --check-untyped-defs  [annotation-unchecked]
scripts/utilities/extract_app_code.py:326: error: List comprehension has incompatible type List[tuple[Path, Path]]; expected List[Path]  [misc]
scripts/utilities/extract_app_code.py:365: error: Argument "key" to "sort" of "list" has incompatible type "Callable[[tuple[Path, Path]], int]"; expected "Callable[[Path], SupportsDunderLT[Any] | SupportsDunderGT[Any]]"  [arg-type]
scripts/utilities/extract_app_code.py:367: error: "Path" object is not iterable  [misc]
scripts/utilities/extract_app_code.py:387: error: List comprehension has incompatible type List[tuple[Path, Path]]; expected List[Path]  [misc]
scripts/maintenance/restore-database-integrity.py:73: note: By default the bodies of untyped functions are not checked, consider using --check-untyped-defs  [annotation-unchecked]
scripts/legacy_imports/import_students_with_proper_validation.py:366: error: Unsupported operand types for + ("object" and "int")  [operator]
scripts/legacy_imports/import_students_with_proper_validation.py:380: error: Unsupported operand types for + ("object" and "int")  [operator]
scripts/legacy_imports/import_students_with_proper_validation.py:384: error: Unsupported operand types for + ("object" and "int")  [operator]
scripts/legacy_imports/import_students_with_proper_validation.py:390: error: Unsupported operand types for + ("object" and "int")  [operator]
scripts/legacy_imports/import_students_with_proper_validation.py:398: error: "object" has no attribute "append"  [attr-defined]
scripts/legacy_imports/import_students_with_proper_validation.py:405: error: Unsupported operand types for + ("object" and "int")  [operator]
scripts/legacy_imports/import_students_with_proper_validation.py:407: error: "object" has no attribute "append"  [attr-defined]
scripts/legacy_imports/import_students_with_proper_validation.py:412: error: Unsupported operand types for + ("object" and "int")  [operator]
scripts/legacy_imports/import_students_with_proper_validation.py:421: error: Unsupported operand types for + ("object" and "int")  [operator]
scripts/legacy_imports/import_students_with_proper_validation.py:424: error: Unsupported operand types for + ("object" and "int")  [operator]
scripts/legacy_imports/import_legacy_students_pydantic.py:589: error: Unsupported operand types for + ("object" and "int")  [operator]
scripts/legacy_imports/import_legacy_students_pydantic.py:591: error: Unsupported operand types for < ("int" and "object")  [operator]
scripts/legacy_imports/import_legacy_students_pydantic.py:606: error: Unsupported operand types for + ("object" and "int")  [operator]
scripts/legacy_imports/import_legacy_students_pydantic.py:610: error: Unsupported operand types for + ("object" and "int")  [operator]
scripts/legacy_imports/import_legacy_students_pydantic.py:616: error: Unsupported operand types for + ("object" and "int")  [operator]
scripts/legacy_imports/import_legacy_students_pydantic.py:618: error: "object" has no attribute "append"  [attr-defined]
scripts/legacy_imports/import_legacy_students_pydantic.py:623: error: Argument 1 to "len" has incompatible type "object"; expected "Sized"  [arg-type]
scripts/legacy_imports/import_legacy_students_pydantic.py:627: error: Unsupported operand types for + ("object" and "int")  [operator]
scripts/legacy_imports/import_legacy_students_pydantic.py:629: error: "object" has no attribute "append"  [attr-defined]
scripts/legacy_imports/import_legacy_students_pydantic.py:632: error: Argument 1 to "len" has incompatible type "object"; expected "Sized"  [arg-type]
scripts/legacy_imports/import_legacy_students_pydantic.py:636: error: Argument 1 to "len" has incompatible type "object"; expected "Sized"  [arg-type]
scripts/legacy_imports/import_legacy_students_pydantic.py:637: error: Argument 1 to "len" has incompatible type "object"; expected "Sized"  [arg-type]
scripts/legacy_imports/import_legacy_students_pydantic.py:643: error: Unsupported operand types for + ("object" and "int")  [operator]
scripts/legacy_imports/import_legacy_students_pydantic.py:645: error: Unsupported operand types for < ("int" and "object")  [operator]
scripts/legacy_imports/import_legacy_students_pydantic.py:656: error: Unsupported operand types for + ("object" and "int")  [operator]
scripts/legacy_imports/import_legacy_students_pydantic.py:659: error: Unsupported operand types for + ("object" and "int")  [operator]
scripts/legacy_imports/import_legacy_students_pydantic.py:660: error: Argument 1 to "len" has incompatible type "object"; expected "Sized"  [arg-type]
scripts/legacy_imports/import_legacy_students_pydantic.py:662: error: "object" has no attribute "append"  [attr-defined]
scripts/legacy_imports/import_legacy_students_pydantic.py:665: error: Unsupported operand types for + ("object" and "int")  [operator]
scripts/legacy_imports/import_legacy_students_pydantic.py:666: error: Argument 1 to "len" has incompatible type "object"; expected "Sized"  [arg-type]
scripts/legacy_imports/import_legacy_students_pydantic.py:668: error: "object" has no attribute "append"  [attr-defined]
scripts/legacy_imports/import_legacy_students_dynamic.py:140: error: "Sequence[str]" has no attribute "append"  [attr-defined]
scripts/legacy_imports/import_legacy_students_dynamic.py:144: error: Argument 2 to "infer_field_type" has incompatible type "Sequence[str]"; expected "list[str]"  [arg-type]
scripts/legacy_imports/import_legacy_students_dynamic.py:163: error: Cannot assign multiple types to name "python_type" without an explicit "type[...]" annotation  [misc]
scripts/legacy_imports/import_legacy_students_dynamic.py:165: error: Cannot assign multiple types to name "python_type" without an explicit "type[...]" annotation  [misc]
scripts/legacy_imports/import_legacy_students_dynamic.py:167: error: Cannot assign multiple types to name "python_type" without an explicit "type[...]" annotation  [misc]
scripts/legacy_imports/import_legacy_students_dynamic.py:169: error: Cannot assign multiple types to name "python_type" without an explicit "type[...]" annotation  [misc]
scripts/legacy_imports/import_legacy_students_dynamic.py:185: error: "classmethod" used with a non-method  [misc]
scripts/legacy_imports/import_legacy_students_dynamic.py:216: error: "classmethod" used with a non-method  [misc]
scripts/legacy_imports/import_legacy_students_dynamic.py:237: error: "classmethod" used with a non-method  [misc]
scripts/legacy_imports/import_legacy_students_dynamic.py:261: error: "classmethod" used with a non-method  [misc]
scripts/legacy_imports/import_legacy_students_dynamic.py:394: error: Unsupported operand types for + ("object" and "int")  [operator]
scripts/legacy_imports/import_legacy_students_dynamic.py:396: error: Unsupported operand types for < ("int" and "object")  [operator]
scripts/legacy_imports/import_legacy_students_dynamic.py:423: error: Unsupported operand types for + ("object" and "int")  [operator]
scripts/legacy_imports/import_legacy_students_dynamic.py:432: error: Unsupported operand types for + ("object" and "int")  [operator]
scripts/legacy_imports/import_legacy_students_dynamic.py:436: error: Unsupported operand types for + ("object" and "int")  [operator]
scripts/legacy_imports/import_legacy_students_dynamic.py:442: error: Unsupported operand types for + ("object" and "int")  [operator]
scripts/legacy_imports/import_legacy_students_dynamic.py:444: error: "object" has no attribute "append"  [attr-defined]
scripts/legacy_imports/import_legacy_students_dynamic.py:448: error: Argument 1 to "len" has incompatible type "object"; expected "Sized"  [arg-type]
scripts/legacy_imports/import_legacy_students_dynamic.py:452: error: Unsupported operand types for + ("object" and "int")  [operator]
scripts/legacy_imports/import_legacy_students_dynamic.py:454: error: "object" has no attribute "append"  [attr-defined]
scripts/legacy_imports/import_legacy_students_dynamic.py:456: error: Argument 1 to "len" has incompatible type "object"; expected "Sized"  [arg-type]
scripts/legacy_imports/import_legacy_students_dynamic.py:459: error: Argument 1 to "len" has incompatible type "object"; expected "Sized"  [arg-type]
scripts/legacy_imports/import_legacy_students_dynamic.py:460: error: Argument 1 to "len" has incompatible type "object"; expected "Sized"  [arg-type]
scripts/legacy_imports/import_legacy_students_dynamic.py:466: error: Unsupported operand types for + ("object" and "int")  [operator]
scripts/legacy_imports/import_legacy_students_dynamic.py:468: error: Unsupported operand types for < ("int" and "object")  [operator]
scripts/legacy_imports/import_legacy_students_dynamic.py:480: error: Unsupported operand types for + ("object" and "int")  [operator]
scripts/legacy_imports/import_legacy_students_dynamic.py:483: error: Unsupported operand types for + ("object" and "int")  [operator]
scripts/legacy_imports/import_legacy_students_dynamic.py:484: error: Argument 1 to "len" has incompatible type "object"; expected "Sized"  [arg-type]
scripts/legacy_imports/import_legacy_students_dynamic.py:486: error: "object" has no attribute "append"  [attr-defined]
scripts/legacy_imports/import_legacy_students_dynamic.py:489: error: Unsupported operand types for + ("object" and "int")  [operator]
scripts/legacy_imports/import_legacy_students_dynamic.py:490: error: Argument 1 to "len" has incompatible type "object"; expected "Sized"  [arg-type]
scripts/legacy_imports/import_legacy_students_dynamic.py:492: error: "object" has no attribute "append"  [attr-defined]
scripts/ci-cd/integrity-monitor.py:324: error: Library stubs not installed for "requests"  [import-untyped]
scripts/ci-cd/integrity-monitor.py:347: error: "object" has no attribute "append"  [attr-defined]
migrations_backup_20250824_080948/enrollment/0001_initial.py:15: error: Need type annotation for "dependencies" (hint: "dependencies: list[<type>] = ...")  [var-annotated]
migrations_backup_20250824_080948/curriculum/0001_initial.py:15: error: Need type annotation for "dependencies" (hint: "dependencies: list[<type>] = ...")  [var-annotated]
migrations_backup_20250824_080948/academic/0001_initial.py:13: error: Need type annotation for "dependencies" (hint: "dependencies: list[<type>] = ...")  [var-annotated]
config/settings/migration.py:50: error: Name "MIDDLEWARE" is used before definition  [used-before-def]
apps/scholarships/models.py:246: error: Unused "type: ignore" comment  [unused-ignore]
apps/scholarships/models.py:344: error: Unused "type: ignore" comment  [unused-ignore]
apps/scholarships/models.py:540: error: Unused "type: ignore" comment  [unused-ignore]
apps/language/models.py:151: error: Unused "type: ignore" comment  [unused-ignore]
apps/language/models.py:155: error: Unused "type: ignore" comment  [unused-ignore]
apps/grading/models.py:80: error: Unused "type: ignore" comment  [unused-ignore]
apps/grading/models.py:143: error: Unused "type: ignore" comment  [unused-ignore]
apps/grading/models.py:307: error: Unused "type: ignore" comment  [unused-ignore]
apps/grading/models.py:335: error: Unused "type: ignore" comment  [unused-ignore]
apps/grading/models.py:434: error: Unused "type: ignore" comment  [unused-ignore]
apps/grading/models.py:540: error: Unused "type: ignore" comment  [unused-ignore]
apps/grading/models.py:633: error: Unused "type: ignore" comment  [unused-ignore]
apps/finance/management/commands/ephemeral/analyze_historical_discount_rates.py:288: error: Incompatible types in assignment (expression has type "str", variable has type "float")  [assignment]
apps/finance/management/commands/ephemeral/analyze_early_bird_7days.py:197: error: Need type annotation for "rate_counter"  [var-annotated]
apps/enrollment/migrations/0001_initial.py:13: error: Need type annotation for "dependencies" (hint: "dependencies: list[<type>] = ...")  [var-annotated]
apps/curriculum/migrations/0001_initial.py:15: error: Need type annotation for "dependencies" (hint: "dependencies: list[<type>] = ...")  [var-annotated]
apps/common/mixins.py:70: error: Unused "type: ignore" comment  [unused-ignore]
apps/common/mixins.py:137: error: Unused "type: ignore" comment  [unused-ignore]
apps/common/admin_audit.py:223: error: Unused "type: ignore" comment  [unused-ignore]
apps/common/admin_audit.py:224: error: Unused "type: ignore" comment  [unused-ignore]
apps/academic/migrations/0001_initial.py:13: error: Need type annotation for "dependencies" (hint: "dependencies: list[<type>] = ...")  [var-annotated]
users/admin.py:14: error: Unused "type: ignore" comment  [unused-ignore]
scripts/legacy_imports/migrate_terms.py:27: error: Function "datetime.datetime.date" is not valid as a type  [valid-type]
scripts/legacy_imports/migrate_terms.py:27: note: Perhaps you need "Callable[...]" or a callback protocol?
apps/moodle/tests/test_models.py:10: error: Module "apps.moodle.models" has no attribute "MoodleHealthCheck"  [attr-defined]
apps/moodle/tests/test_models.py:10: error: Module "apps.moodle.models" has no attribute "MoodleSync"; maybe "MoodleSyncStatus"?  [attr-defined]
apps/level_testing/management/commands/load_et_results.py:280: error: Argument 3 to "record_rejection" of "BaseMigrationCommand" has incompatible type "dict[str, str]"; expected "str"  [arg-type]
apps/level_testing/management/commands/load_et_results.py:306: error: Argument 3 to "record_rejection" of "BaseMigrationCommand" has incompatible type "dict[str, Any]"; expected "str"  [arg-type]
apps/level_testing/management/commands/load_et_results.py:319: error: Argument 3 to "record_rejection" of "BaseMigrationCommand" has incompatible type "dict[str, Any]"; expected "str"  [arg-type]
apps/level_testing/management/commands/load_et_results.py:336: error: Argument 3 to "record_rejection" of "BaseMigrationCommand" has incompatible type "dict[str, object]"; expected "str"  [arg-type]
apps/finance/models/pricing.py:496: error: Unused "type: ignore" comment  [unused-ignore]
apps/finance/management/commands/transitional/load_legacy_data.py:418: error: Need type annotation for "values" (hint: "values: list[<type>] = ...")  [var-annotated]
apps/finance/management/commands/ephemeral/extract_discount_dates.py:76: error: Need type annotation for "term_analysis"  [var-annotated]
apps/finance/management/commands/ephemeral/extract_discount_dates.py:117: error: Unsupported operand types for + ("object" and "int")  [operator]
apps/finance/management/commands/ephemeral/extract_discount_dates.py:123: error: "object" has no attribute "append"  [attr-defined]
apps/finance/management/commands/ephemeral/extract_discount_dates.py:131: error: Unsupported operand types for + ("object" and "int")  [operator]
apps/finance/management/commands/ephemeral/extract_discount_dates.py:141: error: "object" has no attribute "append"  [attr-defined]
apps/finance/management/commands/ephemeral/extract_discount_dates.py:154: error: "object" has no attribute "append"  [attr-defined]
apps/finance/management/commands/ephemeral/extract_discount_dates.py:293: error: "type[datetime]" has no attribute "timedelta"  [attr-defined]
apps/enrollment/models_progression.py:341: error: Unused "type: ignore" comment  [unused-ignore]
apps/enrollment/models_progression.py:723: error: Unused "type: ignore" comment  [unused-ignore]
apps/curriculum/admin.py:44: error: Need type annotation for "readonly_fields" (hint: "readonly_fields: list[<type>] = ...")  [var-annotated]
apps/curriculum/admin.py:482: error: Need type annotation for "readonly_fields" (hint: "readonly_fields: list[<type>] = ...")  [var-annotated]
apps/common/admin.py:348: error: "Callable[[SystemAuditLogAdmin, Any], Any]" has no attribute "short_description"  [attr-defined]
apps/common/admin.py:356: error: "Callable[[SystemAuditLogAdmin, Any], Any]" has no attribute "short_description"  [attr-defined]
apps/common/crud/mixins.py:156: error: Unused "type: ignore" comment  [unused-ignore]
apps/common/crud/mixins.py:344: error: Unused "type: ignore" comment  [unused-ignore]
apps/common/crud/mixins.py:355: error: Unused "type: ignore" comment  [unused-ignore]
apps/common/crud/mixins.py:460: error: Unused "type: ignore" comment  [unused-ignore]
apps/common/crud/mixins.py:461: error: Unused "type: ignore" comment  [unused-ignore]
apps/common/crud/mixins.py:486: error: Unused "type: ignore" comment  [unused-ignore]
apps/common/crud/mixins.py:488: error: Unused "type: ignore" comment  [unused-ignore]
apps/common/crud/mixins.py:524: error: Unused "type: ignore" comment  [unused-ignore]
apps/common/crud/mixins.py:540: error: Unused "type: ignore" comment  [unused-ignore]
apps/common/crud/mixins.py:547: error: Unused "type: ignore" comment  [unused-ignore]
apps/common/crud/mixins.py:584: error: Unused "type: ignore" comment  [unused-ignore]
apps/common/crud/mixins.py:587: error: Unused "type: ignore" comment  [unused-ignore]
apps/common/crud/mixins.py:598: error: Unused "type: ignore" comment  [unused-ignore]
apps/accounts/admin.py:452: error: "type[object]" has no attribute "actions"  [attr-defined]
apps/academic/models/fulfillment.py:219: error: Unused "type: ignore" comment  [unused-ignore]
users/tests/test_admin.py:53: error: Unused "type: ignore" comment  [unused-ignore]
scripts/utilities/mypy_aggressive_fixer.py:341: error: Unsupported target for indexed assignment ("object")  [index]
scripts/utilities/mypy_aggressive_fixer.py:352: error: Unsupported operand types for / ("object" and "int")  [operator]
scripts/utilities/mypy_aggressive_fixer.py:360: error: Unsupported operand types for <= ("int" and "object")  [operator]
scripts/utilities/mypy_aggressive_fixer.py:362: error: Unsupported operand types for <= ("int" and "object")  [operator]
scripts/utilities/fee_pricing_examples.py:38: note: By default the bodies of untyped functions are not checked, consider using --check-untyped-defs  [annotation-unchecked]
scripts/utilities/django_mypy_fixer.py:229: error: Need type annotation for "files" (hint: "files: list[<type>] = ...")  [var-annotated]
config/settings/evaluation.py:46: error: Name "MIDDLEWARE" is used before definition  [used-before-def]
config/settings/evaluation.py:272: error: Value of type "object" is not indexable  [index]
config/settings/evaluation.py:274: error: Unsupported target for indexed assignment ("object")  [index]
config/settings/evaluation.py:275: error: "object" has no attribute "values"  [attr-defined]
config/settings/evaluation.py:283: error: Value of type "object" is not indexable  [index]
config/settings/evaluation.py:285: error: Unsupported target for indexed assignment ("object")  [index]
config/settings/evaluation.py:344: error: Dict entry 1 has incompatible type "str": "dict[str, int]"; expected "str": "str"  [dict-item]
apps/moodle/services.py:7: error: Library stubs not installed for "requests"  [import-untyped]
apps/moodle/services.py:7: note: Hint: "python3 -m pip install types-requests"
apps/finance/models/gl.py:204: error: Unused "type: ignore" comment  [unused-ignore]
apps/finance/models/gl.py:220: error: Unused "type: ignore" comment  [unused-ignore]
apps/finance/models/gl.py:539: error: Unused "type: ignore" comment  [unused-ignore]
apps/finance/models/gl.py:540: error: Unused "type: ignore" comment  [unused-ignore]
apps/finance/models/gl.py:555: error: Unused "type: ignore" comment  [unused-ignore]
apps/data_pipeline/cleaners/engine.py:59: error: Argument 1 has incompatible type "str | float | None"; expected "str"  [arg-type]
apps/data_pipeline/cleaners/engine.py:184: error: Library stubs not installed for "dateutil"  [import-untyped]
apps/data_pipeline/cleaners/engine.py:184: note: Hint: "python3 -m pip install types-python-dateutil"
apps/data_pipeline/cleaners/engine.py:184: note: (or run "mypy --install-types" to install all missing stub packages)
apps/data_pipeline/cleaners/engine.py:184: note: See https://mypy.readthedocs.io/en/stable/running_mypy.html#missing-imports
apps/curriculum/management/commands/import_legacy_terms.py:206: error: Incompatible return value type (got "tuple[str, Any]", expected "str")  [return-value]
apps/common/audit_decorators.py:256: error: Incompatible return value type (got "_Wrapped[[VarArg(Any), KwArg(Any)], Any, [VarArg(Any), KwArg(Any)], Any]", expected "F")  [return-value]
apps/web_interface/utils.py:506: error: "str" not callable  [operator]
apps/web_interface/utils.py:511: error: "WebSocketTestMixin" has no attribute "user"  [attr-defined]
apps/moodle/tests/test_services.py:11: error: Module "apps.moodle.services" has no attribute "MoodleIntegrationService"  [attr-defined]
apps/data_pipeline/core/registry.py:18: note: By default the bodies of untyped functions are not checked, consider using --check-untyped-defs  [annotation-unchecked]
apps/data_pipeline/core/registry.py:19: note: By default the bodies of untyped functions are not checked, consider using --check-untyped-defs  [annotation-unchecked]
apps/data_pipeline/core/registry.py:20: note: By default the bodies of untyped functions are not checked, consider using --check-untyped-defs  [annotation-unchecked]
apps/data_pipeline/core/registry.py:221: error: Incompatible return value type (got "object", expected "dict[Any, Any]")  [return-value]
apps/accounts/services.py:199: error: Unused "type: ignore" comment  [unused-ignore]
apps/accounts/services.py:217: error: Unused "type: ignore" comment  [unused-ignore]
apps/accounts/services.py:231: error: Unused "type: ignore" comment  [unused-ignore]
apps/accounts/services.py:246: error: Unused "type: ignore" comment  [unused-ignore]
apps/accounts/services.py:263: error: Unused "type: ignore" comment  [unused-ignore]
apps/accounts/services.py:309: error: Unused "type: ignore" comment  [unused-ignore]
apps/accounts/services.py:310: error: Unused "type: ignore" comment  [unused-ignore]
apps/accounts/services.py:311: error: Unused "type: ignore" comment  [unused-ignore]
apps/accounts/services.py:318: error: Unused "type: ignore" comment  [unused-ignore]
apps/accounts/services.py:322: error: Unused "type: ignore" comment  [unused-ignore]
apps/accounts/services.py:323: error: Unused "type: ignore" comment  [unused-ignore]
apps/academic/services/transfer.py:73: error: Unused "type: ignore" comment  [unused-ignore]
apps/academic/services/transfer.py:79: error: Unused "type: ignore" comment  [unused-ignore]
apps/academic/services/transfer.py:93: error: Unused "type: ignore" comment  [unused-ignore]
apps/academic/services/transfer.py:161: error: Unused "type: ignore" comment  [unused-ignore]
apps/academic/services/transfer.py:167: error: Unused "type: ignore" comment  [unused-ignore]
apps/academic/services/transfer.py:181: error: Unused "type: ignore" comment  [unused-ignore]
apps/moodle/admin.py:38: error: "Callable[[MoodleSyncStatusAdmin, Any], Any]" has no attribute "short_description"  [attr-defined]
apps/moodle/admin.py:120: error: "Callable[[MoodleEnrollmentMappingAdmin, Any], Any]" has no attribute "short_description"  [attr-defined]
apps/moodle/admin.py:170: error: "Callable[[MoodleAPILogAdmin, Any], Any]" has no attribute "short_description"  [attr-defined]
apps/moodle/admin.py:178: error: "Callable[[MoodleAPILogAdmin, Any], Any]" has no attribute "short_description"  [attr-defined]
apps/moodle/admin.py:179: error: "Callable[[MoodleAPILogAdmin, Any], Any]" has no attribute "admin_order_field"  [attr-defined]
apps/scheduling/models_templates.py:291: error: Unused "type: ignore" comment  [unused-ignore]
apps/scheduling/models.py:1362: error: Incompatible return value type (got "tuple[str, Any]", expected "str")  [return-value]
apps/scheduling/models.py:1364: error: Incompatible return value type (got "tuple[str, Any]", expected "str")  [return-value]
apps/people/models.py:924: error: Unused "type: ignore" comment  [unused-ignore]
apps/people/models.py:1046: error: Unused "type: ignore" comment  [unused-ignore]
apps/people/models.py:1208: error: Unused "type: ignore" comment  [unused-ignore]
apps/people/models.py:1419: error: Unused "type: ignore" comment  [unused-ignore]
apps/enrollment/services.py:158: error: Unused "type: ignore" comment  [unused-ignore]
apps/enrollment/services.py:161: error: Unused "type: ignore" comment  [unused-ignore]
apps/enrollment/services.py:398: error: Unused "type: ignore" comment  [unused-ignore]
apps/enrollment/services.py:401: error: Unused "type: ignore" comment  [unused-ignore]
apps/enrollment/services.py:1134: error: Unused "type: ignore" comment  [unused-ignore]
apps/enrollment/services.py:1403: error: Incompatible default for argument "enrollment_type" (default has type "tuple[str, Any]", argument has type "str")  [assignment]
apps/enrollment/services.py:1748: error: Unused "type: ignore" comment  [unused-ignore]
apps/enrollment/services.py:2032: error: Unused "type: ignore" comment  [unused-ignore]
apps/enrollment/services.py:2033: error: Unused "type: ignore" comment  [unused-ignore]
apps/enrollment/services.py:2074: error: Unused "type: ignore" comment  [unused-ignore]
apps/enrollment/services.py:2225: error: Unused "type: ignore" comment  [unused-ignore]
apps/enrollment/services.py:2226: error: Unused "type: ignore" comment  [unused-ignore]
apps/enrollment/services.py:2243: error: Unused "type: ignore" comment  [unused-ignore]
apps/enrollment/services.py:2246: error: Unused "type: ignore" comment  [unused-ignore]
apps/enrollment/services.py:2361: error: Incompatible return value type (got "tuple[str, Any]", expected "str | None")  [return-value]
apps/enrollment/services.py:2365: error: Incompatible return value type (got "tuple[str, Any]", expected "str | None")  [return-value]
apps/data_pipeline/management/commands/validate_configs.py:12: error: Module "apps.data_pipeline.core.registry" has no attribute "TableRegistry"  [attr-defined]
apps/accounts/mixins.py:49: error: Unused "type: ignore" comment  [unused-ignore]
apps/accounts/tests/tests.py:15: error: Module "apps.accounts.services" has no attribute "RoleService"  [attr-defined]
apps/academic/services/exceptions.py:76: error: Unused "type: ignore" comment  [unused-ignore]
apps/academic/services/exceptions.py:164: error: Unused "type: ignore" comment  [unused-ignore]
apps/academic/services/exceptions.py:349: error: Unused "type: ignore" comment  [unused-ignore]
apps/academic/services/exceptions.py:436: error: Unused "type: ignore" comment  [unused-ignore]
users/management/commands/import_staff.py:114: error: "object" has no attribute "append"  [attr-defined]
users/management/commands/import_staff.py:161: error: Variable "users.management.commands.import_staff.User" is not valid as a type  [valid-type]
users/management/commands/import_staff.py:161: note: See https://mypy.readthedocs.io/en/stable/common_issues.html#variables-vs-type-aliases
users/management/commands/import_staff.py:186: error: Variable "users.management.commands.import_staff.User" is not valid as a type  [valid-type]
users/management/commands/import_staff.py:186: note: See https://mypy.readthedocs.io/en/stable/common_issues.html#variables-vs-type-aliases
users/management/commands/create_staff_profiles.py:103: error: "object" has no attribute "append"  [attr-defined]
users/management/commands/create_staff_profiles.py:109: error: Variable "users.management.commands.create_staff_profiles.User" is not valid as a type  [valid-type]
users/management/commands/create_staff_profiles.py:109: note: See https://mypy.readthedocs.io/en/stable/common_issues.html#variables-vs-type-aliases
users/management/commands/create_staff_profiles.py:112: error: User? has no attribute "email"  [attr-defined]
users/management/commands/create_staff_profiles.py:120: error: User? has no attribute "email"  [attr-defined]
users/management/commands/create_staff_profiles.py:120: error: User? has no attribute "name"  [attr-defined]
users/management/commands/create_staff_profiles.py:149: error: Variable "users.management.commands.create_staff_profiles.User" is not valid as a type  [valid-type]
users/management/commands/create_staff_profiles.py:149: note: See https://mypy.readthedocs.io/en/stable/common_issues.html#variables-vs-type-aliases
users/management/commands/create_staff_profiles.py:151: error: User? has no attribute "name"  [attr-defined]
users/management/commands/create_staff_profiles.py:155: error: User? has no attribute "name"  [attr-defined]
tests_legacy/unit/test_people_models.py:333: error: Unused "type: ignore" comment  [unused-ignore]
tests_legacy/unit/test_people_models.py:351: error: Unused "type: ignore" comment  [unused-ignore]
tests_legacy/unit/test_people_models.py:352: error: Unused "type: ignore" comment  [unused-ignore]
tests_legacy/unit/test_people_models.py:354: error: Unused "type: ignore" comment  [unused-ignore]
tests_legacy/unit/test_people_models.py:355: error: Unused "type: ignore" comment  [unused-ignore]
tests_legacy/unit/test_people_models.py:359: error: Unused "type: ignore" comment  [unused-ignore]
tests_legacy/unit/test_people_models.py:387: error: Unused "type: ignore" comment  [unused-ignore]
tests_legacy/unit/test_people_models.py:388: error: Unused "type: ignore" comment  [unused-ignore]
tests_legacy/unit/test_people_models.py:389: error: Unused "type: ignore" comment  [unused-ignore]
tests_legacy/unit/test_people_models.py:430: error: Unused "type: ignore" comment  [unused-ignore]
tests_legacy/unit/test_people_models.py:431: error: Unused "type: ignore" comment  [unused-ignore]
tests_legacy/unit/test_people_models.py:433: error: Unused "type: ignore" comment  [unused-ignore]
tests_legacy/unit/test_people_models.py:445: error: Unused "type: ignore" comment  [unused-ignore]
tests_legacy/unit/test_people_models.py:446: error: Unused "type: ignore" comment  [unused-ignore]
tests_legacy/unit/test_people_models.py:448: error: Unused "type: ignore" comment  [unused-ignore]
tests_legacy/unit/test_people_models.py:473: error: Unused "type: ignore" comment  [unused-ignore]
tests_legacy/unit/test_people_models.py:474: error: Unused "type: ignore" comment  [unused-ignore]
tests_legacy/unit/test_people_models.py:509: error: Unused "type: ignore" comment  [unused-ignore]
tests_legacy/unit/test_people_models.py:512: error: Unused "type: ignore" comment  [unused-ignore]
tests_legacy/unit/test_people_models.py:543: error: Unused "type: ignore" comment  [unused-ignore]
tests_legacy/unit/test_people_models.py:599: error: Unused "type: ignore" comment  [unused-ignore]
tests_legacy/unit/test_people_models.py:600: error: Unused "type: ignore" comment  [unused-ignore]
tests_legacy/unit/test_people_models.py:601: error: Unused "type: ignore" comment  [unused-ignore]
tests/factories/enrollment.py:8: error: Module "apps.enrollment.models" has no attribute "CourseOffering"  [attr-defined]
tests/factories/enrollment.py:8: error: Module "apps.enrollment.models" has no attribute "Enrollment"  [attr-defined]
scripts/migration_environment/production-ready/migrate_legacy_students_idempotent.py:124: note: By default the bodies of untyped functions are not checked, consider using --check-untyped-defs  [annotation-unchecked]
scripts/migration_environment/production-ready/migrate_legacy_students_idempotent.py:125: note: By default the bodies of untyped functions are not checked, consider using --check-untyped-defs  [annotation-unchecked]
scripts/migration_environment/production-ready/migrate_legacy_students_idempotent.py:130: note: By default the bodies of untyped functions are not checked, consider using --check-untyped-defs  [annotation-unchecked]
scripts/migration_environment/production-ready/migrate_legacy_students_idempotent.py:131: note: By default the bodies of untyped functions are not checked, consider using --check-untyped-defs  [annotation-unchecked]
scripts/migration_environment/production-ready/migrate_legacy_students_idempotent.py:311: error: Argument 1 to "append" of "list" has incompatible type "datetime"; expected "int"  [arg-type]
scripts/migration_environment/production-ready/migrate_legacy_students_idempotent.py:332: error: Argument 1 to "append" of "list" has incompatible type "datetime"; expected "int"  [arg-type]
scripts/migration_environment/production-ready/migrate_legacy_students_idempotent.py:918: error: Need type annotation for "recommendations" (hint: "recommendations: list[<type>] = ...")  [var-annotated]
scripts/migration_environment/production-ready/migrate_legacy_students_250708.py:171: error: Need type annotation for "recommendations" (hint: "recommendations: list[<type>] = ...")  [var-annotated]
scripts/management_reports/completion_dropout_analysis.py:60: error: Need type annotation for "report_data" (hint: "report_data: dict[<type>, <type>] = ...")  [var-annotated]
scripts/management_reports/completion_dropout_analysis.py:272: error: Incompatible return value type (got "dict[str, list[dict[str, Any]]]", expected "list[dict[Any, Any]]")  [return-value]
scripts/legacy_imports/migrate_legacy_class_headers.py:24: error: Module "apps.scheduling.models" has no attribute "TimeOfDay"  [attr-defined]
scripts/legacy_imports/load_acadcoursetakers_csv.py:8: error: Module "apps.scheduling.models" has no attribute "Enrollment"  [attr-defined]
apps/web_interface/views/student_locator_views.py:227: error: Unused "type: ignore" comment  [unused-ignore]
apps/web_interface/views/schedule_views.py:281: error: Unused "type: ignore" comment  [unused-ignore]
apps/web_interface/views/schedule_views.py:312: error: Need type annotation for "conflicts" (hint: "conflicts: list[<type>] = ...")  [var-annotated]
apps/scholarships/services/unified_scholarship_service.py:95: error: Argument "payment_mode" to "ScholarshipBenefit" has incompatible type "tuple[str, Any]"; expected "str"  [arg-type]
apps/scholarships/services/unified_scholarship_service.py:129: error: Argument "payment_mode" to "ScholarshipBenefit" has incompatible type "tuple[str, Any]"; expected "str"  [arg-type]
apps/scholarships/services/unified_scholarship_service.py:188: error: Argument "payment_mode" to "ScholarshipBenefit" has incompatible type "tuple[str, Any]"; expected "str"  [arg-type]
apps/scholarships/services/unified_scholarship_service.py:237: error: Argument "payment_mode" to "ScholarshipBenefit" has incompatible type "tuple[str, Any]"; expected "str"  [arg-type]
apps/scholarships/services/unified_scholarship_service.py:269: error: Dict entry 4 has incompatible type "str": "tuple[str, Any]"; expected "str": "Decimal | str | bool"  [dict-item]
apps/scheduling/views.py:97: error: "list[Any]" has no attribute "order_by"  [attr-defined]
apps/scheduling/services.py:240: error: Unused "type: ignore" comment  [unused-ignore]
apps/scheduling/services.py:280: error: Unused "type: ignore" comment  [unused-ignore]
apps/scheduling/services.py:789: error: Unused "type: ignore" comment  [unused-ignore]
apps/scheduling/services.py:832: error: Unused "type: ignore" comment  [unused-ignore]
apps/people/views_audit_example.py:17: error: Module "apps.people.models" has no attribute "Student"  [attr-defined]
apps/people/tasks.py:18: error: Module "apps.people.utils" has no attribute "PhotoReminder"  [attr-defined]
apps/people/tests/tests.py:48: error: Module "apps.people.models" has no attribute "TeacherLeaveRequest"  [attr-defined]
apps/people/tests/test_models.py:6: error: Module "apps.common.constants" has no attribute "Gender"  [attr-defined]
apps/people/tests/test_models.py:7: error: Module "apps.people.constants" has no attribute "CambodianProvinces"  [attr-defined]
apps/people/management/commands/transitional/import_student_photos.py:20: error: Module "apps.people.utils" has no attribute "PhotoProcessor"  [attr-defined]
apps/language/services.py:325: error: Unused "type: ignore" comment  [unused-ignore]
apps/language/services.py:343: error: Unused "type: ignore" comment  [unused-ignore]
apps/language/services.py:361: error: Argument "activity_type" to "log_student_activity" of "StudentActivityLog" has incompatible type "tuple[str, Any]"; expected "str"  [arg-type]
apps/language/services.py:618: error: Unused "type: ignore" comment  [unused-ignore]
apps/language/services.py:814: error: Argument "action_type" to "log_override" of "SystemAuditLog" has incompatible type "tuple[str, Any]"; expected "str"  [arg-type]
apps/language/services.py:875: error: Argument "action_type" to "log_override" of "SystemAuditLog" has incompatible type "tuple[str, Any]"; expected "str"  [arg-type]
apps/grading/services.py:221: error: Incompatible default for argument "grade_source" (default has type "tuple[str, Any]", argument has type "str")  [assignment]
apps/grading/services.py:388: error: Unused "type: ignore" comment  [unused-ignore]
apps/grading/services.py:810: error: Incompatible default for argument "grade_source" (default has type "tuple[str, Any]", argument has type "str")  [assignment]
apps/grading/services.py:862: error: Unused "type: ignore" comment  [unused-ignore]
apps/finance/services/automatic_discount_service.py:547: error: Name "time_of_day_filter" already defined on line 544  [no-redef]
apps/finance/models/core.py:409: error: Unused "type: ignore" comment  [unused-ignore]
apps/finance/models/core.py:799: error: Unused "type: ignore" comment  [unused-ignore]
apps/enrollment/progression_builder.py:254: error: Argument 3 to "_create_period_milestones" of "ProgressionBuilder" has incompatible type "tuple[str, Any]"; expected "str"  [arg-type]
apps/enrollment/progression_builder.py:273: error: Unused "type: ignore" comment  [unused-ignore]
apps/enrollment/progression_builder.py:312: error: Unused "type: ignore" comment  [unused-ignore]
apps/enrollment/progression_builder.py:329: error: Unused "type: ignore" comment  [unused-ignore]
apps/enrollment/progression_builder.py:349: error: Unused "type: ignore" comment  [unused-ignore]
apps/enrollment/progression_builder.py:350: error: Unused "type: ignore" comment  [unused-ignore]
apps/enrollment/progression_builder.py:354: error: Unused "type: ignore" comment  [unused-ignore]
apps/enrollment/progression_builder.py:390: error: Unused "type: ignore" comment  [unused-ignore]
apps/enrollment/progression_builder.py:391: error: Unused "type: ignore" comment  [unused-ignore]
apps/enrollment/progression_builder.py:393: error: Unused "type: ignore" comment  [unused-ignore]
apps/enrollment/progression_builder.py:407: error: Unused "type: ignore" comment  [unused-ignore]
apps/enrollment/progression_builder.py:419: error: Unused "type: ignore" comment  [unused-ignore]
apps/enrollment/progression_builder.py:420: error: Unused "type: ignore" comment  [unused-ignore]
apps/enrollment/progression_builder.py:422: error: Unused "type: ignore" comment  [unused-ignore]
apps/enrollment/progression_builder.py:429: error: Unused "type: ignore" comment  [unused-ignore]
apps/enrollment/progression_builder.py:461: error: Unused "type: ignore" comment  [unused-ignore]
apps/enrollment/progression_builder.py:503: error: Unused "type: ignore" comment  [unused-ignore]
apps/enrollment/progression_builder.py:504: error: Unused "type: ignore" comment  [unused-ignore]
apps/enrollment/progression_builder.py:521: error: Unused "type: ignore" comment  [unused-ignore]
apps/enrollment/progression_builder.py:647: error: Unused "type: ignore" comment  [unused-ignore]
apps/enrollment/progression_builder.py:685: error: Unused "type: ignore" comment  [unused-ignore]
apps/enrollment/progression_builder.py:686: error: Unused "type: ignore" comment  [unused-ignore]
apps/enrollment/progression_builder.py:703: error: Unused "type: ignore" comment  [unused-ignore]
apps/enrollment/progression_builder.py:767: error: Unused "type: ignore" comment  [unused-ignore]
apps/enrollment/progression_builder.py:769: error: Unused "type: ignore" comment  [unused-ignore]
apps/enrollment/progression_builder.py:974: error: Incompatible return value type (got "tuple[str, Any]", expected "str")  [return-value]
apps/enrollment/admin.py:933: error: "Callable[[ProgramPeriodInline, Any], Any]" has no attribute "short_description"  [attr-defined]
apps/enrollment/admin.py:939: error: "Callable[[ProgramPeriodInline, Any], Any]" has no attribute "short_description"  [attr-defined]
apps/enrollment/admin.py:948: error: "Callable[[ProgramPeriodInline, Any], Any]" has no attribute "short_description"  [attr-defined]
apps/enrollment/admin.py:956: error: "Callable[[ProgramPeriodInline, Any], Any]" has no attribute "short_description"  [attr-defined]
apps/enrollment/management/commands/import_academiccoursetakers_enhanced.py:768: error: Incompatible return value type (got "tuple[tuple[str, Any], int]", expected "tuple[str, int]")  [return-value]
apps/enrollment/management/commands/import_academiccoursetakers_enhanced.py:782: error: Incompatible return value type (got "tuple[tuple[str, Any], int]", expected "tuple[str, int]")  [return-value]
apps/enrollment/management/commands/import_academiccoursetakers_enhanced.py:968: error: Incompatible return value type (got "tuple[tuple[str, Any], int]", expected "tuple[str, int]")  [return-value]
apps/enrollment/management/commands/import_academiccoursetakers_enhanced.py:981: error: Incompatible return value type (got "tuple[tuple[str, Any], int]", expected "tuple[str, int]")  [return-value]
apps/enrollment/management/commands/import_academiccoursetakers_enhanced.py:985: error: Incompatible return value type (got "tuple[tuple[str, Any], int]", expected "tuple[str, int]")  [return-value]
apps/enrollment/management/commands/import_academiccoursetakers_enhanced.py:989: error: Incompatible return value type (got "tuple[tuple[str, Any], int]", expected "tuple[str, int]")  [return-value]
apps/enrollment/management/commands/import_academiccoursetakers_enhanced.py:1010: error: Incompatible return value type (got "tuple[tuple[str, Any], int]", expected "tuple[str, int]")  [return-value]
apps/enrollment/management/commands/import_academiccoursetakers_enhanced.py:1027: error: Incompatible return value type (got "tuple[tuple[str, Any], int]", expected "tuple[str, int]")  [return-value]
apps/enrollment/management/commands/import_academiccoursetakers_enhanced.py:1034: error: Incompatible return value type (got "tuple[tuple[str, Any], int]", expected "tuple[str, int]")  [return-value]
apps/enrollment/management/commands/import_academiccoursetakers_enhanced.py:1037: error: Incompatible return value type (got "tuple[tuple[str, Any], int]", expected "tuple[str, int]")  [return-value]
apps/enrollment/management/commands/import_academiccoursetakers_enhanced.py:1221: error: Incompatible return value type (got "tuple[str, Any]", expected "str")  [return-value]
apps/enrollment/management/commands/import_academiccoursetakers_enhanced.py:1230: error: Incompatible return value type (got "tuple[str, Any]", expected "str")  [return-value]
apps/enrollment/management/commands/import_academiccoursetakers_enhanced.py:1231: error: Incompatible return value type (got "tuple[str, Any]", expected "str")  [return-value]
apps/enrollment/management/commands/import_academiccoursetakers_enhanced.py:1238: error: Incompatible return value type (got "tuple[str, Any]", expected "str")  [return-value]
apps/enrollment/management/commands/import_academiccoursetakers_enhanced.py:1242: error: Incompatible return value type (got "tuple[str, Any]", expected "str")  [return-value]
apps/enrollment/management/commands/import_academiccoursetakers_enhanced.py:1244: error: Incompatible return value type (got "tuple[str, Any]", expected "str")  [return-value]
apps/enrollment/management/commands/import_academiccoursetakers_enhanced.py:1246: error: Incompatible return value type (got "tuple[str, Any]", expected "str")  [return-value]
apps/enrollment/management/commands/import_academiccoursetakers_enhanced.py:1249: error: Incompatible return value type (got "tuple[str, Any]", expected "str")  [return-value]
apps/enrollment/management/commands/import_academiccoursetakers_enhanced.py:1258: error: Incompatible return value type (got "tuple[str, Any]", expected "str")  [return-value]
apps/enrollment/management/commands/import_academiccoursetakers_enhanced.py:1261: error: Incompatible return value type (got "tuple[str, Any]", expected "str")  [return-value]
apps/enrollment/management/commands/import_academiccoursetakers_enhanced.py:1264: error: Incompatible return value type (got "tuple[str, Any]", expected "str")  [return-value]
apps/enrollment/management/commands/import_academiccoursetakers_enhanced.py:1269: error: Incompatible return value type (got "tuple[str, Any]", expected "str")  [return-value]
apps/enrollment/management/commands/import_academiccoursetakers_enhanced.py:1287: error: Incompatible return value type (got "tuple[str, Any]", expected "str")  [return-value]
apps/enrollment/management/commands/transitional/load_program_enrollments.py:308: error: Argument 3 to "record_rejection" of "BaseMigrationCommand" has incompatible type "dict[str, str]"; expected "str"  [arg-type]
apps/enrollment/management/commands/transitional/load_program_enrollments.py:443: error: Argument 3 to "record_rejection" of "BaseMigrationCommand" has incompatible type "dict[str, str]"; expected "str"  [arg-type]
apps/enrollment/management/commands/transitional/load_program_enrollments.py:450: error: Need type annotation for "term_programs"  [var-annotated]
apps/enrollment/management/commands/transitional/load_program_enrollments.py:456: error: "object" has no attribute "append"  [attr-defined]
apps/enrollment/management/commands/transitional/load_program_enrollments.py:457: error: "object" has no attribute "add"  [attr-defined]
apps/enrollment/management/commands/transitional/load_program_enrollments.py:463: error: Unsupported operand types for + ("object" and "float")  [operator]
apps/enrollment/management/commands/transitional/load_program_enrollments.py:464: error: Unsupported operand types for + ("object" and "float")  [operator]
apps/enrollment/management/commands/transitional/load_program_enrollments.py:470: error: No overload variant of "list" matches argument type "object"  [call-overload]
apps/enrollment/management/commands/transitional/load_program_enrollments.py:470: note: Possible overload variants:
apps/enrollment/management/commands/transitional/load_program_enrollments.py:470: note:     def [_T] list(self) -> list[_T]
apps/enrollment/management/commands/transitional/load_program_enrollments.py:470: note:     def [_T] list(self, Iterable[_T], /) -> list[_T]
apps/enrollment/management/commands/transitional/load_program_enrollments.py:479: error: Need type annotation for "program_groups"  [var-annotated]
apps/enrollment/management/commands/transitional/load_program_enrollments.py:501: error: "object" has no attribute "append"  [attr-defined]
apps/enrollment/management/commands/transitional/load_program_enrollments.py:502: error: "object" has no attribute "extend"  [attr-defined]
apps/enrollment/management/commands/transitional/load_program_enrollments.py:505: error: Unsupported target for indexed assignment ("object")  [index]
apps/enrollment/management/commands/transitional/load_program_enrollments.py:516: error: No overload variant of "sorted" matches argument type "object"  [call-overload]
apps/enrollment/management/commands/transitional/load_program_enrollments.py:516: note: Possible overload variants:
apps/enrollment/management/commands/transitional/load_program_enrollments.py:516: note:     def [SupportsRichComparisonT: SupportsDunderLT[Any] | SupportsDunderGT[Any]] sorted(Iterable[SupportsRichComparisonT], /, *, key: None = ..., reverse: bool = ...) -> list[SupportsRichComparisonT]
apps/enrollment/management/commands/transitional/load_program_enrollments.py:516: note:     def [_T] sorted(Iterable[_T], /, *, key: Callable[[_T], SupportsDunderLT[Any] | SupportsDunderGT[Any]], reverse: bool = ...) -> list[_T]
apps/enrollment/management/commands/transitional/load_program_enrollments.py:546: error: Argument 3 to "record_rejection" of "BaseMigrationCommand" has incompatible type "dict[str, Any]"; expected "str"  [arg-type]
apps/enrollment/management/commands/transitional/load_program_enrollments.py:558: error: Argument 3 to "record_rejection" of "BaseMigrationCommand" has incompatible type "dict[str, Any]"; expected "str"  [arg-type]
apps/enrollment/management/commands/transitional/load_program_enrollments.py:660: error: Incompatible types in assignment (expression has type "float", variable has type "int")  [assignment]
apps/enrollment/management/commands/transitional/load_program_enrollments.py:769: error: Need type annotation for "signature_majors"  [var-annotated]
apps/enrollment/management/commands/transitional/load_program_enrollments.py:855: error: Need type annotation for "signature_majors"  [var-annotated]
apps/enrollment/management/commands/transitional/load_program_enrollments.py:897: error: Need type annotation for "signature_majors"  [var-annotated]
apps/enrollment/management/commands/transitional/load_program_enrollments.py:1016: error: Argument 3 to "record_rejection" of "BaseMigrationCommand" has incompatible type "dict[str, str]"; expected "str"  [arg-type]
apps/enrollment/management/commands/transitional/load_program_enrollments.py:1197: error: Incompatible return value type (got "tuple[str, Any]", expected "str")  [return-value]
apps/enrollment/management/commands/transitional/load_program_enrollments.py:1200: error: Incompatible return value type (got "tuple[str, Any]", expected "str")  [return-value]
apps/enrollment/management/commands/transitional/import_academiccoursetakers_enhanced.py:762: error: Incompatible return value type (got "tuple[tuple[str, Any], int]", expected "tuple[str, int]")  [return-value]
apps/enrollment/management/commands/transitional/import_academiccoursetakers_enhanced.py:776: error: Incompatible return value type (got "tuple[tuple[str, Any], int]", expected "tuple[str, int]")  [return-value]
apps/enrollment/management/commands/transitional/import_academiccoursetakers_enhanced.py:962: error: Incompatible return value type (got "tuple[tuple[str, Any], int]", expected "tuple[str, int]")  [return-value]
apps/enrollment/management/commands/transitional/import_academiccoursetakers_enhanced.py:975: error: Incompatible return value type (got "tuple[tuple[str, Any], int]", expected "tuple[str, int]")  [return-value]
apps/enrollment/management/commands/transitional/import_academiccoursetakers_enhanced.py:979: error: Incompatible return value type (got "tuple[tuple[str, Any], int]", expected "tuple[str, int]")  [return-value]
apps/enrollment/management/commands/transitional/import_academiccoursetakers_enhanced.py:983: error: Incompatible return value type (got "tuple[tuple[str, Any], int]", expected "tuple[str, int]")  [return-value]
apps/enrollment/management/commands/transitional/import_academiccoursetakers_enhanced.py:1004: error: Incompatible return value type (got "tuple[tuple[str, Any], int]", expected "tuple[str, int]")  [return-value]
apps/enrollment/management/commands/transitional/import_academiccoursetakers_enhanced.py:1021: error: Incompatible return value type (got "tuple[tuple[str, Any], int]", expected "tuple[str, int]")  [return-value]
apps/enrollment/management/commands/transitional/import_academiccoursetakers_enhanced.py:1028: error: Incompatible return value type (got "tuple[tuple[str, Any], int]", expected "tuple[str, int]")  [return-value]
apps/enrollment/management/commands/transitional/import_academiccoursetakers_enhanced.py:1031: error: Incompatible return value type (got "tuple[tuple[str, Any], int]", expected "tuple[str, int]")  [return-value]
apps/enrollment/management/commands/transitional/import_academiccoursetakers_enhanced.py:1215: error: Incompatible return value type (got "tuple[str, Any]", expected "str")  [return-value]
apps/enrollment/management/commands/transitional/import_academiccoursetakers_enhanced.py:1224: error: Incompatible return value type (got "tuple[str, Any]", expected "str")  [return-value]
apps/enrollment/management/commands/transitional/import_academiccoursetakers_enhanced.py:1225: error: Incompatible return value type (got "tuple[str, Any]", expected "str")  [return-value]
apps/enrollment/management/commands/transitional/import_academiccoursetakers_enhanced.py:1232: error: Incompatible return value type (got "tuple[str, Any]", expected "str")  [return-value]
apps/enrollment/management/commands/transitional/import_academiccoursetakers_enhanced.py:1236: error: Incompatible return value type (got "tuple[str, Any]", expected "str")  [return-value]
apps/enrollment/management/commands/transitional/import_academiccoursetakers_enhanced.py:1238: error: Incompatible return value type (got "tuple[str, Any]", expected "str")  [return-value]
apps/enrollment/management/commands/transitional/import_academiccoursetakers_enhanced.py:1240: error: Incompatible return value type (got "tuple[str, Any]", expected "str")  [return-value]
apps/enrollment/management/commands/transitional/import_academiccoursetakers_enhanced.py:1243: error: Incompatible return value type (got "tuple[str, Any]", expected "str")  [return-value]
apps/enrollment/management/commands/transitional/import_academiccoursetakers_enhanced.py:1252: error: Incompatible return value type (got "tuple[str, Any]", expected "str")  [return-value]
apps/enrollment/management/commands/transitional/import_academiccoursetakers_enhanced.py:1255: error: Incompatible return value type (got "tuple[str, Any]", expected "str")  [return-value]
apps/enrollment/management/commands/transitional/import_academiccoursetakers_enhanced.py:1258: error: Incompatible return value type (got "tuple[str, Any]", expected "str")  [return-value]
apps/enrollment/management/commands/transitional/import_academiccoursetakers_enhanced.py:1263: error: Incompatible return value type (got "tuple[str, Any]", expected "str")  [return-value]
apps/enrollment/management/commands/transitional/import_academiccoursetakers_enhanced.py:1281: error: Incompatible return value type (got "tuple[str, Any]", expected "str")  [return-value]
apps/enrollment/management/commands/transitional/import_academiccoursetakers.py:598: error: Invalid index type "str" for "dict[tuple[str, str, str], ClassHeader]"; expected type "tuple[str, str, str]"  [index]
apps/enrollment/management/commands/transitional/import_academiccoursetakers.py:627: error: Invalid index type "str" for "dict[tuple[str, str, str], ClassHeader]"; expected type "tuple[str, str, str]"  [index]
apps/enrollment/management/commands/transitional/import_academiccoursetakers.py:797: error: Incompatible return value type (got "tuple[str, Any]", expected "str")  [return-value]
apps/enrollment/management/commands/transitional/import_academiccoursetakers.py:806: error: Incompatible return value type (got "tuple[str, Any]", expected "str")  [return-value]
apps/enrollment/management/commands/transitional/import_academiccoursetakers.py:807: error: Incompatible return value type (got "tuple[str, Any]", expected "str")  [return-value]
apps/enrollment/management/commands/transitional/import_academiccoursetakers.py:816: error: Incompatible return value type (got "tuple[str, Any]", expected "str")  [return-value]
apps/enrollment/management/commands/transitional/import_academiccoursetakers.py:820: error: Incompatible return value type (got "tuple[str, Any]", expected "str")  [return-value]
apps/enrollment/management/commands/transitional/import_academiccoursetakers.py:822: error: Incompatible return value type (got "tuple[str, Any]", expected "str")  [return-value]
apps/enrollment/management/commands/transitional/import_academiccoursetakers.py:824: error: Incompatible return value type (got "tuple[str, Any]", expected "str")  [return-value]
apps/enrollment/management/commands/transitional/import_academiccoursetakers.py:827: error: Incompatible return value type (got "tuple[str, Any]", expected "str")  [return-value]
apps/enrollment/management/commands/transitional/import_academiccoursetakers.py:836: error: Incompatible return value type (got "tuple[str, Any]", expected "str")  [return-value]
apps/enrollment/management/commands/transitional/import_academiccoursetakers.py:839: error: Incompatible return value type (got "tuple[str, Any]", expected "str")  [return-value]
apps/enrollment/management/commands/transitional/import_academiccoursetakers.py:842: error: Incompatible return value type (got "tuple[str, Any]", expected "str")  [return-value]
apps/enrollment/management/commands/transitional/import_academiccoursetakers.py:886: error: Incompatible return value type (got "tuple[str, Any]", expected "str")  [return-value]
apps/enrollment/management/commands/transitional/import_academiccoursetakers.py:913: error: Incompatible return value type (got "tuple[str, Any]", expected "str")  [return-value]
apps/enrollment/management/commands/transitional/import_academiccoursetakers.py:915: error: Incompatible return value type (got "tuple[str, Any]", expected "str")  [return-value]
apps/enrollment/management/commands/transitional/fix_enrollment_statuses.py:113: error: Incompatible return value type (got "tuple[str, Any]", expected "str")  [return-value]
apps/enrollment/management/commands/transitional/fix_enrollment_statuses.py:115: error: Incompatible return value type (got "tuple[str, Any]", expected "str")  [return-value]
apps/enrollment/management/commands/transitional/fix_enrollment_statuses.py:118: error: Incompatible return value type (got "tuple[str, Any]", expected "str")  [return-value]
apps/enrollment/management/commands/transitional/fix_enrollment_statuses.py:125: error: Incompatible return value type (got "tuple[str, Any]", expected "str")  [return-value]
apps/enrollment/management/commands/transitional/fix_enrollment_statuses.py:128: error: Incompatible return value type (got "tuple[str, Any]", expected "str")  [return-value]
apps/common/management/commands/production/generate_program_enrollments.py:131: error: Incompatible return value type (got "tuple[Any, tuple[str, Any]]", expected "tuple[Major | None, str]")  [return-value]
apps/common/management/commands/production/generate_program_enrollments.py:133: error: Incompatible return value type (got "tuple[None, tuple[str, Any]]", expected "tuple[Major | None, str]")  [return-value]
apps/common/management/commands/production/generate_program_enrollments.py:138: error: Incompatible return value type (got "tuple[str, Any]", expected "str")  [return-value]
apps/common/examples/audit_integration_examples.py:18: error: Module "apps.people.models" has no attribute "Student"  [attr-defined]
apps/common/examples/audit_integration_examples.py:112: error: Module "apps.enrollment.models" has no attribute "Course"  [attr-defined]
apps/common/examples/audit_integration_examples.py:112: error: Module "apps.enrollment.models" has no attribute "Enrollment"  [attr-defined]
apps/common/examples/audit_integration_examples.py:231: error: Module "apps.enrollment.models" has no attribute "Course"  [attr-defined]
apps/common/examples/audit_integration_examples.py:231: error: Module "apps.enrollment.models" has no attribute "Enrollment"  [attr-defined]
apps/common/examples/audit_integration_examples.py:232: error: Module "apps.grading.models" has no attribute "Grade"  [attr-defined]
apps/academic/services/fulfillment.py:190: error: Unused "type: ignore" comment  [unused-ignore]
apps/academic/services/fulfillment.py:236: error: Unused "type: ignore" comment  [unused-ignore]
apps/academic/services/fulfillment.py:243: error: Unused "type: ignore" comment  [unused-ignore]
apps/academic/services/degree_audit.py:175: error: Module "apps.grading.models" has no attribute "StudentGPA"  [attr-defined]
apps/academic/management/commands/transitional/populate_student_requirements.py:32: error: Module "apps.academic.models" has no attribute "StudentRequirementFulfillment"  [attr-defined]
apps/academic/management/commands/transitional/populate_student_requirements.py:34: error: Module "apps.enrollment.models" has no attribute "ClassEnrollment"; maybe "ClassPartEnrollment" or "ClassHeaderEnrollment"?  [attr-defined]
apps/academic/management/commands/transitional/populate_student_requirements.py:215: error: Incompatible types in assignment (expression has type "str", target has type "int")  [assignment]
apps/academic/management/commands/transitional/populate_student_requirements.py:230: error: Incompatible types in assignment (expression has type "str", target has type "int")  [assignment]
apps/academic/management/commands/transitional/populate_student_requirements.py:243: error: Incompatible types in assignment (expression has type "str", target has type "int")  [assignment]
apps/academic/management/commands/transitional/populate_student_requirements.py:306: error: Incompatible types in assignment (expression has type "str", target has type "int")  [assignment]
apps/academic/management/commands/transitional/populate_course_fulfillments.py:16: error: Module "apps.academic.models" has no attribute "StudentRequirementFulfillment"  [attr-defined]
tests_legacy/utils.py:19: error: Module "apps.people.factories" has no attribute "TeacherProfileFactory"  [attr-defined]
tests_legacy/fixtures/enrollment_factories.py:8: error: Module "apps.enrollment.models" has no attribute "AddRequest"  [attr-defined]
tests_legacy/fixtures/enrollment_factories.py:8: error: Module "apps.enrollment.models" has no attribute "DropRequest"  [attr-defined]
tests_legacy/fixtures/enrollment_factories.py:8: error: Module "apps.enrollment.models" has no attribute "EnrollmentHistory"  [attr-defined]
tests_legacy/fixtures/enrollment_factories.py:8: error: Module "apps.enrollment.models" has no attribute "EnrollmentStatus"  [attr-defined]
tests_legacy/fixtures/enrollment_factories.py:8: error: Module "apps.enrollment.models" has no attribute "Registration"  [attr-defined]
tests_legacy/fixtures/enrollment_factories.py:8: error: Module "apps.enrollment.models" has no attribute "RegistrationHold"  [attr-defined]
tests_legacy/fixtures/enrollment_factories.py:8: error: Module "apps.enrollment.models" has no attribute "Waitlist"  [attr-defined]
tests/factories/finance.py:11: error: Module "apps.finance.models.pricing" has no attribute "PricingRule"  [attr-defined]
apps/scholarships/management/commands/transitional/import_scholarships_from_receipts.py:157: error: Need type annotation for "categories" (hint: "categories: dict[<type>, <type>] = ...")  [var-annotated]
apps/scheduling/admin.py:417: error: Need type annotation for "filter_horizontal" (hint: "filter_horizontal: list[<type>] = ...")  [var-annotated]
apps/grading/gpa.py:640: error: Name "standing_counts" already defined on line 634  [no-redef]
apps/finance/management/commands/ephemeral/migrate_discount_dates.py:526: error: Need type annotation for "methods"  [var-annotated]
apps/finance/management/commands/ephemeral/migrate_discount_dates.py:533: error: Incompatible types in assignment (expression has type "float", variable has type "int")  [assignment]
apps/enrollment/services_audit_example.py:109: error: Variable "apps.enrollment.services_audit_example.User" is not valid as a type  [valid-type]
apps/enrollment/services_audit_example.py:109: note: See https://mypy.readthedocs.io/en/stable/common_issues.html#variables-vs-type-aliases
apps/enrollment/services_audit_example.py:210: error: Variable "apps.enrollment.services_audit_example.User" is not valid as a type  [valid-type]
apps/enrollment/services_audit_example.py:210: note: See https://mypy.readthedocs.io/en/stable/common_issues.html#variables-vs-type-aliases
apps/enrollment/services_audit_example.py:280: error: Variable "apps.enrollment.services_audit_example.User" is not valid as a type  [valid-type]
apps/enrollment/services_audit_example.py:280: note: See https://mypy.readthedocs.io/en/stable/common_issues.html#variables-vs-type-aliases
apps/enrollment/services_audit_example.py:410: error: Variable "apps.enrollment.services_audit_example.User" is not valid as a type  [valid-type]
apps/enrollment/services_audit_example.py:410: note: See https://mypy.readthedocs.io/en/stable/common_issues.html#variables-vs-type-aliases
apps/enrollment/services_audit_example.py:426: error: "type[Grade]" has no attribute "objects"  [attr-defined]
apps/enrollment/services_audit_example.py:513: error: Variable "apps.enrollment.services_audit_example.User" is not valid as a type  [valid-type]
apps/enrollment/services_audit_example.py:513: note: See https://mypy.readthedocs.io/en/stable/common_issues.html#variables-vs-type-aliases
apps/enrollment/services_audit_example.py:545: error: "type[Grade]" has no attribute "objects"  [attr-defined]
apps/enrollment/services_audit_example.py:545: error: "type[GradeType]" has no attribute "FINAL"  [attr-defined]
apps/enrollment/services_audit_example.py:547: error: "type[Grade]" has no attribute "DoesNotExist"  [attr-defined]
apps/enrollment/services_audit_example.py:554: error: "type[GradeType]" has no attribute "FINAL"  [attr-defined]
apps/enrollment/services_audit_example.py:630: error: "Grade" has no attribute "grade"  [attr-defined]
apps/enrollment/services_audit_example.py:643: error: Variable "apps.enrollment.services_audit_example.User" is not valid as a type  [valid-type]
apps/enrollment/services_audit_example.py:643: note: See https://mypy.readthedocs.io/en/stable/common_issues.html#variables-vs-type-aliases
apps/enrollment/management/commands/transitional/populate_academic_progression_from_csv.py:329: error: Too many arguments for "record_success" of "BaseMigrationCommand"  [call-arg]
apps/enrollment/management/commands/transitional/populate_academic_progression.py:225: error: Too many arguments for "record_success" of "BaseMigrationCommand"  [call-arg]
apps/attendance/services.py:87: error: Unused "type: ignore" comment  [unused-ignore]
apps/attendance/services.py:88: error: Unused "type: ignore" comment  [unused-ignore]
apps/attendance/services.py:92: error: Unused "type: ignore" comment  [unused-ignore]
apps/attendance/services.py:242: error: Unused "type: ignore" comment  [unused-ignore]
apps/attendance/services.py:444: error: Unused "type: ignore" comment  [unused-ignore]
apps/accounts/tests/unit/test_auth_comprehensive.py:37: error: Module "apps.accounts.tests.factories" has no attribute "PositionAssignmentFactory"  [attr-defined]
apps/accounts/tests/unit/test_auth_comprehensive.py:37: error: Module "apps.accounts.tests.factories" has no attribute "PositionFactory"  [attr-defined]
apps/accounts/tests/unit/test_auth_comprehensive.py:46: error: Module "apps.people.tests.factories" has no attribute "TeacherProfileFactory"  [attr-defined]
apps/academic_records/views/transcript_views.py:313: error: Need type annotation for "terms_data" (hint: "terms_data: dict[<type>, <type>] = ...")  [var-annotated]
apps/academic/management/commands/transitional/reconcile_equivalency_fulfillments.py:207: error: "object" has no attribute "extend"  [attr-defined]
apps/academic/management/commands/transitional/reconcile_equivalency_fulfillments.py:226: error: Unsupported operand types for + ("object" and "int")  [operator]
apps/academic/management/commands/transitional/reconcile_equivalency_fulfillments.py:229: error: Unsupported operand types for + ("object" and "int")  [operator]
apps/academic/management/commands/transitional/reconcile_equivalency_fulfillments.py:230: error: "object" has no attribute "append"  [attr-defined]
apps/academic/management/commands/transitional/reconcile_equivalency_fulfillments.py:240: error: Unsupported operand types for + ("object" and "int")  [operator]
apps/academic/management/commands/transitional/reconcile_equivalency_fulfillments.py:243: error: Unsupported operand types for + ("object" and "int")  [operator]
apps/academic/management/commands/transitional/reconcile_equivalency_fulfillments.py:244: error: "object" has no attribute "append"  [attr-defined]
scripts/translation-tools/translate_po_fast.py:12: error: Library stubs not installed for "polib"  [import-untyped]
apps/level_testing/fee_service.py:85: error: Unused "type: ignore" comment  [unused-ignore]
apps/level_testing/fee_service.py:396: error: Unsupported operand types for * ("Decimal" and "float")  [operator]
apps/finance/admin_optimized.py:106: error: Need type annotation for "inlines" (hint: "inlines: list[<type>] = ...")  [var-annotated]
apps/finance/admin_optimized.py:170: error: Unused "type: ignore" comment  [unused-ignore]
apps/finance/admin_optimized.py:175: error: Unused "type: ignore" comment  [unused-ignore]
apps/finance/services/separated_pricing_service.py:330: error: Incompatible return value type (got "tuple[str, Any]", expected "GroupSizeTier")  [return-value]
apps/finance/services/separated_pricing_service.py:332: error: Incompatible return value type (got "tuple[str, Any]", expected "GroupSizeTier")  [return-value]
apps/finance/services/separated_pricing_service.py:334: error: Incompatible return value type (got "tuple[str, Any]", expected "GroupSizeTier")  [return-value]
apps/finance/services/separated_pricing_service.py:336: error: Incompatible return value type (got "tuple[str, Any]", expected "GroupSizeTier")  [return-value]
apps/finance/services/separated_pricing_service.py:399: error: Incompatible return value type (got "tuple[str, Any]", expected "ClassSizeTier")  [return-value]
apps/finance/services/separated_pricing_service.py:401: error: Incompatible return value type (got "tuple[str, Any]", expected "ClassSizeTier")  [return-value]
apps/finance/services/separated_pricing_service.py:403: error: Incompatible return value type (got "tuple[str, Any]", expected "ClassSizeTier")  [return-value]
apps/finance/services/separated_pricing_service.py:468: error: Unused "type: ignore" comment  [unused-ignore]
apps/finance/services/separated_pricing_service.py:470: error: Unused "type: ignore" comment  [unused-ignore]
apps/finance/services/separated_pricing_service.py:472: error: Unused "type: ignore" comment  [unused-ignore]
apps/finance/services/separated_pricing_service.py:474: error: Unused "type: ignore" comment  [unused-ignore]
apps/finance/services/separated_pricing_service.py:516: error: Unused "type: ignore" comment  [unused-ignore]
apps/finance/services/separated_pricing_service.py:517: error: Unused "type: ignore" comment  [unused-ignore]
apps/finance/services/separated_pricing_service.py:562: error: Incompatible return value type (got "tuple[Any, tuple[str, Any], dict[str, Any]]", expected "tuple[Decimal, str, dict[str, Any]]")  [return-value]
apps/finance/services/report_service.py:254: error: Unused "type: ignore" comment  [unused-ignore]
apps/finance/services/report_service.py:257: error: Unused "type: ignore" comment  [unused-ignore]
apps/finance/services/reconciliation_service.py:85: error: Argument "status_value" to "_mark_reconciled" of "ReconciliationService" has incompatible type "tuple[str, Any]"; expected "str"  [arg-type]
apps/finance/services/reconciliation_service.py:95: error: Argument "status_value" to "_mark_reconciled" of "ReconciliationService" has incompatible type "tuple[str, Any]"; expected "str"  [arg-type]
apps/finance/services/reconciliation_service.py:105: error: Argument "status_value" to "_mark_reconciled" of "ReconciliationService" has incompatible type "tuple[str, Any]"; expected "str"  [arg-type]
apps/finance/services/reconciliation_service.py:120: error: Unused "type: ignore" comment  [unused-ignore]
apps/finance/services/reconciliation_service.py:121: error: Unused "type: ignore" comment  [unused-ignore]
apps/finance/services/reconciliation_service.py:129: error: Unused "type: ignore" comment  [unused-ignore]
apps/finance/services/reconciliation_service.py:141: error: Argument "pricing_method" to "ReconciliationMatchResult" has incompatible type "tuple[str, Any]"; expected "str | None"  [arg-type]
apps/finance/services/reconciliation_service.py:152: error: Unused "type: ignore" comment  [unused-ignore]
apps/finance/services/reconciliation_service.py:153: error: Unused "type: ignore" comment  [unused-ignore]
apps/finance/services/reconciliation_service.py:161: error: Unused "type: ignore" comment  [unused-ignore]
apps/finance/services/reconciliation_service.py:175: error: Argument "pricing_method" to "ReconciliationMatchResult" has incompatible type "tuple[str, Any]"; expected "str | None"  [arg-type]
apps/finance/services/reconciliation_service.py:185: error: Unused "type: ignore" comment  [unused-ignore]
apps/finance/services/reconciliation_service.py:201: error: Unused "type: ignore" comment  [unused-ignore]
apps/finance/services/reconciliation_service.py:213: error: Argument "pricing_method" to "ReconciliationMatchResult" has incompatible type "tuple[str, Any]"; expected "str | None"  [arg-type]
apps/finance/services/reconciliation_service.py:333: error: Argument 1 to "get_threshold" of "MaterialityThreshold" has incompatible type "tuple[str, Any]"; expected "str"  [arg-type]
apps/finance/services/reconciliation_service.py:360: error: Unused "type: ignore" comment  [unused-ignore]
apps/finance/services/reconciliation_service.py:380: error: Unused "type: ignore" comment  [unused-ignore]
apps/finance/services/reconciliation_service.py:385: error: Unused "type: ignore" comment  [unused-ignore]
apps/finance/services/reconciliation_service.py:390: error: Argument 1 to "get_threshold" of "MaterialityThreshold" has incompatible type "tuple[str, Any]"; expected "str"  [arg-type]
apps/finance/services/reconciliation_service.py:621: error: Argument 1 to "get_threshold" of "MaterialityThreshold" has incompatible type "tuple[str, Any]"; expected "str"  [arg-type]
apps/finance/management/commands/transitional/reconstruct_ar_from_legacy.py:39: error: Return type "dict[str, str]" of "get_rejection_categories" incompatible with return type "list[str]" in supertype "apps.common.management.base_migration.BaseMigrationCommand"  [override]
apps/finance/management/commands/transitional/import_language_pricing.py:56: error: Return type "dict[str, str]" of "get_rejection_categories" incompatible with return type "list[str]" in supertype "apps.common.management.base_migration.BaseMigrationCommand"  [override]
apps/attendance/tests/test_api.py:420: note: By default the bodies of untyped functions are not checked, consider using --check-untyped-defs  [annotation-unchecked]
apps/finance/services/administrative.py:186: error: Unused "type: ignore" comment  [unused-ignore]
apps/level_testing/views_payment_first.py:399: error: Incompatible types in assignment (expression has type "Image", variable has type "ImageFile")  [assignment]
apps/level_testing/views.py:74: error: "ApplicationWizardMixin" has no attribute "request"  [attr-defined]
apps/level_testing/views.py:86: error: "ApplicationWizardMixin" has no attribute "request"  [attr-defined]
apps/level_testing/views.py:87: error: "ApplicationWizardMixin" has no attribute "request"  [attr-defined]
apps/level_testing/views.py:103: error: "ApplicationWizardMixin" has no attribute "request"  [attr-defined]
apps/level_testing/views.py:104: error: "ApplicationWizardMixin" has no attribute "request"  [attr-defined]
apps/level_testing/views.py:108: error: "ApplicationWizardMixin" has no attribute "request"  [attr-defined]
apps/level_testing/views.py:112: error: "ApplicationWizardMixin" has no attribute "request"  [attr-defined]
apps/level_testing/views.py:113: error: "ApplicationWizardMixin" has no attribute "request"  [attr-defined]
apps/finance/tests/critical_path_factories.py:538: error: "object" has no attribute "append"  [attr-defined]
apps/finance/tests/critical_path_factories.py:550: error: "object" has no attribute "append"  [attr-defined]
apps/finance/tests/critical_path_factories.py:561: error: "object" has no attribute "append"  [attr-defined]
apps/finance/services/scholarship_reconciliation_service.py:63: error: Argument "status_value" to "_mark_reconciled" of "ScholarshipReconciliationService" has incompatible type "tuple[str, Any]"; expected "str"  [arg-type]
apps/finance/services/scholarship_reconciliation_service.py:73: error: Argument "status_value" to "_mark_reconciled" of "ScholarshipReconciliationService" has incompatible type "tuple[str, Any]"; expected "str"  [arg-type]
apps/finance/services/scholarship_reconciliation_service.py:83: error: Argument "status_value" to "_mark_reconciled" of "ScholarshipReconciliationService" has incompatible type "tuple[str, Any]"; expected "str"  [arg-type]
apps/finance/services/scholarship_reconciliation_service.py:93: error: Argument "status_value" to "_mark_reconciled" of "ScholarshipReconciliationService" has incompatible type "tuple[str, Any]"; expected "str"  [arg-type]
apps/finance/services/scholarship_reconciliation_service.py:124: error: Argument "pricing_method" to "ReconciliationMatchResult" has incompatible type "tuple[str, Any]"; expected "str | None"  [arg-type]
apps/finance/services/scholarship_reconciliation_service.py:157: error: Argument "pricing_method" to "ReconciliationMatchResult" has incompatible type "tuple[str, Any]"; expected "str | None"  [arg-type]
apps/finance/services/enhanced_reconciliation_service.py:365: error: Argument 1 to "get_threshold" of "MaterialityThreshold" has incompatible type "tuple[str, Any]"; expected "str"  [arg-type]
apps/finance/services/enhanced_reconciliation_service.py:397: error: Incompatible return value type (got "tuple[str, Any]", expected "str")  [return-value]
apps/finance/services/enhanced_reconciliation_service.py:399: error: Incompatible return value type (got "tuple[str, Any]", expected "str")  [return-value]
apps/finance/services/enhanced_reconciliation_service.py:401: error: Incompatible return value type (got "tuple[str, Any]", expected "str")  [return-value]
apps/finance/services/enhanced_reconciliation_service.py:403: error: Incompatible return value type (got "tuple[str, Any]", expected "str")  [return-value]
apps/finance/management/commands/ephemeral/run_sis_integration_test.py:384: error: Need type annotation for "parsed_details" (hint: "parsed_details: dict[<type>, <type>] = ...")  [var-annotated]
apps/data_pipeline/management/commands/run_pipeline.py:14: error: Module "apps.data_pipeline.core.pipeline" has no attribute "DataPipeline"  [attr-defined]
apps/data_pipeline/management/commands/run_pipeline.py:15: error: Module "apps.data_pipeline.core.registry" has no attribute "TableRegistry"  [attr-defined]
apps/finance/services/invoice_service.py:319: error: "type[SeparatedPricingService]" has no attribute "get_course_price"  [attr-defined]
apps/finance/services/comprehensive_reconciliation_service.py:36: error: Invalid type alias: expression is not a valid type  [valid-type]
apps/finance/services/comprehensive_reconciliation_service.py:145: error: "TypeAliasType" has no attribute "objects"  [attr-defined]
apps/finance/services/comprehensive_reconciliation_service.py:146: error: "TypeAliasType" has no attribute "DoesNotExist"  [attr-defined]
apps/finance/services/comprehensive_reconciliation_service.py:147: error: "TypeAliasType" has no attribute "objects"  [attr-defined]
apps/finance/services/comprehensive_reconciliation_service.py:264: error: Unused "type: ignore" comment  [unused-ignore]
apps/finance/services/comprehensive_reconciliation_service.py:287: error: Unused "type: ignore" comment  [unused-ignore]
apps/finance/services/comprehensive_reconciliation_service.py:288: error: Unused "type: ignore" comment  [unused-ignore]
apps/finance/services/comprehensive_reconciliation_service.py:295: error: Unused "type: ignore" comment  [unused-ignore]
apps/finance/services/comprehensive_reconciliation_service.py:306: error: Unused "type: ignore" comment  [unused-ignore]
apps/finance/services/comprehensive_reconciliation_service.py:324: error: Incompatible return value type (got "tuple[str, Any]", expected "str")  [return-value]
apps/finance/services/comprehensive_reconciliation_service.py:326: error: Incompatible return value type (got "tuple[str, Any]", expected "str")  [return-value]
apps/finance/services/comprehensive_reconciliation_service.py:328: error: Incompatible return value type (got "tuple[str, Any]", expected "str")  [return-value]
apps/finance/services/comprehensive_reconciliation_service.py:330: error: Incompatible return value type (got "tuple[str, Any]", expected "str")  [return-value]
apps/finance/management/commands/transitional/reconstruct_ar_integrated.py:170: error: Variable "apps.finance.management.commands.transitional.reconstruct_ar_integrated.User" is not valid as a type  [valid-type]
apps/finance/management/commands/transitional/reconstruct_ar_integrated.py:170: note: See https://mypy.readthedocs.io/en/stable/common_issues.html#variables-vs-type-aliases
apps/finance/management/commands/transitional/reconstruct_ar_integrated.py:296: error: "object" has no attribute "append"  [attr-defined]
apps/finance/management/commands/transitional/reconstruct_ar_integrated.py:306: error: "object" has no attribute "append"  [attr-defined]
apps/finance/management/commands/transitional/reconstruct_ar_integrated.py:313: error: "object" has no attribute "append"  [attr-defined]
apps/finance/management/commands/transitional/reconstruct_ar_integrated.py:346: error: "type[SeparatedPricingService]" has no attribute "calculate_total_cost"  [attr-defined]
apps/finance/management/commands/transitional/reconstruct_ar_integrated.py:361: error: "object" has no attribute "append"  [attr-defined]
apps/finance/management/commands/transitional/reconstruct_ar_integrated.py:379: error: "object" has no attribute "append"  [attr-defined]
apps/finance/management/commands/transitional/reconstruct_ar_integrated.py:414: error: "object" has no attribute "append"  [attr-defined]
apps/enrollment/tests/integration/test_enrollment_workflows.py:28: error: Module "apps.academic.models" has no attribute "GradeRecord"  [attr-defined]
apps/enrollment/tests/integration/test_enrollment_workflows.py:30: error: Module "apps.accounts.tests.factories" has no attribute "UserFactory"; maybe "UserRoleFactory"?  [attr-defined]
apps/enrollment/tests/integration/test_enrollment_workflows.py:31: error: Module "apps.curriculum.tests.factories" has no attribute "CoursePrerequisiteFactory"  [attr-defined]
apps/enrollment/tests/integration/test_enrollment_workflows.py:31: error: Module "apps.curriculum.tests.factories" has no attribute "CycleFactory"  [attr-defined]
apps/enrollment/tests/integration/test_enrollment_workflows.py:31: error: Module "apps.curriculum.tests.factories" has no attribute "MajorFactory"  [attr-defined]
apps/enrollment/tests/integration/test_enrollment_workflows.py:41: error: Module "apps.enrollment.services" has no attribute "WaitlistService"  [attr-defined]
apps/enrollment/tests/integration/test_enrollment_workflows.py:49: error: Module "apps.enrollment.tests.factories" has no attribute "ProgramEnrollmentFactory"  [attr-defined]
apps/enrollment/tests/integration/test_enrollment_workflows.py:57: error: Module "apps.grading.models" has no attribute "Grade"  [attr-defined]
apps/enrollment/tests/integration/test_enrollment_workflows.py:58: error: Module "apps.grading.tests.factories" has no attribute "GradeFactory"; maybe "GradingScaleFactory"?  [attr-defined]
apps/enrollment/tests/integration/test_enrollment_workflows.py:60: error: Module "apps.scheduling.tests.factories" has no attribute "ClassSessionFactory"  [attr-defined]
apps/enrollment/tests/integration/test_enrollment_workflows.py:60: error: Module "apps.scheduling.tests.factories" has no attribute "TermFactory"  [attr-defined]
apps/scholarships/services/ngo_portal_service.py:247: error: Unsupported operand types for + ("Decimal" and "str")  [operator]
apps/scholarships/services/ngo_portal_service.py:247: note: Right operand is of type "Decimal | str | bool | None"
apps/scholarships/services/ngo_portal_service.py:250: error: "type[InvoiceService]" has no attribute "create_sponsor_invoice"  [attr-defined]
apps/scholarships/services/ngo_portal_service.py:301: error: "object" has no attribute "append"  [attr-defined]
apps/scholarships/services/ngo_portal_service.py:307: error: Unsupported operand types for + ("object" and "int")  [operator]
apps/scholarships/services/ngo_portal_service.py:319: error: Unsupported operand types for + ("object" and "int")  [operator]
apps/scholarships/services/ngo_portal_service.py:320: error: "object" has no attribute "append"  [attr-defined]
apps/scholarships/services/ngo_portal_service.py:323: error: "object" has no attribute "append"  [attr-defined]
apps/scholarships/services/ngo_portal_service.py:329: error: Unsupported operand types for + ("object" and "int")  [operator]
apps/scholarships/services/ngo_portal_service.py:331: error: "object" has no attribute "append"  [attr-defined]
apps/scholarships/services/ngo_portal_service.py:337: error: Unsupported operand types for + ("object" and "int")  [operator]
apps/level_testing/finance_integration.py:47: error: Module "apps.finance.services" has no attribute "ExternalTransactionService"; maybe "FinancialTransactionService"?  [attr-defined]
apps/finance/signals.py:69: error: "type" has no attribute "objects"  [attr-defined]
apps/finance/signals.py:71: error: "type" has no attribute "DoesNotExist"  [attr-defined]
apps/finance/signals.py:351: error: Variable "apps.finance.signals.User" is not valid as a type  [valid-type]
apps/finance/signals.py:351: note: See https://mypy.readthedocs.io/en/stable/common_issues.html#variables-vs-type-aliases
apps/finance/signals.py:374: error: User? has no attribute "email"  [attr-defined]
apps/finance/views/finance_dashboard.py:334: error: "FinancialReportService" has no attribute "get_revenue_by_type"  [attr-defined]
apps/finance/views/finance_dashboard.py:335: error: "FinancialReportService" has no attribute "get_revenue_by_program"  [attr-defined]
apps/finance/views/finance_dashboard.py:336: error: "FinancialReportService" has no attribute "get_revenue_by_payment_method"  [attr-defined]
apps/finance/views/finance_dashboard.py:337: error: "FinancialReportService" has no attribute "get_daily_revenue"  [attr-defined]
apps/finance/views/finance_dashboard.py:338: error: "FinancialReportService" has no attribute "get_top_revenue_courses"  [attr-defined]
apps/finance/tests/test_decimal_helpers.py:11: error: Module "apps.finance.services" has no attribute "FINANCIAL_PRECISION"  [attr-defined]
apps/finance/tests/test_decimal_helpers.py:11: error: Module "apps.finance.services" has no attribute "normalize_decimal"  [attr-defined]
apps/finance/tests/test_decimal_helpers.py:11: error: Module "apps.finance.services" has no attribute "safe_decimal_add"  [attr-defined]
apps/finance/tests/test_decimal_helpers.py:11: error: Module "apps.finance.services" has no attribute "safe_decimal_multiply"  [attr-defined]
apps/scholarships/finance_integration.py:25: error: Module "apps.scholarships.services" has no attribute "ScholarshipCalculationService"  [attr-defined]
apps/scholarships/tests/test_services.py:13: error: Module "apps.scholarships.services" has no attribute "ScholarshipCalculationService"  [attr-defined]
apps/scholarships/tests/test_services.py:13: error: Module "apps.scholarships.services" has no attribute "ScholarshipEligibilityService"  [attr-defined]
apps/scholarships/tests/test_services.py:13: error: Module "apps.scholarships.services" has no attribute "ScholarshipReportingService"; maybe "ScholarshipImportService"?  [attr-defined]
api/tests/test_api_contracts.py:31: error: Module "apps.academic.models" has no attribute "Term"  [attr-defined]
api/tests/test_api_contracts.py:33: error: Module "apps.curriculum.models" has no attribute "Program"  [attr-defined]
Found 661 errors in 155 files (checked 1239 source files)
